{"D:\\Project-Fusion\\constants.js": {"path":"D:\\Project-Fusion\\constants.js","statementMap":{"0":{"start":{"line":8,"column":27},"end":{"line":15,"column":1}},"1":{"start":{"line":17,"column":22},"end":{"line":21,"column":1}},"2":{"start":{"line":23,"column":19},"end":{"line":27,"column":1}},"3":{"start":{"line":29,"column":15},"end":{"line":36,"column":1}},"4":{"start":{"line":38,"column":0},"end":{"line":43,"column":2}}},"fnMap":{},"branchMap":{},"s":{"0":1,"1":1,"2":1,"3":1,"4":1},"f":{},"b":{},"_coverageSchema":"1a1c01bbd47fc00a2c39e90264f33305004495a9","hash":"135b3c64c5a994c35c96079b1b65cba54a9e871f"}
,"D:\\Project-Fusion\\logger.js": {"path":"D:\\Project-Fusion\\logger.js","statementMap":{"0":{"start":{"line":8,"column":13},"end":{"line":8,"column":28}},"1":{"start":{"line":10,"column":15},"end":{"line":31,"column":2}},"2":{"start":{"line":33,"column":0},"end":{"line":33,"column":24}}},"fnMap":{},"branchMap":{"0":{"loc":{"start":{"line":11,"column":11},"end":{"line":11,"column":42}},"type":"binary-expr","locations":[{"start":{"line":11,"column":11},"end":{"line":11,"column":32}},{"start":{"line":11,"column":36},"end":{"line":11,"column":42}}],"line":11},"1":{"loc":{"start":{"line":25,"column":8},"end":{"line":30,"column":23}},"type":"cond-expr","locations":[{"start":{"line":26,"column":14},"end":{"line":29,"column":15}},{"start":{"line":30,"column":14},"end":{"line":30,"column":23}}],"line":25}},"s":{"0":0,"1":0,"2":0},"f":{},"b":{"0":[0,0],"1":[0,0]}}
,"D:\\Project-Fusion\\policyEngine.js": {"path":"D:\\Project-Fusion\\policyEngine.js","statementMap":{"0":{"start":{"line":3,"column":15},"end":{"line":3,"column":32}},"1":{"start":{"line":7,"column":19},"end":{"line":7,"column":29}},"2":{"start":{"line":8,"column":20},"end":{"line":8,"column":55}},"3":{"start":{"line":11,"column":4},"end":{"line":17,"column":5}},"4":{"start":{"line":15,"column":8},"end":{"line":15,"column":30}},"5":{"start":{"line":16,"column":8},"end":{"line":16,"column":74}},"6":{"start":{"line":20,"column":4},"end":{"line":23,"column":5}},"7":{"start":{"line":21,"column":8},"end":{"line":21,"column":30}},"8":{"start":{"line":22,"column":8},"end":{"line":22,"column":68}},"9":{"start":{"line":31,"column":21},"end":{"line":31,"column":40}},"10":{"start":{"line":32,"column":23},"end":{"line":32,"column":47}},"11":{"start":{"line":33,"column":23},"end":{"line":33,"column":73}},"12":{"start":{"line":38,"column":8},"end":{"line":45,"column":18}},"13":{"start":{"line":47,"column":22},"end":{"line":50,"column":22}},"14":{"start":{"line":52,"column":4},"end":{"line":80,"column":6}},"15":{"start":{"line":83,"column":0},"end":{"line":83,"column":36}}},"fnMap":{"0":{"name":"evaluatePolicy","decl":{"start":{"line":5,"column":9},"end":{"line":5,"column":23}},"loc":{"start":{"line":5,"column":51},"end":{"line":81,"column":1}},"line":5}},"branchMap":{"0":{"loc":{"start":{"line":11,"column":4},"end":{"line":17,"column":5}},"type":"if","locations":[{"start":{"line":11,"column":4},"end":{"line":17,"column":5}},{"start":{},"end":{}}],"line":11},"1":{"loc":{"start":{"line":12,"column":8},"end":{"line":13,"column":60}},"type":"binary-expr","locations":[{"start":{"line":12,"column":8},"end":{"line":12,"column":46}},{"start":{"line":13,"column":8},"end":{"line":13,"column":60}}],"line":12},"2":{"loc":{"start":{"line":20,"column":4},"end":{"line":23,"column":5}},"type":"if","locations":[{"start":{"line":20,"column":4},"end":{"line":23,"column":5}},{"start":{},"end":{}}],"line":20},"3":{"loc":{"start":{"line":62,"column":21},"end":{"line":62,"column":68}},"type":"cond-expr","locations":[{"start":{"line":62,"column":47},"end":{"line":62,"column":57}},{"start":{"line":62,"column":60},"end":{"line":62,"column":68}}],"line":62}},"s":{"0":1,"1":2,"2":2,"3":2,"4":0,"5":0,"6":2,"7":1,"8":1,"9":2,"10":2,"11":2,"12":2,"13":2,"14":2,"15":1},"f":{"0":2},"b":{"0":[0,2],"1":[2,0],"2":[1,1],"3":[1,1]},"_coverageSchema":"1a1c01bbd47fc00a2c39e90264f33305004495a9","hash":"cfac4a591957499a56c251c45b53a3a5406ec20b"}
,"D:\\Project-Fusion\\server.js": {"path":"D:\\Project-Fusion\\server.js","statementMap":{"0":{"start":{"line":3,"column":16},"end":{"line":3,"column":34}},"1":{"start":{"line":4,"column":13},"end":{"line":4,"column":28}},"2":{"start":{"line":5,"column":17},"end":{"line":5,"column":30}},"3":{"start":{"line":6,"column":14},"end":{"line":6,"column":30}},"4":{"start":{"line":7,"column":15},"end":{"line":7,"column":32}},"5":{"start":{"line":8,"column":13},"end":{"line":8,"column":28}},"6":{"start":{"line":9,"column":11},"end":{"line":9,"column":24}},"7":{"start":{"line":10,"column":15},"end":{"line":10,"column":34}},"8":{"start":{"line":12,"column":21},"end":{"line":14,"column":2}},"9":{"start":{"line":16,"column":0},"end":{"line":19,"column":1}},"10":{"start":{"line":17,"column":4},"end":{"line":17,"column":64}},"11":{"start":{"line":18,"column":4},"end":{"line":18,"column":20}},"12":{"start":{"line":21,"column":27},"end":{"line":21,"column":52}},"13":{"start":{"line":22,"column":34},"end":{"line":22,"column":73}},"14":{"start":{"line":23,"column":34},"end":{"line":23,"column":70}},"15":{"start":{"line":24,"column":31},"end":{"line":24,"column":69}},"16":{"start":{"line":25,"column":19},"end":{"line":25,"column":41}},"17":{"start":{"line":26,"column":18},"end":{"line":26,"column":47}},"18":{"start":{"line":31,"column":4},"end":{"line":31,"column":27}},"19":{"start":{"line":33,"column":12},"end":{"line":33,"column":21}},"20":{"start":{"line":34,"column":0},"end":{"line":34,"column":16}},"21":{"start":{"line":35,"column":0},"end":{"line":35,"column":24}},"22":{"start":{"line":36,"column":13},"end":{"line":36,"column":37}},"23":{"start":{"line":39,"column":19},"end":{"line":48,"column":2}},"24":{"start":{"line":51,"column":24},"end":{"line":60,"column":1}},"25":{"start":{"line":51,"column":36},"end":{"line":60,"column":1}},"26":{"start":{"line":52,"column":22},"end":{"line":52,"column":70}},"27":{"start":{"line":53,"column":4},"end":{"line":58,"column":5}},"28":{"start":{"line":54,"column":8},"end":{"line":57,"column":11}},"29":{"start":{"line":56,"column":46},"end":{"line":56,"column":55}},"30":{"start":{"line":59,"column":4},"end":{"line":59,"column":11}},"31":{"start":{"line":63,"column":13},"end":{"line":69,"column":2}},"32":{"start":{"line":71,"column":0},"end":{"line":81,"column":5}},"33":{"start":{"line":72,"column":4},"end":{"line":80,"column":5}},"34":{"start":{"line":73,"column":23},"end":{"line":73,"column":43}},"35":{"start":{"line":74,"column":8},"end":{"line":74,"column":46}},"36":{"start":{"line":75,"column":20},"end":{"line":75,"column":54}},"37":{"start":{"line":76,"column":8},"end":{"line":76,"column":58}},"38":{"start":{"line":77,"column":8},"end":{"line":77,"column":25}},"39":{"start":{"line":79,"column":8},"end":{"line":79,"column":57}},"40":{"start":{"line":84,"column":0},"end":{"line":84,"column":78}},"41":{"start":{"line":84,"column":27},"end":{"line":84,"column":76}},"42":{"start":{"line":91,"column":0},"end":{"line":93,"column":3}},"43":{"start":{"line":92,"column":4},"end":{"line":92,"column":85}},"44":{"start":{"line":96,"column":0},"end":{"line":115,"column":3}},"45":{"start":{"line":97,"column":19},"end":{"line":102,"column":5}},"46":{"start":{"line":105,"column":4},"end":{"line":111,"column":5}},"47":{"start":{"line":106,"column":8},"end":{"line":106,"column":37}},"48":{"start":{"line":107,"column":8},"end":{"line":107,"column":56}},"49":{"start":{"line":109,"column":8},"end":{"line":109,"column":35}},"50":{"start":{"line":110,"column":8},"end":{"line":110,"column":78}},"51":{"start":{"line":113,"column":23},"end":{"line":113,"column":62}},"52":{"start":{"line":114,"column":4},"end":{"line":114,"column":40}},"53":{"start":{"line":118,"column":15},"end":{"line":118,"column":37}},"54":{"start":{"line":119,"column":17},"end":{"line":119,"column":38}},"55":{"start":{"line":122,"column":0},"end":{"line":122,"column":62}},"56":{"start":{"line":125,"column":40},"end":{"line":130,"column":2}},"57":{"start":{"line":132,"column":27},"end":{"line":136,"column":2}},"58":{"start":{"line":138,"column":0},"end":{"line":138,"column":57}},"59":{"start":{"line":139,"column":0},"end":{"line":139,"column":44}},"60":{"start":{"line":142,"column":0},"end":{"line":156,"column":3}},"61":{"start":{"line":143,"column":18},"end":{"line":143,"column":34}},"62":{"start":{"line":144,"column":4},"end":{"line":154,"column":7}},"63":{"start":{"line":145,"column":25},"end":{"line":145,"column":46}},"64":{"start":{"line":146,"column":34},"end":{"line":146,"column":65}},"65":{"start":{"line":149,"column":8},"end":{"line":153,"column":9}},"66":{"start":{"line":150,"column":12},"end":{"line":152,"column":44}},"67":{"start":{"line":155,"column":4},"end":{"line":155,"column":11}},"68":{"start":{"line":160,"column":4},"end":{"line":160,"column":45}},"69":{"start":{"line":164,"column":0},"end":{"line":167,"column":3}},"70":{"start":{"line":165,"column":4},"end":{"line":165,"column":50}},"71":{"start":{"line":166,"column":4},"end":{"line":166,"column":38}},"72":{"start":{"line":170,"column":0},"end":{"line":197,"column":3}},"73":{"start":{"line":171,"column":4},"end":{"line":196,"column":5}},"74":{"start":{"line":172,"column":34},"end":{"line":172,"column":44}},"75":{"start":{"line":174,"column":28},"end":{"line":177,"column":9}},"76":{"start":{"line":179,"column":8},"end":{"line":181,"column":9}},"77":{"start":{"line":180,"column":12},"end":{"line":180,"column":76}},"78":{"start":{"line":183,"column":20},"end":{"line":183,"column":39}},"79":{"start":{"line":186,"column":8},"end":{"line":193,"column":11}},"80":{"start":{"line":195,"column":8},"end":{"line":195,"column":52}},"81":{"start":{"line":200,"column":27},"end":{"line":225,"column":1}},"82":{"start":{"line":203,"column":23},"end":{"line":203,"column":60}},"83":{"start":{"line":205,"column":4},"end":{"line":214,"column":5}},"84":{"start":{"line":206,"column":21},"end":{"line":206,"column":52}},"85":{"start":{"line":207,"column":8},"end":{"line":213,"column":9}},"86":{"start":{"line":208,"column":12},"end":{"line":208,"column":75}},"87":{"start":{"line":209,"column":12},"end":{"line":212,"column":15}},"88":{"start":{"line":217,"column":22},"end":{"line":217,"column":46}},"89":{"start":{"line":218,"column":4},"end":{"line":223,"column":5}},"90":{"start":{"line":219,"column":8},"end":{"line":222,"column":11}},"91":{"start":{"line":224,"column":4},"end":{"line":224,"column":11}},"92":{"start":{"line":228,"column":0},"end":{"line":228,"column":49}},"93":{"start":{"line":234,"column":25},"end":{"line":259,"column":1}},"94":{"start":{"line":235,"column":16},"end":{"line":235,"column":48}},"95":{"start":{"line":236,"column":4},"end":{"line":242,"column":5}},"96":{"start":{"line":237,"column":8},"end":{"line":237,"column":65}},"97":{"start":{"line":238,"column":8},"end":{"line":241,"column":11}},"98":{"start":{"line":244,"column":4},"end":{"line":258,"column":5}},"99":{"start":{"line":245,"column":23},"end":{"line":248,"column":9}},"100":{"start":{"line":249,"column":8},"end":{"line":252,"column":9}},"101":{"start":{"line":250,"column":12},"end":{"line":250,"column":82}},"102":{"start":{"line":251,"column":12},"end":{"line":251,"column":70}},"103":{"start":{"line":253,"column":8},"end":{"line":253,"column":33}},"104":{"start":{"line":254,"column":8},"end":{"line":254,"column":15}},"105":{"start":{"line":256,"column":8},"end":{"line":256,"column":55}},"106":{"start":{"line":257,"column":8},"end":{"line":257,"column":15}},"107":{"start":{"line":267,"column":4},"end":{"line":280,"column":5}},"108":{"start":{"line":271,"column":12},"end":{"line":271,"column":57}},"109":{"start":{"line":273,"column":12},"end":{"line":273,"column":60}},"110":{"start":{"line":275,"column":12},"end":{"line":275,"column":60}},"111":{"start":{"line":277,"column":12},"end":{"line":277,"column":57}},"112":{"start":{"line":279,"column":12},"end":{"line":279,"column":68}},"113":{"start":{"line":286,"column":28},"end":{"line":293,"column":5}},"114":{"start":{"line":296,"column":4},"end":{"line":296,"column":72}},"115":{"start":{"line":297,"column":4},"end":{"line":297,"column":58}},"116":{"start":{"line":299,"column":4},"end":{"line":299,"column":27}},"117":{"start":{"line":305,"column":21},"end":{"line":305,"column":40}},"118":{"start":{"line":306,"column":21},"end":{"line":306,"column":40}},"119":{"start":{"line":307,"column":22},"end":{"line":307,"column":46}},"120":{"start":{"line":311,"column":22},"end":{"line":313,"column":5}},"121":{"start":{"line":314,"column":19},"end":{"line":314,"column":86}},"122":{"start":{"line":318,"column":21},"end":{"line":318,"column":107}},"123":{"start":{"line":319,"column":18},"end":{"line":319,"column":76}},"124":{"start":{"line":321,"column":4},"end":{"line":325,"column":6}},"125":{"start":{"line":329,"column":21},"end":{"line":329,"column":108}},"126":{"start":{"line":330,"column":18},"end":{"line":330,"column":76}},"127":{"start":{"line":332,"column":4},"end":{"line":336,"column":6}},"128":{"start":{"line":338,"column":4},"end":{"line":338,"column":98}},"129":{"start":{"line":343,"column":24},"end":{"line":350,"column":5}},"130":{"start":{"line":352,"column":42},"end":{"line":352,"column":61}},"131":{"start":{"line":354,"column":4},"end":{"line":358,"column":5}},"132":{"start":{"line":355,"column":8},"end":{"line":357,"column":10}},"133":{"start":{"line":359,"column":4},"end":{"line":359,"column":16}},"134":{"start":{"line":369,"column":0},"end":{"line":404,"column":2}},"135":{"start":{"line":374,"column":8},"end":{"line":402,"column":9}},"136":{"start":{"line":375,"column":69},"end":{"line":375,"column":77}},"137":{"start":{"line":376,"column":34},"end":{"line":376,"column":53}},"138":{"start":{"line":378,"column":35},"end":{"line":382,"column":13}},"139":{"start":{"line":384,"column":33},"end":{"line":388,"column":13}},"140":{"start":{"line":391,"column":12},"end":{"line":396,"column":13}},"141":{"start":{"line":392,"column":16},"end":{"line":395,"column":18}},"142":{"start":{"line":398,"column":12},"end":{"line":398,"column":35}},"143":{"start":{"line":400,"column":12},"end":{"line":400,"column":31}},"144":{"start":{"line":401,"column":12},"end":{"line":401,"column":49}},"145":{"start":{"line":407,"column":0},"end":{"line":473,"column":3}},"146":{"start":{"line":408,"column":19},"end":{"line":408,"column":39}},"147":{"start":{"line":409,"column":4},"end":{"line":472,"column":5}},"148":{"start":{"line":410,"column":34},"end":{"line":410,"column":42}},"149":{"start":{"line":411,"column":23},"end":{"line":413,"column":10}},"150":{"start":{"line":414,"column":8},"end":{"line":414,"column":90}},"151":{"start":{"line":414,"column":38},"end":{"line":414,"column":90}},"152":{"start":{"line":415,"column":20},"end":{"line":415,"column":34}},"153":{"start":{"line":418,"column":23},"end":{"line":418,"column":70}},"154":{"start":{"line":420,"column":8},"end":{"line":461,"column":9}},"155":{"start":{"line":422,"column":12},"end":{"line":422,"column":40}},"156":{"start":{"line":425,"column":24},"end":{"line":429,"column":13}},"157":{"start":{"line":432,"column":12},"end":{"line":435,"column":13}},"158":{"start":{"line":433,"column":16},"end":{"line":433,"column":47}},"159":{"start":{"line":434,"column":16},"end":{"line":434,"column":86}},"160":{"start":{"line":438,"column":12},"end":{"line":442,"column":14}},"161":{"start":{"line":445,"column":12},"end":{"line":448,"column":14}},"162":{"start":{"line":450,"column":12},"end":{"line":450,"column":41}},"163":{"start":{"line":452,"column":12},"end":{"line":452,"column":80}},"164":{"start":{"line":455,"column":12},"end":{"line":458,"column":14}},"165":{"start":{"line":460,"column":12},"end":{"line":460,"column":80}},"166":{"start":{"line":463,"column":8},"end":{"line":467,"column":9}},"167":{"start":{"line":464,"column":12},"end":{"line":464,"column":43}},"168":{"start":{"line":466,"column":12},"end":{"line":466,"column":58}},"169":{"start":{"line":468,"column":8},"end":{"line":468,"column":44}},"170":{"start":{"line":469,"column":8},"end":{"line":469,"column":45}},"171":{"start":{"line":471,"column":8},"end":{"line":471,"column":25}},"172":{"start":{"line":478,"column":0},"end":{"line":511,"column":3}},"173":{"start":{"line":479,"column":4},"end":{"line":510,"column":5}},"174":{"start":{"line":480,"column":34},"end":{"line":480,"column":42}},"175":{"start":{"line":481,"column":23},"end":{"line":483,"column":10}},"176":{"start":{"line":484,"column":20},"end":{"line":484,"column":34}},"177":{"start":{"line":486,"column":8},"end":{"line":487,"column":86}},"178":{"start":{"line":487,"column":12},"end":{"line":487,"column":86}},"179":{"start":{"line":490,"column":26},"end":{"line":490,"column":41}},"180":{"start":{"line":492,"column":8},"end":{"line":497,"column":87}},"181":{"start":{"line":492,"column":42},"end":{"line":492,"column":80}},"182":{"start":{"line":493,"column":13},"end":{"line":497,"column":87}},"183":{"start":{"line":494,"column":12},"end":{"line":494,"column":53}},"184":{"start":{"line":495,"column":13},"end":{"line":497,"column":87}},"185":{"start":{"line":495,"column":49},"end":{"line":495,"column":86}},"186":{"start":{"line":496,"column":13},"end":{"line":497,"column":87}},"187":{"start":{"line":496,"column":41},"end":{"line":496,"column":72}},"188":{"start":{"line":497,"column":13},"end":{"line":497,"column":87}},"189":{"start":{"line":497,"column":56},"end":{"line":497,"column":87}},"190":{"start":{"line":499,"column":8},"end":{"line":502,"column":10}},"191":{"start":{"line":505,"column":8},"end":{"line":505,"column":96}},"192":{"start":{"line":507,"column":8},"end":{"line":507,"column":94}},"193":{"start":{"line":509,"column":8},"end":{"line":509,"column":52}},"194":{"start":{"line":514,"column":0},"end":{"line":678,"column":2}},"195":{"start":{"line":521,"column":23},"end":{"line":521,"column":43}},"196":{"start":{"line":522,"column":8},"end":{"line":531,"column":9}},"197":{"start":{"line":523,"column":38},"end":{"line":523,"column":46}},"198":{"start":{"line":524,"column":27},"end":{"line":527,"column":13}},"199":{"start":{"line":528,"column":12},"end":{"line":528,"column":33}},"200":{"start":{"line":530,"column":12},"end":{"line":530,"column":29}},"201":{"start":{"line":533,"column":8},"end":{"line":536,"column":9}},"202":{"start":{"line":535,"column":12},"end":{"line":535,"column":76}},"203":{"start":{"line":538,"column":8},"end":{"line":543,"column":9}},"204":{"start":{"line":539,"column":12},"end":{"line":542,"column":15}},"205":{"start":{"line":545,"column":43},"end":{"line":545,"column":51}},"206":{"start":{"line":547,"column":8},"end":{"line":676,"column":9}},"207":{"start":{"line":548,"column":12},"end":{"line":548,"column":80}},"208":{"start":{"line":553,"column":12},"end":{"line":576,"column":13}},"209":{"start":{"line":555,"column":16},"end":{"line":555,"column":67}},"210":{"start":{"line":556,"column":16},"end":{"line":556,"column":80}},"211":{"start":{"line":559,"column":16},"end":{"line":571,"column":17}},"212":{"start":{"line":561,"column":41},"end":{"line":561,"column":61}},"213":{"start":{"line":562,"column":20},"end":{"line":569,"column":21}},"214":{"start":{"line":563,"column":24},"end":{"line":566,"column":26}},"215":{"start":{"line":568,"column":24},"end":{"line":568,"column":47}},"216":{"start":{"line":570,"column":20},"end":{"line":570,"column":98}},"217":{"start":{"line":573,"column":16},"end":{"line":573,"column":93}},"218":{"start":{"line":575,"column":16},"end":{"line":575,"column":80}},"219":{"start":{"line":579,"column":32},"end":{"line":579,"column":52}},"220":{"start":{"line":580,"column":12},"end":{"line":669,"column":13}},"221":{"start":{"line":581,"column":16},"end":{"line":581,"column":49}},"222":{"start":{"line":583,"column":16},"end":{"line":617,"column":17}},"223":{"start":{"line":585,"column":20},"end":{"line":592,"column":22}},"224":{"start":{"line":593,"column":20},"end":{"line":593,"column":99}},"225":{"start":{"line":596,"column":20},"end":{"line":596,"column":90}},"226":{"start":{"line":599,"column":20},"end":{"line":602,"column":22}},"227":{"start":{"line":604,"column":20},"end":{"line":604,"column":54}},"228":{"start":{"line":605,"column":20},"end":{"line":605,"column":90}},"229":{"start":{"line":606,"column":20},"end":{"line":606,"column":62}},"230":{"start":{"line":609,"column":20},"end":{"line":612,"column":22}},"231":{"start":{"line":614,"column":20},"end":{"line":614,"column":54}},"232":{"start":{"line":615,"column":20},"end":{"line":615,"column":88}},"233":{"start":{"line":616,"column":20},"end":{"line":616,"column":61}},"234":{"start":{"line":620,"column":16},"end":{"line":626,"column":19}},"235":{"start":{"line":628,"column":37},"end":{"line":634,"column":17}},"236":{"start":{"line":636,"column":16},"end":{"line":641,"column":17}},"237":{"start":{"line":637,"column":20},"end":{"line":640,"column":22}},"238":{"start":{"line":643,"column":16},"end":{"line":643,"column":39}},"239":{"start":{"line":645,"column":16},"end":{"line":645,"column":52}},"240":{"start":{"line":646,"column":16},"end":{"line":646,"column":96}},"241":{"start":{"line":649,"column":16},"end":{"line":659,"column":17}},"242":{"start":{"line":650,"column":20},"end":{"line":653,"column":22}},"243":{"start":{"line":654,"column":20},"end":{"line":656,"column":22}},"244":{"start":{"line":658,"column":20},"end":{"line":658,"column":75}},"245":{"start":{"line":661,"column":16},"end":{"line":666,"column":19}},"246":{"start":{"line":668,"column":16},"end":{"line":668,"column":38}},"247":{"start":{"line":671,"column":12},"end":{"line":671,"column":98}},"248":{"start":{"line":672,"column":12},"end":{"line":675,"column":15}},"249":{"start":{"line":681,"column":0},"end":{"line":740,"column":10}},"250":{"start":{"line":682,"column":4},"end":{"line":682,"column":71}},"251":{"start":{"line":683,"column":4},"end":{"line":739,"column":5}},"252":{"start":{"line":684,"column":22},"end":{"line":688,"column":10}},"253":{"start":{"line":690,"column":8},"end":{"line":735,"column":9}},"254":{"start":{"line":691,"column":23},"end":{"line":691,"column":41}},"255":{"start":{"line":692,"column":29},"end":{"line":692,"column":51}},"256":{"start":{"line":694,"column":12},"end":{"line":703,"column":13}},"257":{"start":{"line":695,"column":16},"end":{"line":697,"column":18}},"258":{"start":{"line":698,"column":16},"end":{"line":701,"column":18}},"259":{"start":{"line":702,"column":16},"end":{"line":702,"column":25}},"260":{"start":{"line":705,"column":12},"end":{"line":705,"column":96}},"261":{"start":{"line":707,"column":12},"end":{"line":734,"column":13}},"262":{"start":{"line":708,"column":31},"end":{"line":708,"column":97}},"263":{"start":{"line":709,"column":16},"end":{"line":727,"column":17}},"264":{"start":{"line":710,"column":20},"end":{"line":713,"column":22}},"265":{"start":{"line":714,"column":20},"end":{"line":714,"column":72}},"266":{"start":{"line":715,"column":23},"end":{"line":727,"column":17}},"267":{"start":{"line":716,"column":20},"end":{"line":719,"column":22}},"268":{"start":{"line":720,"column":20},"end":{"line":720,"column":71}},"269":{"start":{"line":722,"column":20},"end":{"line":725,"column":22}},"270":{"start":{"line":726,"column":20},"end":{"line":726,"column":97}},"271":{"start":{"line":729,"column":16},"end":{"line":729,"column":100}},"272":{"start":{"line":730,"column":16},"end":{"line":733,"column":18}},"273":{"start":{"line":737,"column":8},"end":{"line":737,"column":91}},"274":{"start":{"line":746,"column":0},"end":{"line":786,"column":3}},"275":{"start":{"line":747,"column":4},"end":{"line":785,"column":5}},"276":{"start":{"line":748,"column":31},"end":{"line":748,"column":40}},"277":{"start":{"line":751,"column":23},"end":{"line":754,"column":9}},"278":{"start":{"line":757,"column":30},"end":{"line":772,"column":11}},"279":{"start":{"line":757,"column":56},"end":{"line":772,"column":9}},"280":{"start":{"line":774,"column":8},"end":{"line":781,"column":11}},"281":{"start":{"line":783,"column":8},"end":{"line":783,"column":53}},"282":{"start":{"line":784,"column":8},"end":{"line":784,"column":68}},"283":{"start":{"line":790,"column":21},"end":{"line":796,"column":1}},"284":{"start":{"line":798,"column":0},"end":{"line":805,"column":3}},"285":{"start":{"line":799,"column":4},"end":{"line":801,"column":6}},"286":{"start":{"line":802,"column":4},"end":{"line":802,"column":96}},"287":{"start":{"line":803,"column":4},"end":{"line":803,"column":85}},"288":{"start":{"line":804,"column":4},"end":{"line":804,"column":75}}},"fnMap":{"0":{"name":"(anonymous_0)","decl":{"start":{"line":51,"column":24},"end":{"line":51,"column":25}},"loc":{"start":{"line":51,"column":36},"end":{"line":60,"column":1}},"line":51},"1":{"name":"(anonymous_1)","decl":{"start":{"line":51,"column":36},"end":{"line":51,"column":37}},"loc":{"start":{"line":51,"column":56},"end":{"line":60,"column":1}},"line":51},"2":{"name":"(anonymous_2)","decl":{"start":{"line":56,"column":39},"end":{"line":56,"column":40}},"loc":{"start":{"line":56,"column":46},"end":{"line":56,"column":55}},"line":56},"3":{"name":"(anonymous_3)","decl":{"start":{"line":71,"column":1},"end":{"line":71,"column":2}},"loc":{"start":{"line":71,"column":13},"end":{"line":81,"column":1}},"line":71},"4":{"name":"(anonymous_4)","decl":{"start":{"line":84,"column":13},"end":{"line":84,"column":14}},"loc":{"start":{"line":84,"column":27},"end":{"line":84,"column":76}},"line":84},"5":{"name":"(anonymous_5)","decl":{"start":{"line":91,"column":19},"end":{"line":91,"column":20}},"loc":{"start":{"line":91,"column":33},"end":{"line":93,"column":1}},"line":91},"6":{"name":"(anonymous_6)","decl":{"start":{"line":96,"column":28},"end":{"line":96,"column":29}},"loc":{"start":{"line":96,"column":48},"end":{"line":115,"column":1}},"line":96},"7":{"name":"(anonymous_7)","decl":{"start":{"line":142,"column":8},"end":{"line":142,"column":9}},"loc":{"start":{"line":142,"column":28},"end":{"line":156,"column":1}},"line":142},"8":{"name":"(anonymous_8)","decl":{"start":{"line":144,"column":21},"end":{"line":144,"column":22}},"loc":{"start":{"line":144,"column":27},"end":{"line":154,"column":5}},"line":144},"9":{"name":"trackTransaction","decl":{"start":{"line":159,"column":9},"end":{"line":159,"column":25}},"loc":{"start":{"line":159,"column":52},"end":{"line":161,"column":1}},"line":159},"10":{"name":"(anonymous_10)","decl":{"start":{"line":164,"column":20},"end":{"line":164,"column":21}},"loc":{"start":{"line":164,"column":40},"end":{"line":167,"column":1}},"line":164},"11":{"name":"(anonymous_11)","decl":{"start":{"line":170,"column":51},"end":{"line":170,"column":52}},"loc":{"start":{"line":170,"column":71},"end":{"line":197,"column":1}},"line":170},"12":{"name":"(anonymous_12)","decl":{"start":{"line":200,"column":27},"end":{"line":200,"column":28}},"loc":{"start":{"line":200,"column":47},"end":{"line":225,"column":1}},"line":200},"13":{"name":"(anonymous_13)","decl":{"start":{"line":234,"column":25},"end":{"line":234,"column":26}},"loc":{"start":{"line":234,"column":51},"end":{"line":259,"column":1}},"line":234},"14":{"name":"executeAdapter","decl":{"start":{"line":266,"column":15},"end":{"line":266,"column":29}},"loc":{"start":{"line":266,"column":56},"end":{"line":281,"column":1}},"line":266},"15":{"name":"notarizeToGovernance","decl":{"start":{"line":284,"column":15},"end":{"line":284,"column":35}},"loc":{"start":{"line":284,"column":56},"end":{"line":300,"column":1}},"line":284},"16":{"name":"writeLedger","decl":{"start":{"line":304,"column":15},"end":{"line":304,"column":26}},"loc":{"start":{"line":304,"column":87},"end":{"line":339,"column":1}},"line":304},"17":{"name":"verifyLedgerIntegrity","decl":{"start":{"line":342,"column":15},"end":{"line":342,"column":36}},"loc":{"start":{"line":342,"column":70},"end":{"line":360,"column":1}},"line":342},"18":{"name":"(anonymous_18)","decl":{"start":{"line":373,"column":4},"end":{"line":373,"column":5}},"loc":{"start":{"line":373,"column":24},"end":{"line":403,"column":5}},"line":373},"19":{"name":"(anonymous_19)","decl":{"start":{"line":407,"column":71},"end":{"line":407,"column":72}},"loc":{"start":{"line":407,"column":91},"end":{"line":473,"column":1}},"line":407},"20":{"name":"(anonymous_20)","decl":{"start":{"line":478,"column":75},"end":{"line":478,"column":76}},"loc":{"start":{"line":478,"column":95},"end":{"line":511,"column":1}},"line":478},"21":{"name":"(anonymous_21)","decl":{"start":{"line":518,"column":4},"end":{"line":518,"column":5}},"loc":{"start":{"line":518,"column":24},"end":{"line":677,"column":5}},"line":518},"22":{"name":"(anonymous_22)","decl":{"start":{"line":681,"column":12},"end":{"line":681,"column":13}},"loc":{"start":{"line":681,"column":24},"end":{"line":740,"column":1}},"line":681},"23":{"name":"(anonymous_23)","decl":{"start":{"line":746,"column":24},"end":{"line":746,"column":25}},"loc":{"start":{"line":746,"column":44},"end":{"line":786,"column":1}},"line":746},"24":{"name":"(anonymous_24)","decl":{"start":{"line":757,"column":46},"end":{"line":757,"column":47}},"loc":{"start":{"line":757,"column":56},"end":{"line":772,"column":9}},"line":757},"25":{"name":"(anonymous_25)","decl":{"start":{"line":798,"column":51},"end":{"line":798,"column":52}},"loc":{"start":{"line":798,"column":57},"end":{"line":805,"column":1}},"line":798}},"branchMap":{"0":{"loc":{"start":{"line":16,"column":0},"end":{"line":19,"column":1}},"type":"if","locations":[{"start":{"line":16,"column":0},"end":{"line":19,"column":1}},{"start":{},"end":{}}],"line":16},"1":{"loc":{"start":{"line":36,"column":13},"end":{"line":36,"column":37}},"type":"binary-expr","locations":[{"start":{"line":36,"column":13},"end":{"line":36,"column":29}},{"start":{"line":36,"column":33},"end":{"line":36,"column":37}}],"line":36},"2":{"loc":{"start":{"line":53,"column":4},"end":{"line":58,"column":5}},"type":"if","locations":[{"start":{"line":53,"column":4},"end":{"line":58,"column":5}},{"start":{},"end":{}}],"line":53},"3":{"loc":{"start":{"line":113,"column":23},"end":{"line":113,"column":62}},"type":"cond-expr","locations":[{"start":{"line":113,"column":53},"end":{"line":113,"column":56}},{"start":{"line":113,"column":59},"end":{"line":113,"column":62}}],"line":113},"4":{"loc":{"start":{"line":149,"column":8},"end":{"line":153,"column":9}},"type":"if","locations":[{"start":{"line":149,"column":8},"end":{"line":153,"column":9}},{"start":{},"end":{}}],"line":149},"5":{"loc":{"start":{"line":151,"column":36},"end":{"line":151,"column":73}},"type":"cond-expr","locations":[{"start":{"line":151,"column":48},"end":{"line":151,"column":62}},{"start":{"line":151,"column":65},"end":{"line":151,"column":73}}],"line":151},"6":{"loc":{"start":{"line":159,"column":34},"end":{"line":159,"column":50}},"type":"default-arg","locations":[{"start":{"line":159,"column":41},"end":{"line":159,"column":50}}],"line":159},"7":{"loc":{"start":{"line":179,"column":8},"end":{"line":181,"column":9}},"type":"if","locations":[{"start":{"line":179,"column":8},"end":{"line":181,"column":9}},{"start":{},"end":{}}],"line":179},"8":{"loc":{"start":{"line":205,"column":4},"end":{"line":214,"column":5}},"type":"if","locations":[{"start":{"line":205,"column":4},"end":{"line":214,"column":5}},{"start":{},"end":{}}],"line":205},"9":{"loc":{"start":{"line":205,"column":8},"end":{"line":205,"column":55}},"type":"binary-expr","locations":[{"start":{"line":205,"column":8},"end":{"line":205,"column":40}},{"start":{"line":205,"column":44},"end":{"line":205,"column":55}}],"line":205},"10":{"loc":{"start":{"line":207,"column":8},"end":{"line":213,"column":9}},"type":"if","locations":[{"start":{"line":207,"column":8},"end":{"line":213,"column":9}},{"start":{},"end":{}}],"line":207},"11":{"loc":{"start":{"line":218,"column":4},"end":{"line":223,"column":5}},"type":"if","locations":[{"start":{"line":218,"column":4},"end":{"line":223,"column":5}},{"start":{},"end":{}}],"line":218},"12":{"loc":{"start":{"line":236,"column":4},"end":{"line":242,"column":5}},"type":"if","locations":[{"start":{"line":236,"column":4},"end":{"line":242,"column":5}},{"start":{},"end":{}}],"line":236},"13":{"loc":{"start":{"line":249,"column":8},"end":{"line":252,"column":9}},"type":"if","locations":[{"start":{"line":249,"column":8},"end":{"line":252,"column":9}},{"start":{},"end":{}}],"line":249},"14":{"loc":{"start":{"line":267,"column":4},"end":{"line":280,"column":5}},"type":"switch","locations":[{"start":{"line":268,"column":8},"end":{"line":268,"column":30}},{"start":{"line":269,"column":8},"end":{"line":269,"column":29}},{"start":{"line":270,"column":8},"end":{"line":271,"column":57}},{"start":{"line":272,"column":8},"end":{"line":273,"column":60}},{"start":{"line":274,"column":8},"end":{"line":275,"column":60}},{"start":{"line":276,"column":8},"end":{"line":277,"column":57}},{"start":{"line":278,"column":8},"end":{"line":279,"column":68}}],"line":267},"15":{"loc":{"start":{"line":314,"column":19},"end":{"line":314,"column":86}},"type":"cond-expr","locations":[{"start":{"line":314,"column":47},"end":{"line":314,"column":69}},{"start":{"line":314,"column":72},"end":{"line":314,"column":86}}],"line":314},"16":{"loc":{"start":{"line":354,"column":4},"end":{"line":358,"column":5}},"type":"if","locations":[{"start":{"line":354,"column":4},"end":{"line":358,"column":5}},{"start":{},"end":{}}],"line":354},"17":{"loc":{"start":{"line":391,"column":12},"end":{"line":396,"column":13}},"type":"if","locations":[{"start":{"line":391,"column":12},"end":{"line":396,"column":13}},{"start":{},"end":{}}],"line":391},"18":{"loc":{"start":{"line":414,"column":8},"end":{"line":414,"column":90}},"type":"if","locations":[{"start":{"line":414,"column":8},"end":{"line":414,"column":90}},{"start":{},"end":{}}],"line":414},"19":{"loc":{"start":{"line":420,"column":8},"end":{"line":461,"column":9}},"type":"if","locations":[{"start":{"line":420,"column":8},"end":{"line":461,"column":9}},{"start":{"line":453,"column":15},"end":{"line":461,"column":9}}],"line":420},"20":{"loc":{"start":{"line":432,"column":12},"end":{"line":435,"column":13}},"type":"if","locations":[{"start":{"line":432,"column":12},"end":{"line":435,"column":13}},{"start":{},"end":{}}],"line":432},"21":{"loc":{"start":{"line":432,"column":16},"end":{"line":432,"column":89}},"type":"binary-expr","locations":[{"start":{"line":432,"column":16},"end":{"line":432,"column":37}},{"start":{"line":432,"column":41},"end":{"line":432,"column":89}}],"line":432},"22":{"loc":{"start":{"line":486,"column":8},"end":{"line":487,"column":86}},"type":"if","locations":[{"start":{"line":486,"column":8},"end":{"line":487,"column":86}},{"start":{},"end":{}}],"line":486},"23":{"loc":{"start":{"line":492,"column":8},"end":{"line":497,"column":87}},"type":"if","locations":[{"start":{"line":492,"column":8},"end":{"line":497,"column":87}},{"start":{"line":493,"column":13},"end":{"line":497,"column":87}}],"line":492},"24":{"loc":{"start":{"line":493,"column":13},"end":{"line":497,"column":87}},"type":"if","locations":[{"start":{"line":493,"column":13},"end":{"line":497,"column":87}},{"start":{"line":495,"column":13},"end":{"line":497,"column":87}}],"line":493},"25":{"loc":{"start":{"line":495,"column":13},"end":{"line":497,"column":87}},"type":"if","locations":[{"start":{"line":495,"column":13},"end":{"line":497,"column":87}},{"start":{"line":496,"column":13},"end":{"line":497,"column":87}}],"line":495},"26":{"loc":{"start":{"line":496,"column":13},"end":{"line":497,"column":87}},"type":"if","locations":[{"start":{"line":496,"column":13},"end":{"line":497,"column":87}},{"start":{"line":497,"column":13},"end":{"line":497,"column":87}}],"line":496},"27":{"loc":{"start":{"line":497,"column":13},"end":{"line":497,"column":87}},"type":"if","locations":[{"start":{"line":497,"column":13},"end":{"line":497,"column":87}},{"start":{},"end":{}}],"line":497},"28":{"loc":{"start":{"line":533,"column":8},"end":{"line":536,"column":9}},"type":"if","locations":[{"start":{"line":533,"column":8},"end":{"line":536,"column":9}},{"start":{},"end":{}}],"line":533},"29":{"loc":{"start":{"line":538,"column":8},"end":{"line":543,"column":9}},"type":"if","locations":[{"start":{"line":538,"column":8},"end":{"line":543,"column":9}},{"start":{},"end":{}}],"line":538},"30":{"loc":{"start":{"line":559,"column":16},"end":{"line":571,"column":17}},"type":"if","locations":[{"start":{"line":559,"column":16},"end":{"line":571,"column":17}},{"start":{},"end":{}}],"line":559},"31":{"loc":{"start":{"line":583,"column":16},"end":{"line":617,"column":17}},"type":"if","locations":[{"start":{"line":583,"column":16},"end":{"line":617,"column":17}},{"start":{"line":607,"column":23},"end":{"line":617,"column":17}}],"line":583},"32":{"loc":{"start":{"line":630,"column":27},"end":{"line":630,"column":84}},"type":"cond-expr","locations":[{"start":{"line":630,"column":64},"end":{"line":630,"column":73}},{"start":{"line":630,"column":76},"end":{"line":630,"column":84}}],"line":630},"33":{"loc":{"start":{"line":633,"column":24},"end":{"line":633,"column":94}},"type":"cond-expr","locations":[{"start":{"line":633,"column":61},"end":{"line":633,"column":78}},{"start":{"line":633,"column":81},"end":{"line":633,"column":94}}],"line":633},"34":{"loc":{"start":{"line":636,"column":16},"end":{"line":641,"column":17}},"type":"if","locations":[{"start":{"line":636,"column":16},"end":{"line":641,"column":17}},{"start":{},"end":{}}],"line":636},"35":{"loc":{"start":{"line":694,"column":12},"end":{"line":703,"column":13}},"type":"if","locations":[{"start":{"line":694,"column":12},"end":{"line":703,"column":13}},{"start":{},"end":{}}],"line":694},"36":{"loc":{"start":{"line":709,"column":16},"end":{"line":727,"column":17}},"type":"if","locations":[{"start":{"line":709,"column":16},"end":{"line":727,"column":17}},{"start":{"line":715,"column":23},"end":{"line":727,"column":17}}],"line":709},"37":{"loc":{"start":{"line":715,"column":23},"end":{"line":727,"column":17}},"type":"if","locations":[{"start":{"line":715,"column":23},"end":{"line":727,"column":17}},{"start":{"line":721,"column":23},"end":{"line":727,"column":17}}],"line":715},"38":{"loc":{"start":{"line":715,"column":27},"end":{"line":715,"column":71}},"type":"binary-expr","locations":[{"start":{"line":715,"column":27},"end":{"line":715,"column":48}},{"start":{"line":715,"column":52},"end":{"line":715,"column":71}}],"line":715},"39":{"loc":{"start":{"line":748,"column":16},"end":{"line":748,"column":26}},"type":"default-arg","locations":[{"start":{"line":748,"column":24},"end":{"line":748,"column":26}}],"line":748},"40":{"loc":{"start":{"line":771,"column":22},"end":{"line":771,"column":53}},"type":"binary-expr","locations":[{"start":{"line":771,"column":22},"end":{"line":771,"column":44}},{"start":{"line":771,"column":48},"end":{"line":771,"column":53}}],"line":771}},"s":{"0":0,"1":0,"2":0,"3":0,"4":0,"5":0,"6":0,"7":0,"8":0,"9":0,"10":0,"11":0,"12":0,"13":0,"14":0,"15":0,"16":0,"17":0,"18":0,"19":0,"20":0,"21":0,"22":0,"23":0,"24":0,"25":0,"26":0,"27":0,"28":0,"29":0,"30":0,"31":0,"32":0,"33":0,"34":0,"35":0,"36":0,"37":0,"38":0,"39":0,"40":0,"41":0,"42":0,"43":0,"44":0,"45":0,"46":0,"47":0,"48":0,"49":0,"50":0,"51":0,"52":0,"53":0,"54":0,"55":0,"56":0,"57":0,"58":0,"59":0,"60":0,"61":0,"62":0,"63":0,"64":0,"65":0,"66":0,"67":0,"68":0,"69":0,"70":0,"71":0,"72":0,"73":0,"74":0,"75":0,"76":0,"77":0,"78":0,"79":0,"80":0,"81":0,"82":0,"83":0,"84":0,"85":0,"86":0,"87":0,"88":0,"89":0,"90":0,"91":0,"92":0,"93":0,"94":0,"95":0,"96":0,"97":0,"98":0,"99":0,"100":0,"101":0,"102":0,"103":0,"104":0,"105":0,"106":0,"107":0,"108":0,"109":0,"110":0,"111":0,"112":0,"113":0,"114":0,"115":0,"116":0,"117":0,"118":0,"119":0,"120":0,"121":0,"122":0,"123":0,"124":0,"125":0,"126":0,"127":0,"128":0,"129":0,"130":0,"131":0,"132":0,"133":0,"134":0,"135":0,"136":0,"137":0,"138":0,"139":0,"140":0,"141":0,"142":0,"143":0,"144":0,"145":0,"146":0,"147":0,"148":0,"149":0,"150":0,"151":0,"152":0,"153":0,"154":0,"155":0,"156":0,"157":0,"158":0,"159":0,"160":0,"161":0,"162":0,"163":0,"164":0,"165":0,"166":0,"167":0,"168":0,"169":0,"170":0,"171":0,"172":0,"173":0,"174":0,"175":0,"176":0,"177":0,"178":0,"179":0,"180":0,"181":0,"182":0,"183":0,"184":0,"185":0,"186":0,"187":0,"188":0,"189":0,"190":0,"191":0,"192":0,"193":0,"194":0,"195":0,"196":0,"197":0,"198":0,"199":0,"200":0,"201":0,"202":0,"203":0,"204":0,"205":0,"206":0,"207":0,"208":0,"209":0,"210":0,"211":0,"212":0,"213":0,"214":0,"215":0,"216":0,"217":0,"218":0,"219":0,"220":0,"221":0,"222":0,"223":0,"224":0,"225":0,"226":0,"227":0,"228":0,"229":0,"230":0,"231":0,"232":0,"233":0,"234":0,"235":0,"236":0,"237":0,"238":0,"239":0,"240":0,"241":0,"242":0,"243":0,"244":0,"245":0,"246":0,"247":0,"248":0,"249":0,"250":0,"251":0,"252":0,"253":0,"254":0,"255":0,"256":0,"257":0,"258":0,"259":0,"260":0,"261":0,"262":0,"263":0,"264":0,"265":0,"266":0,"267":0,"268":0,"269":0,"270":0,"271":0,"272":0,"273":0,"274":0,"275":0,"276":0,"277":0,"278":0,"279":0,"280":0,"281":0,"282":0,"283":0,"284":0,"285":0,"286":0,"287":0,"288":0},"f":{"0":0,"1":0,"2":0,"3":0,"4":0,"5":0,"6":0,"7":0,"8":0,"9":0,"10":0,"11":0,"12":0,"13":0,"14":0,"15":0,"16":0,"17":0,"18":0,"19":0,"20":0,"21":0,"22":0,"23":0,"24":0,"25":0},"b":{"0":[0,0],"1":[0,0],"2":[0,0],"3":[0,0],"4":[0,0],"5":[0,0],"6":[0],"7":[0,0],"8":[0,0],"9":[0,0],"10":[0,0],"11":[0,0],"12":[0,0],"13":[0,0],"14":[0,0,0,0,0,0,0],"15":[0,0],"16":[0,0],"17":[0,0],"18":[0,0],"19":[0,0],"20":[0,0],"21":[0,0],"22":[0,0],"23":[0,0],"24":[0,0],"25":[0,0],"26":[0,0],"27":[0,0],"28":[0,0],"29":[0,0],"30":[0,0],"31":[0,0],"32":[0,0],"33":[0,0],"34":[0,0],"35":[0,0],"36":[0,0],"37":[0,0],"38":[0,0],"39":[0],"40":[0,0]}}
,"D:\\Project-Fusion\\swagger.js": {"path":"D:\\Project-Fusion\\swagger.js","statementMap":{"0":{"start":{"line":1,"column":21},"end":{"line":1,"column":45}},"1":{"start":{"line":3,"column":16},"end":{"line":41,"column":1}},"2":{"start":{"line":43,"column":0},"end":{"line":43,"column":39}}},"fnMap":{},"branchMap":{},"s":{"0":0,"1":0,"2":0},"f":{},"b":{}}
,"D:\\Project-Fusion\\validators.js": {"path":"D:\\Project-Fusion\\validators.js","statementMap":{"0":{"start":{"line":8,"column":12},"end":{"line":8,"column":26}},"1":{"start":{"line":9,"column":31},"end":{"line":9,"column":53}},"2":{"start":{"line":11,"column":34},"end":{"line":54,"column":2}},"3":{"start":{"line":56,"column":28},"end":{"line":60,"column":2}},"4":{"start":{"line":62,"column":29},"end":{"line":73,"column":2}},"5":{"start":{"line":75,"column":0},"end":{"line":79,"column":2}}},"fnMap":{},"branchMap":{},"s":{"0":1,"1":1,"2":1,"3":1,"4":1,"5":1},"f":{},"b":{},"_coverageSchema":"1a1c01bbd47fc00a2c39e90264f33305004495a9","hash":"3688beefd4792bfa14fc6531db7dd2daec41a82d"}
,"D:\\Project-Fusion\\vaultProvider.js": {"path":"D:\\Project-Fusion\\vaultProvider.js","statementMap":{"0":{"start":{"line":5,"column":15},"end":{"line":5,"column":32}},"1":{"start":{"line":6,"column":16},"end":{"line":6,"column":47}},"2":{"start":{"line":11,"column":18},"end":{"line":26,"column":1}},"3":{"start":{"line":30,"column":4},"end":{"line":30,"column":75}},"4":{"start":{"line":33,"column":4},"end":{"line":33,"column":60}},"5":{"start":{"line":33,"column":35},"end":{"line":33,"column":58}},"6":{"start":{"line":37,"column":26},"end":{"line":37,"column":47}},"7":{"start":{"line":38,"column":25},"end":{"line":38,"column":77}},"8":{"start":{"line":40,"column":4},"end":{"line":40,"column":70}},"9":{"start":{"line":40,"column":23},"end":{"line":40,"column":70}},"10":{"start":{"line":42,"column":24},"end":{"line":42,"column":93}},"11":{"start":{"line":44,"column":20},"end":{"line":44,"column":67}},"12":{"start":{"line":47,"column":4},"end":{"line":47,"column":30}},"13":{"start":{"line":49,"column":4},"end":{"line":49,"column":87}},"14":{"start":{"line":50,"column":4},"end":{"line":50,"column":23}},"15":{"start":{"line":55,"column":26},"end":{"line":55,"column":47}},"16":{"start":{"line":56,"column":25},"end":{"line":56,"column":77}},"17":{"start":{"line":58,"column":4},"end":{"line":58,"column":70}},"18":{"start":{"line":58,"column":23},"end":{"line":58,"column":70}},"19":{"start":{"line":60,"column":24},"end":{"line":60,"column":93}},"20":{"start":{"line":62,"column":20},"end":{"line":62,"column":67}},"21":{"start":{"line":63,"column":4},"end":{"line":63,"column":31}},"22":{"start":{"line":68,"column":20},"end":{"line":68,"column":38}},"23":{"start":{"line":69,"column":4},"end":{"line":72,"column":5}},"24":{"start":{"line":70,"column":8},"end":{"line":70,"column":77}},"25":{"start":{"line":71,"column":8},"end":{"line":71,"column":20}},"26":{"start":{"line":74,"column":4},"end":{"line":76,"column":5}},"27":{"start":{"line":75,"column":8},"end":{"line":75,"column":56}},"28":{"start":{"line":78,"column":4},"end":{"line":78,"column":45}},"29":{"start":{"line":84,"column":20},"end":{"line":84,"column":38}},"30":{"start":{"line":85,"column":4},"end":{"line":85,"column":75}},"31":{"start":{"line":85,"column":18},"end":{"line":85,"column":75}},"32":{"start":{"line":87,"column":23},"end":{"line":87,"column":49}},"33":{"start":{"line":89,"column":4},"end":{"line":89,"column":84}},"34":{"start":{"line":97,"column":4},"end":{"line":97,"column":83}},"35":{"start":{"line":98,"column":4},"end":{"line":98,"column":40}},"36":{"start":{"line":100,"column":4},"end":{"line":100,"column":84}},"37":{"start":{"line":101,"column":4},"end":{"line":101,"column":22}},"38":{"start":{"line":104,"column":0},"end":{"line":109,"column":2}}},"fnMap":{"0":{"name":"signStellarTransaction","decl":{"start":{"line":29,"column":15},"end":{"line":29,"column":37}},"loc":{"start":{"line":29,"column":82},"end":{"line":51,"column":1}},"line":29},"1":{"name":"(anonymous_1)","decl":{"start":{"line":33,"column":22},"end":{"line":33,"column":23}},"loc":{"start":{"line":33,"column":35},"end":{"line":33,"column":58}},"line":33},"2":{"name":"getStellarPublicKey","decl":{"start":{"line":54,"column":15},"end":{"line":54,"column":34}},"loc":{"start":{"line":54,"column":47},"end":{"line":64,"column":1}},"line":54},"3":{"name":"getAdapterCredential","decl":{"start":{"line":67,"column":9},"end":{"line":67,"column":29}},"loc":{"start":{"line":67,"column":59},"end":{"line":79,"column":1}},"line":67},"4":{"name":"rotateKey","decl":{"start":{"line":83,"column":9},"end":{"line":83,"column":18}},"loc":{"start":{"line":83,"column":28},"end":{"line":102,"column":1}},"line":83}},"branchMap":{"0":{"loc":{"start":{"line":15,"column":15},"end":{"line":15,"column":74}},"type":"binary-expr","locations":[{"start":{"line":15,"column":15},"end":{"line":15,"column":49}},{"start":{"line":15,"column":53},"end":{"line":15,"column":74}}],"line":15},"1":{"loc":{"start":{"line":23,"column":15},"end":{"line":23,"column":81}},"type":"binary-expr","locations":[{"start":{"line":23,"column":15},"end":{"line":23,"column":46}},{"start":{"line":23,"column":50},"end":{"line":23,"column":81}}],"line":23},"2":{"loc":{"start":{"line":40,"column":4},"end":{"line":40,"column":70}},"type":"if","locations":[{"start":{"line":40,"column":4},"end":{"line":40,"column":70}},{"start":{},"end":{}}],"line":40},"3":{"loc":{"start":{"line":58,"column":4},"end":{"line":58,"column":70}},"type":"if","locations":[{"start":{"line":58,"column":4},"end":{"line":58,"column":70}},{"start":{},"end":{}}],"line":58},"4":{"loc":{"start":{"line":67,"column":39},"end":{"line":67,"column":57}},"type":"default-arg","locations":[{"start":{"line":67,"column":49},"end":{"line":67,"column":57}}],"line":67},"5":{"loc":{"start":{"line":69,"column":4},"end":{"line":72,"column":5}},"type":"if","locations":[{"start":{"line":69,"column":4},"end":{"line":72,"column":5}},{"start":{},"end":{}}],"line":69},"6":{"loc":{"start":{"line":74,"column":4},"end":{"line":76,"column":5}},"type":"if","locations":[{"start":{"line":74,"column":4},"end":{"line":76,"column":5}},{"start":{},"end":{}}],"line":74},"7":{"loc":{"start":{"line":78,"column":11},"end":{"line":78,"column":44}},"type":"binary-expr","locations":[{"start":{"line":78,"column":11},"end":{"line":78,"column":36}},{"start":{"line":78,"column":40},"end":{"line":78,"column":44}}],"line":78},"8":{"loc":{"start":{"line":85,"column":4},"end":{"line":85,"column":75}},"type":"if","locations":[{"start":{"line":85,"column":4},"end":{"line":85,"column":75}},{"start":{},"end":{}}],"line":85}},"s":{"0":0,"1":0,"2":0,"3":0,"4":0,"5":0,"6":0,"7":0,"8":0,"9":0,"10":0,"11":0,"12":0,"13":0,"14":0,"15":0,"16":0,"17":0,"18":0,"19":0,"20":0,"21":0,"22":0,"23":0,"24":0,"25":0,"26":0,"27":0,"28":0,"29":0,"30":0,"31":0,"32":0,"33":0,"34":0,"35":0,"36":0,"37":0,"38":0},"f":{"0":0,"1":0,"2":0,"3":0,"4":0},"b":{"0":[0,0],"1":[0,0],"2":[0,0],"3":[0,0],"4":[0],"5":[0,0],"6":[0,0],"7":[0,0],"8":[0,0]}}
,"D:\\Project-Fusion\\adapters\\brokerageAdapters.js": {"path":"D:\\Project-Fusion\\adapters\\brokerageAdapters.js","statementMap":{"0":{"start":{"line":4,"column":57},"end":{"line":4,"column":68}},"1":{"start":{"line":6,"column":19},"end":{"line":6,"column":39}},"2":{"start":{"line":7,"column":4},"end":{"line":7,"column":93}},"3":{"start":{"line":9,"column":4},"end":{"line":9,"column":61}},"4":{"start":{"line":9,"column":35},"end":{"line":9,"column":59}},"5":{"start":{"line":11,"column":4},"end":{"line":18,"column":6}},"6":{"start":{"line":21,"column":0},"end":{"line":21,"column":43}}},"fnMap":{"0":{"name":"executeBrokerageTrade","decl":{"start":{"line":3,"column":15},"end":{"line":3,"column":36}},"loc":{"start":{"line":3,"column":65},"end":{"line":19,"column":1}},"line":3},"1":{"name":"(anonymous_1)","decl":{"start":{"line":9,"column":22},"end":{"line":9,"column":23}},"loc":{"start":{"line":9,"column":35},"end":{"line":9,"column":59}},"line":9}},"branchMap":{},"s":{"0":0,"1":0,"2":0,"3":0,"4":0,"5":0,"6":0},"f":{"0":0,"1":0},"b":{}}
,"D:\\Project-Fusion\\adapters\\cryptoAdapters.js": {"path":"D:\\Project-Fusion\\adapters\\cryptoAdapters.js","statementMap":{"0":{"start":{"line":3,"column":16},"end":{"line":3,"column":47}},"1":{"start":{"line":6,"column":15},"end":{"line":6,"column":80}},"2":{"start":{"line":7,"column":23},"end":{"line":7,"column":58}},"3":{"start":{"line":10,"column":67},"end":{"line":10,"column":78}},"4":{"start":{"line":12,"column":19},"end":{"line":12,"column":39}},"5":{"start":{"line":13,"column":4},"end":{"line":13,"column":85}},"6":{"start":{"line":15,"column":4},"end":{"line":101,"column":5}},"7":{"start":{"line":17,"column":64},"end":{"line":17,"column":91}},"8":{"start":{"line":19,"column":32},"end":{"line":19,"column":65}},"9":{"start":{"line":20,"column":37},"end":{"line":20,"column":73}},"10":{"start":{"line":22,"column":27},"end":{"line":22,"column":64}},"11":{"start":{"line":24,"column":8},"end":{"line":26,"column":10}},"12":{"start":{"line":27,"column":8},"end":{"line":29,"column":10}},"13":{"start":{"line":32,"column":8},"end":{"line":39,"column":9}},"14":{"start":{"line":33,"column":12},"end":{"line":33,"column":54}},"15":{"start":{"line":35,"column":12},"end":{"line":35,"column":80}},"16":{"start":{"line":36,"column":12},"end":{"line":36,"column":81}},"17":{"start":{"line":37,"column":12},"end":{"line":37,"column":64}},"18":{"start":{"line":38,"column":12},"end":{"line":38,"column":58}},"19":{"start":{"line":38,"column":37},"end":{"line":38,"column":56}},"20":{"start":{"line":42,"column":30},"end":{"line":42,"column":71}},"21":{"start":{"line":45,"column":25},"end":{"line":45,"column":29}},"22":{"start":{"line":46,"column":8},"end":{"line":50,"column":9}},"23":{"start":{"line":47,"column":12},"end":{"line":47,"column":59}},"24":{"start":{"line":49,"column":12},"end":{"line":49,"column":31}},"25":{"start":{"line":53,"column":19},"end":{"line":62,"column":16}},"26":{"start":{"line":65,"column":28},"end":{"line":71,"column":20}},"27":{"start":{"line":74,"column":8},"end":{"line":74,"column":74}},"28":{"start":{"line":77,"column":8},"end":{"line":77,"column":66}},"29":{"start":{"line":78,"column":23},"end":{"line":78,"column":66}},"30":{"start":{"line":79,"column":8},"end":{"line":79,"column":63}},"31":{"start":{"line":81,"column":8},"end":{"line":89,"column":10}},"32":{"start":{"line":91,"column":27},"end":{"line":91,"column":38}},"33":{"start":{"line":92,"column":8},"end":{"line":94,"column":9}},"34":{"start":{"line":93,"column":12},"end":{"line":93,"column":122}},"35":{"start":{"line":95,"column":8},"end":{"line":95,"column":56}},"36":{"start":{"line":96,"column":8},"end":{"line":100,"column":10}},"37":{"start":{"line":104,"column":0},"end":{"line":104,"column":43}}},"fnMap":{"0":{"name":"executeCryptoTransfer","decl":{"start":{"line":9,"column":15},"end":{"line":9,"column":36}},"loc":{"start":{"line":9,"column":65},"end":{"line":102,"column":1}},"line":9},"1":{"name":"(anonymous_1)","decl":{"start":{"line":38,"column":30},"end":{"line":38,"column":31}},"loc":{"start":{"line":38,"column":37},"end":{"line":38,"column":56}},"line":38}},"branchMap":{"0":{"loc":{"start":{"line":25,"column":33},"end":{"line":25,"column":135}},"type":"cond-expr","locations":[{"start":{"line":25,"column":46},"end":{"line":25,"column":117}},{"start":{"line":25,"column":120},"end":{"line":25,"column":135}}],"line":25},"1":{"loc":{"start":{"line":28,"column":33},"end":{"line":28,"column":150}},"type":"cond-expr","locations":[{"start":{"line":28,"column":46},"end":{"line":28,"column":127}},{"start":{"line":28,"column":130},"end":{"line":28,"column":150}}],"line":28},"2":{"loc":{"start":{"line":53,"column":19},"end":{"line":62,"column":16}},"type":"cond-expr","locations":[{"start":{"line":54,"column":14},"end":{"line":58,"column":16}},{"start":{"line":59,"column":14},"end":{"line":62,"column":16}}],"line":53},"3":{"loc":{"start":{"line":92,"column":8},"end":{"line":94,"column":9}},"type":"if","locations":[{"start":{"line":92,"column":8},"end":{"line":94,"column":9}},{"start":{},"end":{}}],"line":92},"4":{"loc":{"start":{"line":92,"column":12},"end":{"line":92,"column":73}},"type":"binary-expr","locations":[{"start":{"line":92,"column":12},"end":{"line":92,"column":24}},{"start":{"line":92,"column":28},"end":{"line":92,"column":45}},{"start":{"line":92,"column":49},"end":{"line":92,"column":73}}],"line":92}},"s":{"0":0,"1":0,"2":0,"3":0,"4":0,"5":0,"6":0,"7":0,"8":0,"9":0,"10":0,"11":0,"12":0,"13":0,"14":0,"15":0,"16":0,"17":0,"18":0,"19":0,"20":0,"21":0,"22":0,"23":0,"24":0,"25":0,"26":0,"27":0,"28":0,"29":0,"30":0,"31":0,"32":0,"33":0,"34":0,"35":0,"36":0,"37":0},"f":{"0":0,"1":0},"b":{"0":[0,0],"1":[0,0],"2":[0,0],"3":[0,0],"4":[0,0,0]}}
,"D:\\Project-Fusion\\adapters\\paymentsAdapters.js": {"path":"D:\\Project-Fusion\\adapters\\paymentsAdapters.js","statementMap":{"0":{"start":{"line":4,"column":37},"end":{"line":4,"column":64}},"1":{"start":{"line":5,"column":22},"end":{"line":5,"column":56}},"2":{"start":{"line":6,"column":19},"end":{"line":6,"column":47}},"3":{"start":{"line":7,"column":19},"end":{"line":7,"column":39}},"4":{"start":{"line":8,"column":67},"end":{"line":8,"column":78}},"5":{"start":{"line":10,"column":4},"end":{"line":12,"column":6}},"6":{"start":{"line":15,"column":4},"end":{"line":24,"column":5}},"7":{"start":{"line":16,"column":26},"end":{"line":16,"column":62}},"8":{"start":{"line":17,"column":8},"end":{"line":17,"column":71}},"9":{"start":{"line":17,"column":39},"end":{"line":17,"column":69}},"10":{"start":{"line":18,"column":8},"end":{"line":18,"column":76}},"11":{"start":{"line":19,"column":8},"end":{"line":23,"column":10}},"12":{"start":{"line":26,"column":4},"end":{"line":63,"column":5}},"13":{"start":{"line":27,"column":8},"end":{"line":29,"column":10}},"14":{"start":{"line":31,"column":31},"end":{"line":36,"column":9}},"15":{"start":{"line":38,"column":26},"end":{"line":38,"column":71}},"16":{"start":{"line":39,"column":24},"end":{"line":39,"column":67}},"17":{"start":{"line":41,"column":23},"end":{"line":53,"column":10}},"18":{"start":{"line":55,"column":8},"end":{"line":59,"column":10}},"19":{"start":{"line":61,"column":8},"end":{"line":61,"column":54}},"20":{"start":{"line":62,"column":8},"end":{"line":62,"column":56}},"21":{"start":{"line":67,"column":4},"end":{"line":67,"column":36}},"22":{"start":{"line":67,"column":19},"end":{"line":67,"column":36}},"23":{"start":{"line":68,"column":37},"end":{"line":68,"column":64}},"24":{"start":{"line":69,"column":22},"end":{"line":69,"column":56}},"25":{"start":{"line":70,"column":19},"end":{"line":70,"column":47}},"26":{"start":{"line":71,"column":4},"end":{"line":76,"column":5}},"27":{"start":{"line":72,"column":23},"end":{"line":72,"column":69}},"28":{"start":{"line":73,"column":8},"end":{"line":73,"column":29}},"29":{"start":{"line":75,"column":8},"end":{"line":75,"column":25}},"30":{"start":{"line":79,"column":0},"end":{"line":79,"column":53}}},"fnMap":{"0":{"name":"executePaymentRail","decl":{"start":{"line":3,"column":15},"end":{"line":3,"column":33}},"loc":{"start":{"line":3,"column":62},"end":{"line":64,"column":1}},"line":3},"1":{"name":"(anonymous_1)","decl":{"start":{"line":17,"column":26},"end":{"line":17,"column":27}},"loc":{"start":{"line":17,"column":39},"end":{"line":17,"column":69}},"line":17},"2":{"name":"queryStatus","decl":{"start":{"line":66,"column":15},"end":{"line":66,"column":26}},"loc":{"start":{"line":66,"column":37},"end":{"line":77,"column":1}},"line":66}},"branchMap":{"0":{"loc":{"start":{"line":11,"column":77},"end":{"line":11,"column":104}},"type":"cond-expr","locations":[{"start":{"line":11,"column":89},"end":{"line":11,"column":95}},{"start":{"line":11,"column":98},"end":{"line":11,"column":104}}],"line":11},"1":{"loc":{"start":{"line":15,"column":4},"end":{"line":24,"column":5}},"type":"if","locations":[{"start":{"line":15,"column":4},"end":{"line":24,"column":5}},{"start":{},"end":{}}],"line":15},"2":{"loc":{"start":{"line":38,"column":27},"end":{"line":38,"column":56}},"type":"binary-expr","locations":[{"start":{"line":38,"column":27},"end":{"line":38,"column":46}},{"start":{"line":38,"column":50},"end":{"line":38,"column":56}}],"line":38},"3":{"loc":{"start":{"line":39,"column":24},"end":{"line":39,"column":67}},"type":"binary-expr","locations":[{"start":{"line":39,"column":24},"end":{"line":39,"column":49}},{"start":{"line":39,"column":53},"end":{"line":39,"column":67}}],"line":39},"4":{"loc":{"start":{"line":51,"column":32},"end":{"line":51,"column":73}},"type":"cond-expr","locations":[{"start":{"line":51,"column":55},"end":{"line":51,"column":61}},{"start":{"line":51,"column":64},"end":{"line":51,"column":73}}],"line":51},"5":{"loc":{"start":{"line":56,"column":20},"end":{"line":56,"column":91}},"type":"cond-expr","locations":[{"start":{"line":56,"column":52},"end":{"line":56,"column":61}},{"start":{"line":56,"column":64},"end":{"line":56,"column":91}}],"line":56},"6":{"loc":{"start":{"line":67,"column":4},"end":{"line":67,"column":36}},"type":"if","locations":[{"start":{"line":67,"column":4},"end":{"line":67,"column":36}},{"start":{},"end":{}}],"line":67}},"s":{"0":0,"1":0,"2":0,"3":0,"4":0,"5":0,"6":0,"7":0,"8":0,"9":0,"10":0,"11":0,"12":0,"13":0,"14":0,"15":0,"16":0,"17":0,"18":0,"19":0,"20":0,"21":0,"22":0,"23":0,"24":0,"25":0,"26":0,"27":0,"28":0,"29":0,"30":0},"f":{"0":0,"1":0,"2":0},"b":{"0":[0,0],"1":[0,0],"2":[0,0],"3":[0,0],"4":[0,0],"5":[0,0],"6":[0,0]}}
}
