{"D:\\Project-Fusion\\batch_run_10.js": {"path":"D:\\Project-Fusion\\batch_run_10.js","statementMap":{"0":{"start":{"line":3,"column":0},"end":{"line":3,"column":27}},"1":{"start":{"line":4,"column":14},"end":{"line":4,"column":30}},"2":{"start":{"line":5,"column":11},"end":{"line":5,"column":24}},"3":{"start":{"line":6,"column":13},"end":{"line":6,"column":28}},"4":{"start":{"line":8,"column":16},"end":{"line":8,"column":42}},"5":{"start":{"line":9,"column":13},"end":{"line":9,"column":37}},"6":{"start":{"line":12,"column":19},"end":{"line":17,"column":2}},"7":{"start":{"line":20,"column":4},"end":{"line":49,"column":7}},"8":{"start":{"line":21,"column":24},"end":{"line":32,"column":9}},"9":{"start":{"line":34,"column":20},"end":{"line":44,"column":10}},"10":{"start":{"line":35,"column":23},"end":{"line":35,"column":25}},"11":{"start":{"line":36,"column":12},"end":{"line":36,"column":55}},"12":{"start":{"line":36,"column":39},"end":{"line":36,"column":52}},"13":{"start":{"line":37,"column":12},"end":{"line":43,"column":15}},"14":{"start":{"line":38,"column":16},"end":{"line":42,"column":17}},"15":{"start":{"line":39,"column":20},"end":{"line":39,"column":80}},"16":{"start":{"line":41,"column":20},"end":{"line":41,"column":68}},"17":{"start":{"line":46,"column":8},"end":{"line":46,"column":32}},"18":{"start":{"line":47,"column":8},"end":{"line":47,"column":50}},"19":{"start":{"line":47,"column":18},"end":{"line":47,"column":50}},"20":{"start":{"line":48,"column":8},"end":{"line":48,"column":18}},"21":{"start":{"line":53,"column":4},"end":{"line":53,"column":92}},"22":{"start":{"line":55,"column":4},"end":{"line":103,"column":5}},"23":{"start":{"line":57,"column":21},"end":{"line":63,"column":10}},"24":{"start":{"line":64,"column":8},"end":{"line":65,"column":77}},"25":{"start":{"line":65,"column":12},"end":{"line":65,"column":77}},"26":{"start":{"line":66,"column":30},"end":{"line":66,"column":53}},"27":{"start":{"line":67,"column":8},"end":{"line":67,"column":51}},"28":{"start":{"line":70,"column":23},"end":{"line":70,"column":91}},"29":{"start":{"line":71,"column":8},"end":{"line":71,"column":100}},"30":{"start":{"line":71,"column":35},"end":{"line":71,"column":100}},"31":{"start":{"line":72,"column":8},"end":{"line":72,"column":47}},"32":{"start":{"line":75,"column":22},"end":{"line":75,"column":94}},"33":{"start":{"line":76,"column":8},"end":{"line":76,"column":97}},"34":{"start":{"line":76,"column":34},"end":{"line":76,"column":97}},"35":{"start":{"line":77,"column":8},"end":{"line":77,"column":68}},"36":{"start":{"line":80,"column":21},"end":{"line":80,"column":98}},"37":{"start":{"line":81,"column":8},"end":{"line":81,"column":97}},"38":{"start":{"line":81,"column":33},"end":{"line":81,"column":97}},"39":{"start":{"line":83,"column":8},"end":{"line":86,"column":9}},"40":{"start":{"line":84,"column":12},"end":{"line":84,"column":91}},"41":{"start":{"line":85,"column":12},"end":{"line":85,"column":58}},"42":{"start":{"line":89,"column":12},"end":{"line":89,"column":94}},"43":{"start":{"line":91,"column":8},"end":{"line":96,"column":9}},"44":{"start":{"line":92,"column":12},"end":{"line":92,"column":99}},"45":{"start":{"line":93,"column":12},"end":{"line":95,"column":14}},"46":{"start":{"line":98,"column":8},"end":{"line":98,"column":72}},"47":{"start":{"line":99,"column":8},"end":{"line":99,"column":20}},"48":{"start":{"line":101,"column":8},"end":{"line":101,"column":51}},"49":{"start":{"line":102,"column":8},"end":{"line":102,"column":21}},"50":{"start":{"line":107,"column":4},"end":{"line":107,"column":73}},"51":{"start":{"line":108,"column":4},"end":{"line":108,"column":70}},"52":{"start":{"line":110,"column":23},"end":{"line":110,"column":24}},"53":{"start":{"line":113,"column":4},"end":{"line":113,"column":43}},"54":{"start":{"line":114,"column":4},"end":{"line":124,"column":5}},"55":{"start":{"line":114,"column":17},"end":{"line":114,"column":18}},"56":{"start":{"line":115,"column":23},"end":{"line":115,"column":54}},"57":{"start":{"line":116,"column":24},"end":{"line":122,"column":9}},"58":{"start":{"line":123,"column":8},"end":{"line":123,"column":36}},"59":{"start":{"line":123,"column":21},"end":{"line":123,"column":36}},"60":{"start":{"line":127,"column":4},"end":{"line":127,"column":44}},"61":{"start":{"line":128,"column":4},"end":{"line":137,"column":5}},"62":{"start":{"line":128,"column":17},"end":{"line":128,"column":18}},"63":{"start":{"line":129,"column":24},"end":{"line":135,"column":9}},"64":{"start":{"line":136,"column":8},"end":{"line":136,"column":36}},"65":{"start":{"line":136,"column":21},"end":{"line":136,"column":36}},"66":{"start":{"line":139,"column":4},"end":{"line":139,"column":72}},"67":{"start":{"line":140,"column":4},"end":{"line":140,"column":67}},"68":{"start":{"line":141,"column":4},"end":{"line":141,"column":72}},"69":{"start":{"line":144,"column":0},"end":{"line":144,"column":34}}},"fnMap":{"0":{"name":"makeRequest","decl":{"start":{"line":19,"column":9},"end":{"line":19,"column":20}},"loc":{"start":{"line":19,"column":56},"end":{"line":50,"column":1}},"line":19},"1":{"name":"(anonymous_1)","decl":{"start":{"line":20,"column":23},"end":{"line":20,"column":24}},"loc":{"start":{"line":20,"column":44},"end":{"line":49,"column":5}},"line":20},"2":{"name":"(anonymous_2)","decl":{"start":{"line":34,"column":43},"end":{"line":34,"column":44}},"loc":{"start":{"line":34,"column":52},"end":{"line":44,"column":9}},"line":34},"3":{"name":"(anonymous_3)","decl":{"start":{"line":36,"column":27},"end":{"line":36,"column":28}},"loc":{"start":{"line":36,"column":39},"end":{"line":36,"column":52}},"line":36},"4":{"name":"(anonymous_4)","decl":{"start":{"line":37,"column":26},"end":{"line":37,"column":27}},"loc":{"start":{"line":37,"column":32},"end":{"line":43,"column":13}},"line":37},"5":{"name":"runFullFlow","decl":{"start":{"line":52,"column":15},"end":{"line":52,"column":26}},"loc":{"start":{"line":52,"column":73},"end":{"line":104,"column":1}},"line":52},"6":{"name":"startBatch","decl":{"start":{"line":106,"column":15},"end":{"line":106,"column":25}},"loc":{"start":{"line":106,"column":28},"end":{"line":142,"column":1}},"line":106}},"branchMap":{"0":{"loc":{"start":{"line":9,"column":13},"end":{"line":9,"column":37}},"type":"binary-expr","locations":[{"start":{"line":9,"column":13},"end":{"line":9,"column":29}},{"start":{"line":9,"column":33},"end":{"line":9,"column":37}}],"line":9},"1":{"loc":{"start":{"line":19,"column":27},"end":{"line":19,"column":41}},"type":"default-arg","locations":[{"start":{"line":19,"column":36},"end":{"line":19,"column":41}}],"line":19},"2":{"loc":{"start":{"line":19,"column":43},"end":{"line":19,"column":54}},"type":"default-arg","locations":[{"start":{"line":19,"column":50},"end":{"line":19,"column":54}}],"line":19},"3":{"loc":{"start":{"line":47,"column":8},"end":{"line":47,"column":50}},"type":"if","locations":[{"start":{"line":47,"column":8},"end":{"line":47,"column":50}},{"start":{},"end":{}}],"line":47},"4":{"loc":{"start":{"line":64,"column":8},"end":{"line":65,"column":77}},"type":"if","locations":[{"start":{"line":64,"column":8},"end":{"line":65,"column":77}},{"start":{},"end":{}}],"line":64},"5":{"loc":{"start":{"line":64,"column":12},"end":{"line":64,"column":54}},"type":"binary-expr","locations":[{"start":{"line":64,"column":12},"end":{"line":64,"column":31}},{"start":{"line":64,"column":35},"end":{"line":64,"column":54}}],"line":64},"6":{"loc":{"start":{"line":71,"column":8},"end":{"line":71,"column":100}},"type":"if","locations":[{"start":{"line":71,"column":8},"end":{"line":71,"column":100}},{"start":{},"end":{}}],"line":71},"7":{"loc":{"start":{"line":76,"column":8},"end":{"line":76,"column":97}},"type":"if","locations":[{"start":{"line":76,"column":8},"end":{"line":76,"column":97}},{"start":{},"end":{}}],"line":76},"8":{"loc":{"start":{"line":81,"column":8},"end":{"line":81,"column":97}},"type":"if","locations":[{"start":{"line":81,"column":8},"end":{"line":81,"column":97}},{"start":{},"end":{}}],"line":81},"9":{"loc":{"start":{"line":83,"column":8},"end":{"line":86,"column":9}},"type":"if","locations":[{"start":{"line":83,"column":8},"end":{"line":86,"column":9}},{"start":{},"end":{}}],"line":83},"10":{"loc":{"start":{"line":83,"column":12},"end":{"line":83,"column":51}},"type":"binary-expr","locations":[{"start":{"line":83,"column":12},"end":{"line":83,"column":22}},{"start":{"line":83,"column":26},"end":{"line":83,"column":51}}],"line":83},"11":{"loc":{"start":{"line":89,"column":12},"end":{"line":89,"column":94}},"type":"binary-expr","locations":[{"start":{"line":89,"column":12},"end":{"line":89,"column":52}},{"start":{"line":89,"column":56},"end":{"line":89,"column":94}}],"line":89},"12":{"loc":{"start":{"line":91,"column":8},"end":{"line":96,"column":9}},"type":"if","locations":[{"start":{"line":91,"column":8},"end":{"line":96,"column":9}},{"start":{},"end":{}}],"line":91},"13":{"loc":{"start":{"line":94,"column":39},"end":{"line":94,"column":88}},"type":"binary-expr","locations":[{"start":{"line":94,"column":39},"end":{"line":94,"column":69}},{"start":{"line":94,"column":73},"end":{"line":94,"column":88}}],"line":94},"14":{"loc":{"start":{"line":123,"column":8},"end":{"line":123,"column":36}},"type":"if","locations":[{"start":{"line":123,"column":8},"end":{"line":123,"column":36}},{"start":{},"end":{}}],"line":123},"15":{"loc":{"start":{"line":136,"column":8},"end":{"line":136,"column":36}},"type":"if","locations":[{"start":{"line":136,"column":8},"end":{"line":136,"column":36}},{"start":{},"end":{}}],"line":136}},"s":{"0":0,"1":0,"2":0,"3":0,"4":0,"5":0,"6":0,"7":0,"8":0,"9":0,"10":0,"11":0,"12":0,"13":0,"14":0,"15":0,"16":0,"17":0,"18":0,"19":0,"20":0,"21":0,"22":0,"23":0,"24":0,"25":0,"26":0,"27":0,"28":0,"29":0,"30":0,"31":0,"32":0,"33":0,"34":0,"35":0,"36":0,"37":0,"38":0,"39":0,"40":0,"41":0,"42":0,"43":0,"44":0,"45":0,"46":0,"47":0,"48":0,"49":0,"50":0,"51":0,"52":0,"53":0,"54":0,"55":0,"56":0,"57":0,"58":0,"59":0,"60":0,"61":0,"62":0,"63":0,"64":0,"65":0,"66":0,"67":0,"68":0,"69":0},"f":{"0":0,"1":0,"2":0,"3":0,"4":0,"5":0,"6":0},"b":{"0":[0,0],"1":[0],"2":[0],"3":[0,0],"4":[0,0],"5":[0,0],"6":[0,0],"7":[0,0],"8":[0,0],"9":[0,0],"10":[0,0],"11":[0,0],"12":[0,0],"13":[0,0],"14":[0,0],"15":[0,0]}}
,"D:\\Project-Fusion\\batch_run_stripe_50.js": {"path":"D:\\Project-Fusion\\batch_run_stripe_50.js","statementMap":{"0":{"start":{"line":1,"column":0},"end":{"line":1,"column":27}},"1":{"start":{"line":2,"column":14},"end":{"line":2,"column":30}},"2":{"start":{"line":3,"column":11},"end":{"line":3,"column":24}},"3":{"start":{"line":4,"column":13},"end":{"line":4,"column":28}},"4":{"start":{"line":5,"column":17},"end":{"line":5,"column":30}},"5":{"start":{"line":7,"column":16},"end":{"line":7,"column":42}},"6":{"start":{"line":8,"column":13},"end":{"line":8,"column":37}},"7":{"start":{"line":9,"column":26},"end":{"line":9,"column":28}},"8":{"start":{"line":12,"column":13},"end":{"line":18,"column":2}},"9":{"start":{"line":21,"column":19},"end":{"line":27,"column":2}},"10":{"start":{"line":30,"column":4},"end":{"line":30,"column":57}},"11":{"start":{"line":31,"column":19},"end":{"line":31,"column":39}},"12":{"start":{"line":32,"column":4},"end":{"line":52,"column":5}},"13":{"start":{"line":33,"column":24},"end":{"line":33,"column":26}},"14":{"start":{"line":34,"column":8},"end":{"line":44,"column":9}},"15":{"start":{"line":34,"column":21},"end":{"line":34,"column":22}},"16":{"start":{"line":35,"column":12},"end":{"line":43,"column":14}},"17":{"start":{"line":45,"column":8},"end":{"line":45,"column":35}},"18":{"start":{"line":46,"column":8},"end":{"line":46,"column":42}},"19":{"start":{"line":48,"column":8},"end":{"line":48,"column":48}},"20":{"start":{"line":49,"column":8},"end":{"line":49,"column":24}},"21":{"start":{"line":51,"column":8},"end":{"line":51,"column":25}},"22":{"start":{"line":56,"column":4},"end":{"line":86,"column":7}},"23":{"start":{"line":57,"column":24},"end":{"line":69,"column":9}},"24":{"start":{"line":71,"column":20},"end":{"line":81,"column":10}},"25":{"start":{"line":72,"column":23},"end":{"line":72,"column":25}},"26":{"start":{"line":73,"column":12},"end":{"line":73,"column":55}},"27":{"start":{"line":73,"column":39},"end":{"line":73,"column":52}},"28":{"start":{"line":74,"column":12},"end":{"line":80,"column":15}},"29":{"start":{"line":75,"column":16},"end":{"line":79,"column":17}},"30":{"start":{"line":76,"column":20},"end":{"line":76,"column":80}},"31":{"start":{"line":78,"column":20},"end":{"line":78,"column":68}},"32":{"start":{"line":83,"column":8},"end":{"line":83,"column":32}},"33":{"start":{"line":84,"column":8},"end":{"line":84,"column":50}},"34":{"start":{"line":84,"column":18},"end":{"line":84,"column":50}},"35":{"start":{"line":85,"column":8},"end":{"line":85,"column":18}},"36":{"start":{"line":90,"column":19},"end":{"line":90,"column":55}},"37":{"start":{"line":91,"column":19},"end":{"line":91,"column":43}},"38":{"start":{"line":92,"column":22},"end":{"line":92,"column":43}},"39":{"start":{"line":93,"column":20},"end":{"line":93,"column":36}},"40":{"start":{"line":95,"column":4},"end":{"line":95,"column":38}},"41":{"start":{"line":97,"column":4},"end":{"line":144,"column":5}},"42":{"start":{"line":99,"column":21},"end":{"line":105,"column":10}},"43":{"start":{"line":106,"column":8},"end":{"line":107,"column":63}},"44":{"start":{"line":107,"column":12},"end":{"line":107,"column":63}},"45":{"start":{"line":108,"column":30},"end":{"line":108,"column":53}},"46":{"start":{"line":109,"column":8},"end":{"line":109,"column":56}},"47":{"start":{"line":112,"column":23},"end":{"line":112,"column":91}},"48":{"start":{"line":113,"column":8},"end":{"line":113,"column":86}},"49":{"start":{"line":113,"column":35},"end":{"line":113,"column":86}},"50":{"start":{"line":114,"column":8},"end":{"line":114,"column":40}},"51":{"start":{"line":117,"column":22},"end":{"line":117,"column":94}},"52":{"start":{"line":118,"column":8},"end":{"line":118,"column":83}},"53":{"start":{"line":118,"column":34},"end":{"line":118,"column":83}},"54":{"start":{"line":119,"column":8},"end":{"line":119,"column":39}},"55":{"start":{"line":122,"column":29},"end":{"line":122,"column":55}},"56":{"start":{"line":123,"column":8},"end":{"line":123,"column":64}},"57":{"start":{"line":124,"column":21},"end":{"line":124,"column":112}},"58":{"start":{"line":125,"column":8},"end":{"line":125,"column":83}},"59":{"start":{"line":125,"column":33},"end":{"line":125,"column":83}},"60":{"start":{"line":127,"column":8},"end":{"line":129,"column":9}},"61":{"start":{"line":128,"column":12},"end":{"line":128,"column":58}},"62":{"start":{"line":131,"column":21},"end":{"line":131,"column":97}},"63":{"start":{"line":133,"column":8},"end":{"line":137,"column":9}},"64":{"start":{"line":134,"column":12},"end":{"line":136,"column":14}},"65":{"start":{"line":139,"column":8},"end":{"line":139,"column":72}},"66":{"start":{"line":140,"column":8},"end":{"line":140,"column":20}},"67":{"start":{"line":142,"column":8},"end":{"line":142,"column":53}},"68":{"start":{"line":143,"column":8},"end":{"line":143,"column":21}},"69":{"start":{"line":148,"column":4},"end":{"line":148,"column":25}},"70":{"start":{"line":150,"column":4},"end":{"line":150,"column":88}},"71":{"start":{"line":151,"column":4},"end":{"line":151,"column":79}},"72":{"start":{"line":153,"column":22},"end":{"line":153,"column":32}},"73":{"start":{"line":156,"column":21},"end":{"line":156,"column":23}},"74":{"start":{"line":157,"column":4},"end":{"line":159,"column":5}},"75":{"start":{"line":157,"column":17},"end":{"line":157,"column":18}},"76":{"start":{"line":158,"column":8},"end":{"line":158,"column":38}},"77":{"start":{"line":162,"column":20},"end":{"line":162,"column":47}},"78":{"start":{"line":164,"column":20},"end":{"line":164,"column":30}},"79":{"start":{"line":165,"column":24},"end":{"line":165,"column":52}},"80":{"start":{"line":166,"column":25},"end":{"line":166,"column":65}},"81":{"start":{"line":166,"column":47},"end":{"line":166,"column":57}},"82":{"start":{"line":168,"column":4},"end":{"line":168,"column":83}},"83":{"start":{"line":169,"column":4},"end":{"line":169,"column":30}},"84":{"start":{"line":170,"column":4},"end":{"line":170,"column":58}},"85":{"start":{"line":171,"column":4},"end":{"line":171,"column":68}},"86":{"start":{"line":172,"column":4},"end":{"line":174,"column":5}},"87":{"start":{"line":173,"column":8},"end":{"line":173,"column":78}},"88":{"start":{"line":175,"column":4},"end":{"line":175,"column":81}},"89":{"start":{"line":178,"column":0},"end":{"line":178,"column":34}}},"fnMap":{"0":{"name":"seedBalances","decl":{"start":{"line":29,"column":15},"end":{"line":29,"column":27}},"loc":{"start":{"line":29,"column":30},"end":{"line":53,"column":1}},"line":29},"1":{"name":"makeRequest","decl":{"start":{"line":55,"column":9},"end":{"line":55,"column":20}},"loc":{"start":{"line":55,"column":56},"end":{"line":87,"column":1}},"line":55},"2":{"name":"(anonymous_2)","decl":{"start":{"line":56,"column":23},"end":{"line":56,"column":24}},"loc":{"start":{"line":56,"column":44},"end":{"line":86,"column":5}},"line":56},"3":{"name":"(anonymous_3)","decl":{"start":{"line":71,"column":43},"end":{"line":71,"column":44}},"loc":{"start":{"line":71,"column":52},"end":{"line":81,"column":9}},"line":71},"4":{"name":"(anonymous_4)","decl":{"start":{"line":73,"column":27},"end":{"line":73,"column":28}},"loc":{"start":{"line":73,"column":39},"end":{"line":73,"column":52}},"line":73},"5":{"name":"(anonymous_5)","decl":{"start":{"line":74,"column":26},"end":{"line":74,"column":27}},"loc":{"start":{"line":74,"column":32},"end":{"line":80,"column":13}},"line":74},"6":{"name":"runFullFlow","decl":{"start":{"line":89,"column":15},"end":{"line":89,"column":26}},"loc":{"start":{"line":89,"column":30},"end":{"line":145,"column":1}},"line":89},"7":{"name":"startBatch","decl":{"start":{"line":147,"column":15},"end":{"line":147,"column":25}},"loc":{"start":{"line":147,"column":28},"end":{"line":176,"column":1}},"line":147},"8":{"name":"(anonymous_8)","decl":{"start":{"line":166,"column":40},"end":{"line":166,"column":41}},"loc":{"start":{"line":166,"column":47},"end":{"line":166,"column":57}},"line":166}},"branchMap":{"0":{"loc":{"start":{"line":8,"column":13},"end":{"line":8,"column":37}},"type":"binary-expr","locations":[{"start":{"line":8,"column":13},"end":{"line":8,"column":29}},{"start":{"line":8,"column":33},"end":{"line":8,"column":37}}],"line":8},"1":{"loc":{"start":{"line":55,"column":27},"end":{"line":55,"column":41}},"type":"default-arg","locations":[{"start":{"line":55,"column":36},"end":{"line":55,"column":41}}],"line":55},"2":{"loc":{"start":{"line":55,"column":43},"end":{"line":55,"column":54}},"type":"default-arg","locations":[{"start":{"line":55,"column":50},"end":{"line":55,"column":54}}],"line":55},"3":{"loc":{"start":{"line":84,"column":8},"end":{"line":84,"column":50}},"type":"if","locations":[{"start":{"line":84,"column":8},"end":{"line":84,"column":50}},{"start":{},"end":{}}],"line":84},"4":{"loc":{"start":{"line":106,"column":8},"end":{"line":107,"column":63}},"type":"if","locations":[{"start":{"line":106,"column":8},"end":{"line":107,"column":63}},{"start":{},"end":{}}],"line":106},"5":{"loc":{"start":{"line":106,"column":12},"end":{"line":106,"column":54}},"type":"binary-expr","locations":[{"start":{"line":106,"column":12},"end":{"line":106,"column":31}},{"start":{"line":106,"column":35},"end":{"line":106,"column":54}}],"line":106},"6":{"loc":{"start":{"line":113,"column":8},"end":{"line":113,"column":86}},"type":"if","locations":[{"start":{"line":113,"column":8},"end":{"line":113,"column":86}},{"start":{},"end":{}}],"line":113},"7":{"loc":{"start":{"line":118,"column":8},"end":{"line":118,"column":83}},"type":"if","locations":[{"start":{"line":118,"column":8},"end":{"line":118,"column":83}},{"start":{},"end":{}}],"line":118},"8":{"loc":{"start":{"line":125,"column":8},"end":{"line":125,"column":83}},"type":"if","locations":[{"start":{"line":125,"column":8},"end":{"line":125,"column":83}},{"start":{},"end":{}}],"line":125},"9":{"loc":{"start":{"line":127,"column":8},"end":{"line":129,"column":9}},"type":"if","locations":[{"start":{"line":127,"column":8},"end":{"line":129,"column":9}},{"start":{},"end":{}}],"line":127},"10":{"loc":{"start":{"line":127,"column":12},"end":{"line":127,"column":51}},"type":"binary-expr","locations":[{"start":{"line":127,"column":12},"end":{"line":127,"column":22}},{"start":{"line":127,"column":26},"end":{"line":127,"column":51}}],"line":127},"11":{"loc":{"start":{"line":131,"column":21},"end":{"line":131,"column":97}},"type":"binary-expr","locations":[{"start":{"line":131,"column":21},"end":{"line":131,"column":55}},{"start":{"line":131,"column":59},"end":{"line":131,"column":97}}],"line":131},"12":{"loc":{"start":{"line":133,"column":8},"end":{"line":137,"column":9}},"type":"if","locations":[{"start":{"line":133,"column":8},"end":{"line":137,"column":9}},{"start":{},"end":{}}],"line":133},"13":{"loc":{"start":{"line":135,"column":39},"end":{"line":135,"column":88}},"type":"binary-expr","locations":[{"start":{"line":135,"column":39},"end":{"line":135,"column":69}},{"start":{"line":135,"column":73},"end":{"line":135,"column":88}}],"line":135},"14":{"loc":{"start":{"line":172,"column":4},"end":{"line":174,"column":5}},"type":"if","locations":[{"start":{"line":172,"column":4},"end":{"line":174,"column":5}},{"start":{},"end":{}}],"line":172}},"s":{"0":0,"1":0,"2":0,"3":0,"4":0,"5":0,"6":0,"7":0,"8":0,"9":0,"10":0,"11":0,"12":0,"13":0,"14":0,"15":0,"16":0,"17":0,"18":0,"19":0,"20":0,"21":0,"22":0,"23":0,"24":0,"25":0,"26":0,"27":0,"28":0,"29":0,"30":0,"31":0,"32":0,"33":0,"34":0,"35":0,"36":0,"37":0,"38":0,"39":0,"40":0,"41":0,"42":0,"43":0,"44":0,"45":0,"46":0,"47":0,"48":0,"49":0,"50":0,"51":0,"52":0,"53":0,"54":0,"55":0,"56":0,"57":0,"58":0,"59":0,"60":0,"61":0,"62":0,"63":0,"64":0,"65":0,"66":0,"67":0,"68":0,"69":0,"70":0,"71":0,"72":0,"73":0,"74":0,"75":0,"76":0,"77":0,"78":0,"79":0,"80":0,"81":0,"82":0,"83":0,"84":0,"85":0,"86":0,"87":0,"88":0,"89":0},"f":{"0":0,"1":0,"2":0,"3":0,"4":0,"5":0,"6":0,"7":0,"8":0},"b":{"0":[0,0],"1":[0],"2":[0],"3":[0,0],"4":[0,0],"5":[0,0],"6":[0,0],"7":[0,0],"8":[0,0],"9":[0,0],"10":[0,0],"11":[0,0],"12":[0,0],"13":[0,0],"14":[0,0]}}
,"D:\\Project-Fusion\\constants.js": {"path":"D:\\Project-Fusion\\constants.js","statementMap":{"0":{"start":{"line":8,"column":27},"end":{"line":15,"column":1}},"1":{"start":{"line":17,"column":22},"end":{"line":21,"column":1}},"2":{"start":{"line":23,"column":19},"end":{"line":27,"column":1}},"3":{"start":{"line":29,"column":15},"end":{"line":36,"column":1}},"4":{"start":{"line":38,"column":0},"end":{"line":43,"column":2}}},"fnMap":{},"branchMap":{},"s":{"0":0,"1":0,"2":0,"3":0,"4":0},"f":{},"b":{}}
,"D:\\Project-Fusion\\demo_stellar_transaction.js": {"path":"D:\\Project-Fusion\\demo_stellar_transaction.js","statementMap":{"0":{"start":{"line":6,"column":0},"end":{"line":6,"column":27}},"1":{"start":{"line":7,"column":14},"end":{"line":7,"column":30}},"2":{"start":{"line":8,"column":11},"end":{"line":8,"column":24}},"3":{"start":{"line":9,"column":13},"end":{"line":9,"column":28}},"4":{"start":{"line":11,"column":16},"end":{"line":11,"column":42}},"5":{"start":{"line":12,"column":13},"end":{"line":12,"column":37}},"6":{"start":{"line":15,"column":19},"end":{"line":20,"column":2}},"7":{"start":{"line":23,"column":4},"end":{"line":52,"column":7}},"8":{"start":{"line":24,"column":24},"end":{"line":35,"column":9}},"9":{"start":{"line":37,"column":20},"end":{"line":47,"column":10}},"10":{"start":{"line":38,"column":23},"end":{"line":38,"column":25}},"11":{"start":{"line":39,"column":12},"end":{"line":39,"column":55}},"12":{"start":{"line":39,"column":39},"end":{"line":39,"column":52}},"13":{"start":{"line":40,"column":12},"end":{"line":46,"column":15}},"14":{"start":{"line":41,"column":16},"end":{"line":45,"column":17}},"15":{"start":{"line":42,"column":20},"end":{"line":42,"column":80}},"16":{"start":{"line":44,"column":20},"end":{"line":44,"column":68}},"17":{"start":{"line":49,"column":8},"end":{"line":49,"column":32}},"18":{"start":{"line":50,"column":8},"end":{"line":50,"column":50}},"19":{"start":{"line":50,"column":18},"end":{"line":50,"column":50}},"20":{"start":{"line":51,"column":8},"end":{"line":51,"column":18}},"21":{"start":{"line":56,"column":4},"end":{"line":56,"column":60}},"22":{"start":{"line":57,"column":4},"end":{"line":57,"column":64}},"23":{"start":{"line":59,"column":4},"end":{"line":130,"column":5}},"24":{"start":{"line":61,"column":8},"end":{"line":61,"column":57}},"25":{"start":{"line":62,"column":27},"end":{"line":68,"column":10}},"26":{"start":{"line":70,"column":30},"end":{"line":70,"column":59}},"27":{"start":{"line":71,"column":8},"end":{"line":71,"column":58}},"28":{"start":{"line":72,"column":8},"end":{"line":72,"column":60}},"29":{"start":{"line":75,"column":8},"end":{"line":75,"column":70}},"30":{"start":{"line":76,"column":31},"end":{"line":76,"column":99}},"31":{"start":{"line":77,"column":23},"end":{"line":77,"column":56}},"32":{"start":{"line":78,"column":27},"end":{"line":78,"column":67}},"33":{"start":{"line":80,"column":8},"end":{"line":80,"column":77}},"34":{"start":{"line":82,"column":8},"end":{"line":86,"column":9}},"35":{"start":{"line":83,"column":12},"end":{"line":83,"column":98}},"36":{"start":{"line":84,"column":12},"end":{"line":84,"column":79}},"37":{"start":{"line":85,"column":12},"end":{"line":85,"column":19}},"38":{"start":{"line":88,"column":8},"end":{"line":88,"column":57}},"39":{"start":{"line":89,"column":8},"end":{"line":89,"column":90}},"40":{"start":{"line":92,"column":8},"end":{"line":92,"column":60}},"41":{"start":{"line":93,"column":28},"end":{"line":95,"column":10}},"42":{"start":{"line":96,"column":8},"end":{"line":96,"column":70}},"43":{"start":{"line":97,"column":8},"end":{"line":97,"column":61}},"44":{"start":{"line":100,"column":8},"end":{"line":100,"column":63}},"45":{"start":{"line":101,"column":8},"end":{"line":101,"column":64}},"46":{"start":{"line":102,"column":27},"end":{"line":105,"column":10}},"47":{"start":{"line":107,"column":8},"end":{"line":127,"column":9}},"48":{"start":{"line":108,"column":27},"end":{"line":108,"column":57}},"49":{"start":{"line":109,"column":12},"end":{"line":109,"column":79}},"50":{"start":{"line":110,"column":12},"end":{"line":110,"column":70}},"51":{"start":{"line":111,"column":12},"end":{"line":111,"column":48}},"52":{"start":{"line":112,"column":12},"end":{"line":112,"column":70}},"53":{"start":{"line":113,"column":12},"end":{"line":113,"column":70}},"54":{"start":{"line":114,"column":12},"end":{"line":114,"column":61}},"55":{"start":{"line":115,"column":12},"end":{"line":115,"column":52}},"56":{"start":{"line":116,"column":12},"end":{"line":116,"column":44}},"57":{"start":{"line":117,"column":12},"end":{"line":117,"column":51}},"58":{"start":{"line":118,"column":12},"end":{"line":118,"column":57}},"59":{"start":{"line":119,"column":12},"end":{"line":119,"column":77}},"60":{"start":{"line":120,"column":12},"end":{"line":120,"column":70}},"61":{"start":{"line":121,"column":12},"end":{"line":121,"column":56}},"62":{"start":{"line":122,"column":12},"end":{"line":122,"column":96}},"63":{"start":{"line":123,"column":12},"end":{"line":123,"column":30}},"64":{"start":{"line":125,"column":12},"end":{"line":125,"column":50}},"65":{"start":{"line":126,"column":12},"end":{"line":126,"column":66}},"66":{"start":{"line":129,"column":8},"end":{"line":129,"column":49}},"67":{"start":{"line":133,"column":0},"end":{"line":133,"column":28}}},"fnMap":{"0":{"name":"makeRequest","decl":{"start":{"line":22,"column":9},"end":{"line":22,"column":20}},"loc":{"start":{"line":22,"column":56},"end":{"line":53,"column":1}},"line":22},"1":{"name":"(anonymous_1)","decl":{"start":{"line":23,"column":23},"end":{"line":23,"column":24}},"loc":{"start":{"line":23,"column":44},"end":{"line":52,"column":5}},"line":23},"2":{"name":"(anonymous_2)","decl":{"start":{"line":37,"column":43},"end":{"line":37,"column":44}},"loc":{"start":{"line":37,"column":52},"end":{"line":47,"column":9}},"line":37},"3":{"name":"(anonymous_3)","decl":{"start":{"line":39,"column":27},"end":{"line":39,"column":28}},"loc":{"start":{"line":39,"column":39},"end":{"line":39,"column":52}},"line":39},"4":{"name":"(anonymous_4)","decl":{"start":{"line":40,"column":26},"end":{"line":40,"column":27}},"loc":{"start":{"line":40,"column":32},"end":{"line":46,"column":13}},"line":40},"5":{"name":"executeStellarTransaction","decl":{"start":{"line":55,"column":15},"end":{"line":55,"column":40}},"loc":{"start":{"line":55,"column":43},"end":{"line":131,"column":1}},"line":55}},"branchMap":{"0":{"loc":{"start":{"line":12,"column":13},"end":{"line":12,"column":37}},"type":"binary-expr","locations":[{"start":{"line":12,"column":13},"end":{"line":12,"column":29}},{"start":{"line":12,"column":33},"end":{"line":12,"column":37}}],"line":12},"1":{"loc":{"start":{"line":22,"column":27},"end":{"line":22,"column":41}},"type":"default-arg","locations":[{"start":{"line":22,"column":36},"end":{"line":22,"column":41}}],"line":22},"2":{"loc":{"start":{"line":22,"column":43},"end":{"line":22,"column":54}},"type":"default-arg","locations":[{"start":{"line":22,"column":50},"end":{"line":22,"column":54}}],"line":22},"3":{"loc":{"start":{"line":50,"column":8},"end":{"line":50,"column":50}},"type":"if","locations":[{"start":{"line":50,"column":8},"end":{"line":50,"column":50}},{"start":{},"end":{}}],"line":50},"4":{"loc":{"start":{"line":78,"column":27},"end":{"line":78,"column":67}},"type":"binary-expr","locations":[{"start":{"line":78,"column":27},"end":{"line":78,"column":33}},{"start":{"line":78,"column":37},"end":{"line":78,"column":67}}],"line":78},"5":{"loc":{"start":{"line":80,"column":33},"end":{"line":80,"column":73}},"type":"cond-expr","locations":[{"start":{"line":80,"column":46},"end":{"line":80,"column":58}},{"start":{"line":80,"column":61},"end":{"line":80,"column":73}}],"line":80},"6":{"loc":{"start":{"line":82,"column":8},"end":{"line":86,"column":9}},"type":"if","locations":[{"start":{"line":82,"column":8},"end":{"line":86,"column":9}},{"start":{},"end":{}}],"line":82},"7":{"loc":{"start":{"line":83,"column":38},"end":{"line":83,"column":94}},"type":"binary-expr","locations":[{"start":{"line":83,"column":38},"end":{"line":83,"column":55}},{"start":{"line":83,"column":59},"end":{"line":83,"column":94}}],"line":83},"8":{"loc":{"start":{"line":107,"column":8},"end":{"line":127,"column":9}},"type":"if","locations":[{"start":{"line":107,"column":8},"end":{"line":127,"column":9}},{"start":{"line":124,"column":15},"end":{"line":127,"column":9}}],"line":107},"9":{"loc":{"start":{"line":107,"column":12},"end":{"line":107,"column":92}},"type":"binary-expr","locations":[{"start":{"line":107,"column":12},"end":{"line":107,"column":42}},{"start":{"line":107,"column":46},"end":{"line":107,"column":92}}],"line":107}},"s":{"0":0,"1":0,"2":0,"3":0,"4":0,"5":0,"6":0,"7":0,"8":0,"9":0,"10":0,"11":0,"12":0,"13":0,"14":0,"15":0,"16":0,"17":0,"18":0,"19":0,"20":0,"21":0,"22":0,"23":0,"24":0,"25":0,"26":0,"27":0,"28":0,"29":0,"30":0,"31":0,"32":0,"33":0,"34":0,"35":0,"36":0,"37":0,"38":0,"39":0,"40":0,"41":0,"42":0,"43":0,"44":0,"45":0,"46":0,"47":0,"48":0,"49":0,"50":0,"51":0,"52":0,"53":0,"54":0,"55":0,"56":0,"57":0,"58":0,"59":0,"60":0,"61":0,"62":0,"63":0,"64":0,"65":0,"66":0,"67":0},"f":{"0":0,"1":0,"2":0,"3":0,"4":0,"5":0},"b":{"0":[0,0],"1":[0],"2":[0],"3":[0,0],"4":[0,0],"5":[0,0],"6":[0,0],"7":[0,0],"8":[0,0],"9":[0,0]}}
,"D:\\Project-Fusion\\load_test_scale.js": {"path":"D:\\Project-Fusion\\load_test_scale.js","statementMap":{"0":{"start":{"line":11,"column":0},"end":{"line":11,"column":27}},"1":{"start":{"line":12,"column":14},"end":{"line":12,"column":30}},"2":{"start":{"line":13,"column":11},"end":{"line":13,"column":24}},"3":{"start":{"line":14,"column":13},"end":{"line":14,"column":28}},"4":{"start":{"line":16,"column":16},"end":{"line":16,"column":42}},"5":{"start":{"line":17,"column":13},"end":{"line":17,"column":37}},"6":{"start":{"line":18,"column":20},"end":{"line":18,"column":23}},"7":{"start":{"line":19,"column":23},"end":{"line":19,"column":27}},"8":{"start":{"line":21,"column":19},"end":{"line":28,"column":2}},"9":{"start":{"line":31,"column":4},"end":{"line":72,"column":7}},"10":{"start":{"line":32,"column":22},"end":{"line":32,"column":32}},"11":{"start":{"line":33,"column":24},"end":{"line":44,"column":9}},"12":{"start":{"line":46,"column":21},"end":{"line":52,"column":10}},"13":{"start":{"line":54,"column":20},"end":{"line":65,"column":10}},"14":{"start":{"line":55,"column":23},"end":{"line":55,"column":25}},"15":{"start":{"line":56,"column":12},"end":{"line":56,"column":47}},"16":{"start":{"line":56,"column":35},"end":{"line":56,"column":44}},"17":{"start":{"line":57,"column":12},"end":{"line":64,"column":15}},"18":{"start":{"line":58,"column":33},"end":{"line":58,"column":51}},"19":{"start":{"line":60,"column":16},"end":{"line":63,"column":19}},"20":{"start":{"line":67,"column":8},"end":{"line":69,"column":10}},"21":{"start":{"line":68,"column":12},"end":{"line":68,"column":86}},"22":{"start":{"line":70,"column":8},"end":{"line":70,"column":24}},"23":{"start":{"line":71,"column":8},"end":{"line":71,"column":18}},"24":{"start":{"line":76,"column":4},"end":{"line":76,"column":58}},"25":{"start":{"line":77,"column":4},"end":{"line":77,"column":55}},"26":{"start":{"line":78,"column":4},"end":{"line":78,"column":53}},"27":{"start":{"line":79,"column":4},"end":{"line":79,"column":47}},"28":{"start":{"line":80,"column":4},"end":{"line":80,"column":49}},"29":{"start":{"line":82,"column":22},"end":{"line":82,"column":32}},"30":{"start":{"line":83,"column":20},"end":{"line":83,"column":21}},"31":{"start":{"line":84,"column":18},"end":{"line":84,"column":19}},"32":{"start":{"line":85,"column":17},"end":{"line":85,"column":18}},"33":{"start":{"line":86,"column":22},"end":{"line":86,"column":24}},"34":{"start":{"line":88,"column":18},"end":{"line":88,"column":69}},"35":{"start":{"line":88,"column":67},"end":{"line":88,"column":68}},"36":{"start":{"line":89,"column":20},"end":{"line":104,"column":10}},"37":{"start":{"line":92,"column":12},"end":{"line":103,"column":13}},"38":{"start":{"line":93,"column":27},"end":{"line":93,"column":40}},"39":{"start":{"line":94,"column":31},"end":{"line":94,"column":52}},"40":{"start":{"line":95,"column":16},"end":{"line":95,"column":48}},"41":{"start":{"line":96,"column":16},"end":{"line":100,"column":17}},"42":{"start":{"line":97,"column":20},"end":{"line":97,"column":30}},"43":{"start":{"line":99,"column":20},"end":{"line":99,"column":29}},"44":{"start":{"line":101,"column":16},"end":{"line":101,"column":28}},"45":{"start":{"line":102,"column":16},"end":{"line":102,"column":69}},"46":{"start":{"line":102,"column":43},"end":{"line":102,"column":69}},"47":{"start":{"line":106,"column":4},"end":{"line":106,"column":31}},"48":{"start":{"line":108,"column":20},"end":{"line":108,"column":30}},"49":{"start":{"line":109,"column":24},"end":{"line":109,"column":43}},"50":{"start":{"line":110,"column":25},"end":{"line":110,"column":43}},"51":{"start":{"line":111,"column":16},"end":{"line":111,"column":50}},"52":{"start":{"line":112,"column":23},"end":{"line":112,"column":90}},"53":{"start":{"line":112,"column":61},"end":{"line":112,"column":66}},"54":{"start":{"line":114,"column":4},"end":{"line":114,"column":42}},"55":{"start":{"line":115,"column":4},"end":{"line":115,"column":41}},"56":{"start":{"line":116,"column":4},"end":{"line":116,"column":59}},"57":{"start":{"line":117,"column":4},"end":{"line":117,"column":42}},"58":{"start":{"line":118,"column":4},"end":{"line":118,"column":41}},"59":{"start":{"line":119,"column":4},"end":{"line":119,"column":48}},"60":{"start":{"line":120,"column":4},"end":{"line":120,"column":43}},"61":{"start":{"line":121,"column":4},"end":{"line":121,"column":41}},"62":{"start":{"line":124,"column":19},"end":{"line":132,"column":5}},"63":{"start":{"line":133,"column":4},"end":{"line":133,"column":75}},"64":{"start":{"line":136,"column":0},"end":{"line":136,"column":14}}},"fnMap":{"0":{"name":"makeRequest","decl":{"start":{"line":30,"column":9},"end":{"line":30,"column":20}},"loc":{"start":{"line":30,"column":25},"end":{"line":73,"column":1}},"line":30},"1":{"name":"(anonymous_1)","decl":{"start":{"line":31,"column":23},"end":{"line":31,"column":24}},"loc":{"start":{"line":31,"column":36},"end":{"line":72,"column":5}},"line":31},"2":{"name":"(anonymous_2)","decl":{"start":{"line":54,"column":43},"end":{"line":54,"column":44}},"loc":{"start":{"line":54,"column":52},"end":{"line":65,"column":9}},"line":54},"3":{"name":"(anonymous_3)","decl":{"start":{"line":56,"column":27},"end":{"line":56,"column":28}},"loc":{"start":{"line":56,"column":35},"end":{"line":56,"column":44}},"line":56},"4":{"name":"(anonymous_4)","decl":{"start":{"line":57,"column":26},"end":{"line":57,"column":27}},"loc":{"start":{"line":57,"column":32},"end":{"line":64,"column":13}},"line":57},"5":{"name":"(anonymous_5)","decl":{"start":{"line":67,"column":24},"end":{"line":67,"column":25}},"loc":{"start":{"line":68,"column":12},"end":{"line":68,"column":86}},"line":68},"6":{"name":"runLoadTest","decl":{"start":{"line":75,"column":15},"end":{"line":75,"column":26}},"loc":{"start":{"line":75,"column":29},"end":{"line":134,"column":1}},"line":75},"7":{"name":"(anonymous_7)","decl":{"start":{"line":88,"column":57},"end":{"line":88,"column":58}},"loc":{"start":{"line":88,"column":67},"end":{"line":88,"column":68}},"line":88},"8":{"name":"(anonymous_8)","decl":{"start":{"line":91,"column":13},"end":{"line":91,"column":14}},"loc":{"start":{"line":91,"column":25},"end":{"line":104,"column":9}},"line":91},"9":{"name":"(anonymous_9)","decl":{"start":{"line":112,"column":51},"end":{"line":112,"column":52}},"loc":{"start":{"line":112,"column":61},"end":{"line":112,"column":66}},"line":112}},"branchMap":{"0":{"loc":{"start":{"line":17,"column":13},"end":{"line":17,"column":37}},"type":"binary-expr","locations":[{"start":{"line":17,"column":13},"end":{"line":17,"column":29}},{"start":{"line":17,"column":33},"end":{"line":17,"column":37}}],"line":17},"1":{"loc":{"start":{"line":96,"column":16},"end":{"line":100,"column":17}},"type":"if","locations":[{"start":{"line":96,"column":16},"end":{"line":100,"column":17}},{"start":{"line":98,"column":23},"end":{"line":100,"column":17}}],"line":96},"2":{"loc":{"start":{"line":96,"column":20},"end":{"line":96,"column":66}},"type":"binary-expr","locations":[{"start":{"line":96,"column":20},"end":{"line":96,"column":41}},{"start":{"line":96,"column":45},"end":{"line":96,"column":66}}],"line":96},"3":{"loc":{"start":{"line":102,"column":16},"end":{"line":102,"column":69}},"type":"if","locations":[{"start":{"line":102,"column":16},"end":{"line":102,"column":69}},{"start":{},"end":{}}],"line":102}},"s":{"0":0,"1":0,"2":0,"3":0,"4":0,"5":0,"6":0,"7":0,"8":0,"9":0,"10":0,"11":0,"12":0,"13":0,"14":0,"15":0,"16":0,"17":0,"18":0,"19":0,"20":0,"21":0,"22":0,"23":0,"24":0,"25":0,"26":0,"27":0,"28":0,"29":0,"30":0,"31":0,"32":0,"33":0,"34":0,"35":0,"36":0,"37":0,"38":0,"39":0,"40":0,"41":0,"42":0,"43":0,"44":0,"45":0,"46":0,"47":0,"48":0,"49":0,"50":0,"51":0,"52":0,"53":0,"54":0,"55":0,"56":0,"57":0,"58":0,"59":0,"60":0,"61":0,"62":0,"63":0,"64":0},"f":{"0":0,"1":0,"2":0,"3":0,"4":0,"5":0,"6":0,"7":0,"8":0,"9":0},"b":{"0":[0,0],"1":[0,0],"2":[0,0],"3":[0,0]}}
,"D:\\Project-Fusion\\logger.js": {"path":"D:\\Project-Fusion\\logger.js","statementMap":{"0":{"start":{"line":8,"column":13},"end":{"line":8,"column":28}},"1":{"start":{"line":10,"column":15},"end":{"line":23,"column":2}},"2":{"start":{"line":25,"column":0},"end":{"line":25,"column":24}}},"fnMap":{},"branchMap":{"0":{"loc":{"start":{"line":11,"column":11},"end":{"line":11,"column":42}},"type":"binary-expr","locations":[{"start":{"line":11,"column":11},"end":{"line":11,"column":32}},{"start":{"line":11,"column":36},"end":{"line":11,"column":42}}],"line":11}},"s":{"0":0,"1":0,"2":0},"f":{},"b":{"0":[0,0]}}
,"D:\\Project-Fusion\\policyEngine.js": {"path":"D:\\Project-Fusion\\policyEngine.js","statementMap":{"0":{"start":{"line":3,"column":15},"end":{"line":3,"column":32}},"1":{"start":{"line":7,"column":19},"end":{"line":7,"column":29}},"2":{"start":{"line":8,"column":20},"end":{"line":8,"column":55}},"3":{"start":{"line":11,"column":4},"end":{"line":17,"column":5}},"4":{"start":{"line":15,"column":8},"end":{"line":15,"column":30}},"5":{"start":{"line":16,"column":8},"end":{"line":16,"column":74}},"6":{"start":{"line":20,"column":4},"end":{"line":23,"column":5}},"7":{"start":{"line":21,"column":8},"end":{"line":21,"column":30}},"8":{"start":{"line":22,"column":8},"end":{"line":22,"column":68}},"9":{"start":{"line":31,"column":21},"end":{"line":31,"column":40}},"10":{"start":{"line":32,"column":23},"end":{"line":32,"column":47}},"11":{"start":{"line":33,"column":23},"end":{"line":33,"column":73}},"12":{"start":{"line":38,"column":8},"end":{"line":45,"column":18}},"13":{"start":{"line":47,"column":22},"end":{"line":50,"column":22}},"14":{"start":{"line":52,"column":4},"end":{"line":80,"column":6}},"15":{"start":{"line":83,"column":0},"end":{"line":83,"column":36}}},"fnMap":{"0":{"name":"evaluatePolicy","decl":{"start":{"line":5,"column":9},"end":{"line":5,"column":23}},"loc":{"start":{"line":5,"column":51},"end":{"line":81,"column":1}},"line":5}},"branchMap":{"0":{"loc":{"start":{"line":11,"column":4},"end":{"line":17,"column":5}},"type":"if","locations":[{"start":{"line":11,"column":4},"end":{"line":17,"column":5}},{"start":{},"end":{}}],"line":11},"1":{"loc":{"start":{"line":12,"column":8},"end":{"line":13,"column":60}},"type":"binary-expr","locations":[{"start":{"line":12,"column":8},"end":{"line":12,"column":46}},{"start":{"line":13,"column":8},"end":{"line":13,"column":60}}],"line":12},"2":{"loc":{"start":{"line":20,"column":4},"end":{"line":23,"column":5}},"type":"if","locations":[{"start":{"line":20,"column":4},"end":{"line":23,"column":5}},{"start":{},"end":{}}],"line":20},"3":{"loc":{"start":{"line":62,"column":21},"end":{"line":62,"column":68}},"type":"cond-expr","locations":[{"start":{"line":62,"column":47},"end":{"line":62,"column":57}},{"start":{"line":62,"column":60},"end":{"line":62,"column":68}}],"line":62}},"s":{"0":0,"1":0,"2":0,"3":0,"4":0,"5":0,"6":0,"7":0,"8":0,"9":0,"10":0,"11":0,"12":0,"13":0,"14":0,"15":0},"f":{"0":0},"b":{"0":[0,0],"1":[0,0],"2":[0,0],"3":[0,0]}}
,"D:\\Project-Fusion\\server.js": {"path":"D:\\Project-Fusion\\server.js","statementMap":{"0":{"start":{"line":3,"column":16},"end":{"line":3,"column":34}},"1":{"start":{"line":4,"column":13},"end":{"line":4,"column":28}},"2":{"start":{"line":5,"column":17},"end":{"line":5,"column":30}},"3":{"start":{"line":6,"column":14},"end":{"line":6,"column":30}},"4":{"start":{"line":7,"column":15},"end":{"line":7,"column":32}},"5":{"start":{"line":8,"column":13},"end":{"line":8,"column":28}},"6":{"start":{"line":9,"column":11},"end":{"line":9,"column":24}},"7":{"start":{"line":10,"column":15},"end":{"line":10,"column":34}},"8":{"start":{"line":12,"column":21},"end":{"line":14,"column":2}},"9":{"start":{"line":16,"column":0},"end":{"line":19,"column":1}},"10":{"start":{"line":17,"column":4},"end":{"line":17,"column":64}},"11":{"start":{"line":18,"column":4},"end":{"line":18,"column":20}},"12":{"start":{"line":21,"column":27},"end":{"line":21,"column":52}},"13":{"start":{"line":22,"column":34},"end":{"line":22,"column":73}},"14":{"start":{"line":23,"column":34},"end":{"line":23,"column":70}},"15":{"start":{"line":24,"column":31},"end":{"line":24,"column":69}},"16":{"start":{"line":25,"column":19},"end":{"line":25,"column":41}},"17":{"start":{"line":26,"column":18},"end":{"line":26,"column":47}},"18":{"start":{"line":31,"column":4},"end":{"line":31,"column":27}},"19":{"start":{"line":33,"column":12},"end":{"line":33,"column":21}},"20":{"start":{"line":34,"column":13},"end":{"line":34,"column":37}},"21":{"start":{"line":37,"column":21},"end":{"line":42,"column":1}},"22":{"start":{"line":44,"column":0},"end":{"line":44,"column":16}},"23":{"start":{"line":45,"column":0},"end":{"line":45,"column":24}},"24":{"start":{"line":48,"column":18},"end":{"line":48,"column":47}},"25":{"start":{"line":49,"column":20},"end":{"line":49,"column":40}},"26":{"start":{"line":50,"column":0},"end":{"line":50,"column":68}},"27":{"start":{"line":51,"column":0},"end":{"line":51,"column":78}},"28":{"start":{"line":54,"column":19},"end":{"line":63,"column":2}},"29":{"start":{"line":66,"column":24},"end":{"line":75,"column":1}},"30":{"start":{"line":66,"column":36},"end":{"line":75,"column":1}},"31":{"start":{"line":67,"column":22},"end":{"line":67,"column":70}},"32":{"start":{"line":68,"column":4},"end":{"line":73,"column":5}},"33":{"start":{"line":69,"column":8},"end":{"line":72,"column":11}},"34":{"start":{"line":71,"column":46},"end":{"line":71,"column":55}},"35":{"start":{"line":74,"column":4},"end":{"line":74,"column":11}},"36":{"start":{"line":78,"column":13},"end":{"line":84,"column":2}},"37":{"start":{"line":86,"column":0},"end":{"line":96,"column":5}},"38":{"start":{"line":87,"column":4},"end":{"line":95,"column":5}},"39":{"start":{"line":88,"column":23},"end":{"line":88,"column":43}},"40":{"start":{"line":89,"column":8},"end":{"line":89,"column":46}},"41":{"start":{"line":90,"column":20},"end":{"line":90,"column":54}},"42":{"start":{"line":91,"column":8},"end":{"line":91,"column":58}},"43":{"start":{"line":92,"column":8},"end":{"line":92,"column":25}},"44":{"start":{"line":94,"column":8},"end":{"line":94,"column":57}},"45":{"start":{"line":99,"column":0},"end":{"line":99,"column":78}},"46":{"start":{"line":99,"column":27},"end":{"line":99,"column":76}},"47":{"start":{"line":106,"column":0},"end":{"line":108,"column":3}},"48":{"start":{"line":107,"column":4},"end":{"line":107,"column":85}},"49":{"start":{"line":111,"column":0},"end":{"line":130,"column":3}},"50":{"start":{"line":112,"column":19},"end":{"line":117,"column":5}},"51":{"start":{"line":120,"column":4},"end":{"line":126,"column":5}},"52":{"start":{"line":121,"column":8},"end":{"line":121,"column":37}},"53":{"start":{"line":122,"column":8},"end":{"line":122,"column":56}},"54":{"start":{"line":124,"column":8},"end":{"line":124,"column":35}},"55":{"start":{"line":125,"column":8},"end":{"line":125,"column":78}},"56":{"start":{"line":128,"column":23},"end":{"line":128,"column":62}},"57":{"start":{"line":129,"column":4},"end":{"line":129,"column":40}},"58":{"start":{"line":133,"column":0},"end":{"line":154,"column":3}},"59":{"start":{"line":134,"column":20},"end":{"line":150,"column":16}},"60":{"start":{"line":152,"column":4},"end":{"line":152,"column":42}},"61":{"start":{"line":153,"column":4},"end":{"line":153,"column":22}},"62":{"start":{"line":157,"column":0},"end":{"line":184,"column":3}},"63":{"start":{"line":158,"column":4},"end":{"line":183,"column":5}},"64":{"start":{"line":159,"column":34},"end":{"line":159,"column":44}},"65":{"start":{"line":161,"column":28},"end":{"line":164,"column":9}},"66":{"start":{"line":166,"column":8},"end":{"line":168,"column":9}},"67":{"start":{"line":167,"column":12},"end":{"line":167,"column":76}},"68":{"start":{"line":170,"column":20},"end":{"line":170,"column":39}},"69":{"start":{"line":173,"column":8},"end":{"line":180,"column":11}},"70":{"start":{"line":182,"column":8},"end":{"line":182,"column":52}},"71":{"start":{"line":187,"column":27},"end":{"line":210,"column":1}},"72":{"start":{"line":190,"column":4},"end":{"line":199,"column":5}},"73":{"start":{"line":191,"column":21},"end":{"line":191,"column":52}},"74":{"start":{"line":192,"column":8},"end":{"line":198,"column":9}},"75":{"start":{"line":193,"column":12},"end":{"line":193,"column":75}},"76":{"start":{"line":194,"column":12},"end":{"line":197,"column":15}},"77":{"start":{"line":202,"column":22},"end":{"line":202,"column":46}},"78":{"start":{"line":203,"column":4},"end":{"line":208,"column":5}},"79":{"start":{"line":204,"column":8},"end":{"line":207,"column":11}},"80":{"start":{"line":209,"column":4},"end":{"line":209,"column":11}},"81":{"start":{"line":213,"column":0},"end":{"line":213,"column":49}},"82":{"start":{"line":219,"column":25},"end":{"line":244,"column":1}},"83":{"start":{"line":220,"column":16},"end":{"line":220,"column":48}},"84":{"start":{"line":221,"column":4},"end":{"line":227,"column":5}},"85":{"start":{"line":222,"column":8},"end":{"line":222,"column":65}},"86":{"start":{"line":223,"column":8},"end":{"line":226,"column":11}},"87":{"start":{"line":229,"column":4},"end":{"line":243,"column":5}},"88":{"start":{"line":230,"column":23},"end":{"line":233,"column":9}},"89":{"start":{"line":234,"column":8},"end":{"line":237,"column":9}},"90":{"start":{"line":235,"column":12},"end":{"line":235,"column":82}},"91":{"start":{"line":236,"column":12},"end":{"line":236,"column":70}},"92":{"start":{"line":238,"column":8},"end":{"line":238,"column":33}},"93":{"start":{"line":239,"column":8},"end":{"line":239,"column":15}},"94":{"start":{"line":241,"column":8},"end":{"line":241,"column":55}},"95":{"start":{"line":242,"column":8},"end":{"line":242,"column":15}},"96":{"start":{"line":252,"column":4},"end":{"line":265,"column":5}},"97":{"start":{"line":256,"column":12},"end":{"line":256,"column":57}},"98":{"start":{"line":258,"column":12},"end":{"line":258,"column":60}},"99":{"start":{"line":260,"column":12},"end":{"line":260,"column":60}},"100":{"start":{"line":262,"column":12},"end":{"line":262,"column":57}},"101":{"start":{"line":264,"column":12},"end":{"line":264,"column":68}},"102":{"start":{"line":271,"column":28},"end":{"line":278,"column":5}},"103":{"start":{"line":281,"column":4},"end":{"line":281,"column":72}},"104":{"start":{"line":282,"column":4},"end":{"line":282,"column":58}},"105":{"start":{"line":284,"column":4},"end":{"line":284,"column":27}},"106":{"start":{"line":291,"column":21},"end":{"line":291,"column":40}},"107":{"start":{"line":292,"column":21},"end":{"line":292,"column":40}},"108":{"start":{"line":295,"column":4},"end":{"line":299,"column":6}},"109":{"start":{"line":302,"column":4},"end":{"line":306,"column":6}},"110":{"start":{"line":311,"column":24},"end":{"line":318,"column":5}},"111":{"start":{"line":320,"column":42},"end":{"line":320,"column":61}},"112":{"start":{"line":322,"column":4},"end":{"line":326,"column":5}},"113":{"start":{"line":323,"column":8},"end":{"line":325,"column":10}},"114":{"start":{"line":328,"column":4},"end":{"line":330,"column":6}},"115":{"start":{"line":331,"column":4},"end":{"line":331,"column":16}},"116":{"start":{"line":341,"column":0},"end":{"line":376,"column":2}},"117":{"start":{"line":346,"column":8},"end":{"line":374,"column":9}},"118":{"start":{"line":347,"column":69},"end":{"line":347,"column":77}},"119":{"start":{"line":348,"column":34},"end":{"line":348,"column":53}},"120":{"start":{"line":350,"column":35},"end":{"line":354,"column":13}},"121":{"start":{"line":356,"column":33},"end":{"line":360,"column":13}},"122":{"start":{"line":363,"column":12},"end":{"line":368,"column":13}},"123":{"start":{"line":364,"column":16},"end":{"line":367,"column":18}},"124":{"start":{"line":370,"column":12},"end":{"line":370,"column":35}},"125":{"start":{"line":372,"column":12},"end":{"line":372,"column":31}},"126":{"start":{"line":373,"column":12},"end":{"line":373,"column":49}},"127":{"start":{"line":379,"column":0},"end":{"line":445,"column":3}},"128":{"start":{"line":380,"column":19},"end":{"line":380,"column":39}},"129":{"start":{"line":381,"column":4},"end":{"line":444,"column":5}},"130":{"start":{"line":382,"column":34},"end":{"line":382,"column":42}},"131":{"start":{"line":383,"column":23},"end":{"line":385,"column":10}},"132":{"start":{"line":386,"column":8},"end":{"line":386,"column":90}},"133":{"start":{"line":386,"column":38},"end":{"line":386,"column":90}},"134":{"start":{"line":387,"column":20},"end":{"line":387,"column":34}},"135":{"start":{"line":390,"column":23},"end":{"line":390,"column":70}},"136":{"start":{"line":392,"column":8},"end":{"line":433,"column":9}},"137":{"start":{"line":394,"column":12},"end":{"line":394,"column":40}},"138":{"start":{"line":397,"column":24},"end":{"line":401,"column":13}},"139":{"start":{"line":404,"column":12},"end":{"line":407,"column":13}},"140":{"start":{"line":405,"column":16},"end":{"line":405,"column":47}},"141":{"start":{"line":406,"column":16},"end":{"line":406,"column":86}},"142":{"start":{"line":410,"column":12},"end":{"line":414,"column":14}},"143":{"start":{"line":417,"column":12},"end":{"line":420,"column":14}},"144":{"start":{"line":422,"column":12},"end":{"line":422,"column":41}},"145":{"start":{"line":424,"column":12},"end":{"line":424,"column":80}},"146":{"start":{"line":427,"column":12},"end":{"line":430,"column":14}},"147":{"start":{"line":432,"column":12},"end":{"line":432,"column":80}},"148":{"start":{"line":435,"column":8},"end":{"line":439,"column":9}},"149":{"start":{"line":436,"column":12},"end":{"line":436,"column":43}},"150":{"start":{"line":438,"column":12},"end":{"line":438,"column":58}},"151":{"start":{"line":440,"column":8},"end":{"line":440,"column":44}},"152":{"start":{"line":441,"column":8},"end":{"line":441,"column":45}},"153":{"start":{"line":443,"column":8},"end":{"line":443,"column":25}},"154":{"start":{"line":450,"column":0},"end":{"line":483,"column":3}},"155":{"start":{"line":451,"column":4},"end":{"line":482,"column":5}},"156":{"start":{"line":452,"column":34},"end":{"line":452,"column":42}},"157":{"start":{"line":453,"column":23},"end":{"line":455,"column":10}},"158":{"start":{"line":456,"column":20},"end":{"line":456,"column":34}},"159":{"start":{"line":458,"column":8},"end":{"line":459,"column":86}},"160":{"start":{"line":459,"column":12},"end":{"line":459,"column":86}},"161":{"start":{"line":462,"column":26},"end":{"line":462,"column":41}},"162":{"start":{"line":464,"column":8},"end":{"line":469,"column":87}},"163":{"start":{"line":464,"column":42},"end":{"line":464,"column":80}},"164":{"start":{"line":465,"column":13},"end":{"line":469,"column":87}},"165":{"start":{"line":466,"column":12},"end":{"line":466,"column":53}},"166":{"start":{"line":467,"column":13},"end":{"line":469,"column":87}},"167":{"start":{"line":467,"column":49},"end":{"line":467,"column":86}},"168":{"start":{"line":468,"column":13},"end":{"line":469,"column":87}},"169":{"start":{"line":468,"column":41},"end":{"line":468,"column":72}},"170":{"start":{"line":469,"column":13},"end":{"line":469,"column":87}},"171":{"start":{"line":469,"column":56},"end":{"line":469,"column":87}},"172":{"start":{"line":471,"column":8},"end":{"line":474,"column":10}},"173":{"start":{"line":477,"column":8},"end":{"line":477,"column":96}},"174":{"start":{"line":479,"column":8},"end":{"line":479,"column":94}},"175":{"start":{"line":481,"column":8},"end":{"line":481,"column":52}},"176":{"start":{"line":486,"column":0},"end":{"line":648,"column":2}},"177":{"start":{"line":493,"column":23},"end":{"line":493,"column":43}},"178":{"start":{"line":494,"column":8},"end":{"line":503,"column":9}},"179":{"start":{"line":495,"column":38},"end":{"line":495,"column":46}},"180":{"start":{"line":496,"column":27},"end":{"line":499,"column":13}},"181":{"start":{"line":500,"column":12},"end":{"line":500,"column":33}},"182":{"start":{"line":502,"column":12},"end":{"line":502,"column":29}},"183":{"start":{"line":505,"column":8},"end":{"line":508,"column":9}},"184":{"start":{"line":507,"column":12},"end":{"line":507,"column":76}},"185":{"start":{"line":510,"column":8},"end":{"line":515,"column":9}},"186":{"start":{"line":511,"column":12},"end":{"line":514,"column":15}},"187":{"start":{"line":517,"column":43},"end":{"line":517,"column":51}},"188":{"start":{"line":519,"column":8},"end":{"line":646,"column":9}},"189":{"start":{"line":520,"column":12},"end":{"line":520,"column":80}},"190":{"start":{"line":525,"column":12},"end":{"line":548,"column":13}},"191":{"start":{"line":527,"column":16},"end":{"line":527,"column":67}},"192":{"start":{"line":528,"column":16},"end":{"line":528,"column":80}},"193":{"start":{"line":531,"column":16},"end":{"line":543,"column":17}},"194":{"start":{"line":533,"column":41},"end":{"line":533,"column":61}},"195":{"start":{"line":534,"column":20},"end":{"line":541,"column":21}},"196":{"start":{"line":535,"column":24},"end":{"line":538,"column":26}},"197":{"start":{"line":540,"column":24},"end":{"line":540,"column":47}},"198":{"start":{"line":542,"column":20},"end":{"line":542,"column":98}},"199":{"start":{"line":545,"column":16},"end":{"line":545,"column":93}},"200":{"start":{"line":547,"column":16},"end":{"line":547,"column":80}},"201":{"start":{"line":551,"column":32},"end":{"line":551,"column":52}},"202":{"start":{"line":552,"column":12},"end":{"line":639,"column":13}},"203":{"start":{"line":553,"column":16},"end":{"line":553,"column":49}},"204":{"start":{"line":555,"column":16},"end":{"line":587,"column":17}},"205":{"start":{"line":557,"column":20},"end":{"line":564,"column":22}},"206":{"start":{"line":565,"column":20},"end":{"line":565,"column":99}},"207":{"start":{"line":568,"column":20},"end":{"line":568,"column":90}},"208":{"start":{"line":571,"column":20},"end":{"line":574,"column":22}},"209":{"start":{"line":576,"column":20},"end":{"line":576,"column":54}},"210":{"start":{"line":577,"column":20},"end":{"line":577,"column":90}},"211":{"start":{"line":580,"column":20},"end":{"line":583,"column":22}},"212":{"start":{"line":585,"column":20},"end":{"line":585,"column":54}},"213":{"start":{"line":586,"column":20},"end":{"line":586,"column":88}},"214":{"start":{"line":590,"column":16},"end":{"line":596,"column":19}},"215":{"start":{"line":598,"column":37},"end":{"line":604,"column":17}},"216":{"start":{"line":606,"column":16},"end":{"line":611,"column":17}},"217":{"start":{"line":607,"column":20},"end":{"line":610,"column":22}},"218":{"start":{"line":613,"column":16},"end":{"line":613,"column":39}},"219":{"start":{"line":615,"column":16},"end":{"line":615,"column":52}},"220":{"start":{"line":616,"column":16},"end":{"line":616,"column":96}},"221":{"start":{"line":619,"column":16},"end":{"line":629,"column":17}},"222":{"start":{"line":620,"column":20},"end":{"line":623,"column":22}},"223":{"start":{"line":624,"column":20},"end":{"line":626,"column":22}},"224":{"start":{"line":628,"column":20},"end":{"line":628,"column":75}},"225":{"start":{"line":631,"column":16},"end":{"line":636,"column":19}},"226":{"start":{"line":638,"column":16},"end":{"line":638,"column":38}},"227":{"start":{"line":641,"column":12},"end":{"line":641,"column":98}},"228":{"start":{"line":642,"column":12},"end":{"line":645,"column":15}},"229":{"start":{"line":651,"column":0},"end":{"line":710,"column":10}},"230":{"start":{"line":652,"column":4},"end":{"line":652,"column":71}},"231":{"start":{"line":653,"column":4},"end":{"line":709,"column":5}},"232":{"start":{"line":654,"column":22},"end":{"line":658,"column":10}},"233":{"start":{"line":660,"column":8},"end":{"line":705,"column":9}},"234":{"start":{"line":661,"column":23},"end":{"line":661,"column":41}},"235":{"start":{"line":662,"column":29},"end":{"line":662,"column":51}},"236":{"start":{"line":664,"column":12},"end":{"line":673,"column":13}},"237":{"start":{"line":665,"column":16},"end":{"line":667,"column":18}},"238":{"start":{"line":668,"column":16},"end":{"line":671,"column":18}},"239":{"start":{"line":672,"column":16},"end":{"line":672,"column":25}},"240":{"start":{"line":675,"column":12},"end":{"line":675,"column":96}},"241":{"start":{"line":677,"column":12},"end":{"line":704,"column":13}},"242":{"start":{"line":678,"column":31},"end":{"line":678,"column":97}},"243":{"start":{"line":679,"column":16},"end":{"line":697,"column":17}},"244":{"start":{"line":680,"column":20},"end":{"line":683,"column":22}},"245":{"start":{"line":684,"column":20},"end":{"line":684,"column":72}},"246":{"start":{"line":685,"column":23},"end":{"line":697,"column":17}},"247":{"start":{"line":686,"column":20},"end":{"line":689,"column":22}},"248":{"start":{"line":690,"column":20},"end":{"line":690,"column":71}},"249":{"start":{"line":692,"column":20},"end":{"line":695,"column":22}},"250":{"start":{"line":696,"column":20},"end":{"line":696,"column":97}},"251":{"start":{"line":699,"column":16},"end":{"line":699,"column":100}},"252":{"start":{"line":700,"column":16},"end":{"line":703,"column":18}},"253":{"start":{"line":707,"column":8},"end":{"line":707,"column":91}},"254":{"start":{"line":716,"column":0},"end":{"line":756,"column":3}},"255":{"start":{"line":717,"column":4},"end":{"line":755,"column":5}},"256":{"start":{"line":718,"column":31},"end":{"line":718,"column":40}},"257":{"start":{"line":721,"column":23},"end":{"line":724,"column":9}},"258":{"start":{"line":727,"column":30},"end":{"line":742,"column":11}},"259":{"start":{"line":727,"column":56},"end":{"line":742,"column":9}},"260":{"start":{"line":744,"column":8},"end":{"line":751,"column":11}},"261":{"start":{"line":753,"column":8},"end":{"line":753,"column":53}},"262":{"start":{"line":754,"column":8},"end":{"line":754,"column":68}},"263":{"start":{"line":760,"column":21},"end":{"line":766,"column":1}},"264":{"start":{"line":768,"column":0},"end":{"line":775,"column":3}},"265":{"start":{"line":769,"column":4},"end":{"line":771,"column":6}},"266":{"start":{"line":772,"column":4},"end":{"line":772,"column":96}},"267":{"start":{"line":773,"column":4},"end":{"line":773,"column":85}},"268":{"start":{"line":774,"column":4},"end":{"line":774,"column":75}}},"fnMap":{"0":{"name":"(anonymous_0)","decl":{"start":{"line":66,"column":24},"end":{"line":66,"column":25}},"loc":{"start":{"line":66,"column":36},"end":{"line":75,"column":1}},"line":66},"1":{"name":"(anonymous_1)","decl":{"start":{"line":66,"column":36},"end":{"line":66,"column":37}},"loc":{"start":{"line":66,"column":56},"end":{"line":75,"column":1}},"line":66},"2":{"name":"(anonymous_2)","decl":{"start":{"line":71,"column":39},"end":{"line":71,"column":40}},"loc":{"start":{"line":71,"column":46},"end":{"line":71,"column":55}},"line":71},"3":{"name":"(anonymous_3)","decl":{"start":{"line":86,"column":1},"end":{"line":86,"column":2}},"loc":{"start":{"line":86,"column":13},"end":{"line":96,"column":1}},"line":86},"4":{"name":"(anonymous_4)","decl":{"start":{"line":99,"column":13},"end":{"line":99,"column":14}},"loc":{"start":{"line":99,"column":27},"end":{"line":99,"column":76}},"line":99},"5":{"name":"(anonymous_5)","decl":{"start":{"line":106,"column":19},"end":{"line":106,"column":20}},"loc":{"start":{"line":106,"column":33},"end":{"line":108,"column":1}},"line":106},"6":{"name":"(anonymous_6)","decl":{"start":{"line":111,"column":28},"end":{"line":111,"column":29}},"loc":{"start":{"line":111,"column":48},"end":{"line":130,"column":1}},"line":111},"7":{"name":"(anonymous_7)","decl":{"start":{"line":133,"column":20},"end":{"line":133,"column":21}},"loc":{"start":{"line":133,"column":34},"end":{"line":154,"column":1}},"line":133},"8":{"name":"(anonymous_8)","decl":{"start":{"line":157,"column":51},"end":{"line":157,"column":52}},"loc":{"start":{"line":157,"column":71},"end":{"line":184,"column":1}},"line":157},"9":{"name":"(anonymous_9)","decl":{"start":{"line":187,"column":27},"end":{"line":187,"column":28}},"loc":{"start":{"line":187,"column":47},"end":{"line":210,"column":1}},"line":187},"10":{"name":"(anonymous_10)","decl":{"start":{"line":219,"column":25},"end":{"line":219,"column":26}},"loc":{"start":{"line":219,"column":51},"end":{"line":244,"column":1}},"line":219},"11":{"name":"executeAdapter","decl":{"start":{"line":251,"column":15},"end":{"line":251,"column":29}},"loc":{"start":{"line":251,"column":56},"end":{"line":266,"column":1}},"line":251},"12":{"name":"notarizeToGovernance","decl":{"start":{"line":269,"column":15},"end":{"line":269,"column":35}},"loc":{"start":{"line":269,"column":56},"end":{"line":285,"column":1}},"line":269},"13":{"name":"writeLedger","decl":{"start":{"line":290,"column":15},"end":{"line":290,"column":26}},"loc":{"start":{"line":290,"column":87},"end":{"line":307,"column":1}},"line":290},"14":{"name":"verifyLedgerIntegrity","decl":{"start":{"line":310,"column":15},"end":{"line":310,"column":36}},"loc":{"start":{"line":310,"column":70},"end":{"line":332,"column":1}},"line":310},"15":{"name":"(anonymous_15)","decl":{"start":{"line":345,"column":4},"end":{"line":345,"column":5}},"loc":{"start":{"line":345,"column":24},"end":{"line":375,"column":5}},"line":345},"16":{"name":"(anonymous_16)","decl":{"start":{"line":379,"column":71},"end":{"line":379,"column":72}},"loc":{"start":{"line":379,"column":91},"end":{"line":445,"column":1}},"line":379},"17":{"name":"(anonymous_17)","decl":{"start":{"line":450,"column":75},"end":{"line":450,"column":76}},"loc":{"start":{"line":450,"column":95},"end":{"line":483,"column":1}},"line":450},"18":{"name":"(anonymous_18)","decl":{"start":{"line":490,"column":4},"end":{"line":490,"column":5}},"loc":{"start":{"line":490,"column":24},"end":{"line":647,"column":5}},"line":490},"19":{"name":"(anonymous_19)","decl":{"start":{"line":651,"column":12},"end":{"line":651,"column":13}},"loc":{"start":{"line":651,"column":24},"end":{"line":710,"column":1}},"line":651},"20":{"name":"(anonymous_20)","decl":{"start":{"line":716,"column":24},"end":{"line":716,"column":25}},"loc":{"start":{"line":716,"column":44},"end":{"line":756,"column":1}},"line":716},"21":{"name":"(anonymous_21)","decl":{"start":{"line":727,"column":46},"end":{"line":727,"column":47}},"loc":{"start":{"line":727,"column":56},"end":{"line":742,"column":9}},"line":727},"22":{"name":"(anonymous_22)","decl":{"start":{"line":768,"column":51},"end":{"line":768,"column":52}},"loc":{"start":{"line":768,"column":57},"end":{"line":775,"column":1}},"line":768}},"branchMap":{"0":{"loc":{"start":{"line":16,"column":0},"end":{"line":19,"column":1}},"type":"if","locations":[{"start":{"line":16,"column":0},"end":{"line":19,"column":1}},{"start":{},"end":{}}],"line":16},"1":{"loc":{"start":{"line":34,"column":13},"end":{"line":34,"column":37}},"type":"binary-expr","locations":[{"start":{"line":34,"column":13},"end":{"line":34,"column":29}},{"start":{"line":34,"column":33},"end":{"line":34,"column":37}}],"line":34},"2":{"loc":{"start":{"line":68,"column":4},"end":{"line":73,"column":5}},"type":"if","locations":[{"start":{"line":68,"column":4},"end":{"line":73,"column":5}},{"start":{},"end":{}}],"line":68},"3":{"loc":{"start":{"line":128,"column":23},"end":{"line":128,"column":62}},"type":"cond-expr","locations":[{"start":{"line":128,"column":53},"end":{"line":128,"column":56}},{"start":{"line":128,"column":59},"end":{"line":128,"column":62}}],"line":128},"4":{"loc":{"start":{"line":149,"column":41},"end":{"line":149,"column":87}},"type":"binary-expr","locations":[{"start":{"line":149,"column":41},"end":{"line":149,"column":73}},{"start":{"line":149,"column":77},"end":{"line":149,"column":87}}],"line":149},"5":{"loc":{"start":{"line":166,"column":8},"end":{"line":168,"column":9}},"type":"if","locations":[{"start":{"line":166,"column":8},"end":{"line":168,"column":9}},{"start":{},"end":{}}],"line":166},"6":{"loc":{"start":{"line":190,"column":4},"end":{"line":199,"column":5}},"type":"if","locations":[{"start":{"line":190,"column":4},"end":{"line":199,"column":5}},{"start":{},"end":{}}],"line":190},"7":{"loc":{"start":{"line":192,"column":8},"end":{"line":198,"column":9}},"type":"if","locations":[{"start":{"line":192,"column":8},"end":{"line":198,"column":9}},{"start":{},"end":{}}],"line":192},"8":{"loc":{"start":{"line":203,"column":4},"end":{"line":208,"column":5}},"type":"if","locations":[{"start":{"line":203,"column":4},"end":{"line":208,"column":5}},{"start":{},"end":{}}],"line":203},"9":{"loc":{"start":{"line":221,"column":4},"end":{"line":227,"column":5}},"type":"if","locations":[{"start":{"line":221,"column":4},"end":{"line":227,"column":5}},{"start":{},"end":{}}],"line":221},"10":{"loc":{"start":{"line":234,"column":8},"end":{"line":237,"column":9}},"type":"if","locations":[{"start":{"line":234,"column":8},"end":{"line":237,"column":9}},{"start":{},"end":{}}],"line":234},"11":{"loc":{"start":{"line":252,"column":4},"end":{"line":265,"column":5}},"type":"switch","locations":[{"start":{"line":253,"column":8},"end":{"line":253,"column":30}},{"start":{"line":254,"column":8},"end":{"line":254,"column":29}},{"start":{"line":255,"column":8},"end":{"line":256,"column":57}},{"start":{"line":257,"column":8},"end":{"line":258,"column":60}},{"start":{"line":259,"column":8},"end":{"line":260,"column":60}},{"start":{"line":261,"column":8},"end":{"line":262,"column":57}},{"start":{"line":263,"column":8},"end":{"line":264,"column":68}}],"line":252},"12":{"loc":{"start":{"line":322,"column":4},"end":{"line":326,"column":5}},"type":"if","locations":[{"start":{"line":322,"column":4},"end":{"line":326,"column":5}},{"start":{},"end":{}}],"line":322},"13":{"loc":{"start":{"line":363,"column":12},"end":{"line":368,"column":13}},"type":"if","locations":[{"start":{"line":363,"column":12},"end":{"line":368,"column":13}},{"start":{},"end":{}}],"line":363},"14":{"loc":{"start":{"line":386,"column":8},"end":{"line":386,"column":90}},"type":"if","locations":[{"start":{"line":386,"column":8},"end":{"line":386,"column":90}},{"start":{},"end":{}}],"line":386},"15":{"loc":{"start":{"line":392,"column":8},"end":{"line":433,"column":9}},"type":"if","locations":[{"start":{"line":392,"column":8},"end":{"line":433,"column":9}},{"start":{"line":425,"column":15},"end":{"line":433,"column":9}}],"line":392},"16":{"loc":{"start":{"line":404,"column":12},"end":{"line":407,"column":13}},"type":"if","locations":[{"start":{"line":404,"column":12},"end":{"line":407,"column":13}},{"start":{},"end":{}}],"line":404},"17":{"loc":{"start":{"line":404,"column":16},"end":{"line":404,"column":89}},"type":"binary-expr","locations":[{"start":{"line":404,"column":16},"end":{"line":404,"column":37}},{"start":{"line":404,"column":41},"end":{"line":404,"column":89}}],"line":404},"18":{"loc":{"start":{"line":458,"column":8},"end":{"line":459,"column":86}},"type":"if","locations":[{"start":{"line":458,"column":8},"end":{"line":459,"column":86}},{"start":{},"end":{}}],"line":458},"19":{"loc":{"start":{"line":464,"column":8},"end":{"line":469,"column":87}},"type":"if","locations":[{"start":{"line":464,"column":8},"end":{"line":469,"column":87}},{"start":{"line":465,"column":13},"end":{"line":469,"column":87}}],"line":464},"20":{"loc":{"start":{"line":465,"column":13},"end":{"line":469,"column":87}},"type":"if","locations":[{"start":{"line":465,"column":13},"end":{"line":469,"column":87}},{"start":{"line":467,"column":13},"end":{"line":469,"column":87}}],"line":465},"21":{"loc":{"start":{"line":467,"column":13},"end":{"line":469,"column":87}},"type":"if","locations":[{"start":{"line":467,"column":13},"end":{"line":469,"column":87}},{"start":{"line":468,"column":13},"end":{"line":469,"column":87}}],"line":467},"22":{"loc":{"start":{"line":468,"column":13},"end":{"line":469,"column":87}},"type":"if","locations":[{"start":{"line":468,"column":13},"end":{"line":469,"column":87}},{"start":{"line":469,"column":13},"end":{"line":469,"column":87}}],"line":468},"23":{"loc":{"start":{"line":469,"column":13},"end":{"line":469,"column":87}},"type":"if","locations":[{"start":{"line":469,"column":13},"end":{"line":469,"column":87}},{"start":{},"end":{}}],"line":469},"24":{"loc":{"start":{"line":505,"column":8},"end":{"line":508,"column":9}},"type":"if","locations":[{"start":{"line":505,"column":8},"end":{"line":508,"column":9}},{"start":{},"end":{}}],"line":505},"25":{"loc":{"start":{"line":510,"column":8},"end":{"line":515,"column":9}},"type":"if","locations":[{"start":{"line":510,"column":8},"end":{"line":515,"column":9}},{"start":{},"end":{}}],"line":510},"26":{"loc":{"start":{"line":531,"column":16},"end":{"line":543,"column":17}},"type":"if","locations":[{"start":{"line":531,"column":16},"end":{"line":543,"column":17}},{"start":{},"end":{}}],"line":531},"27":{"loc":{"start":{"line":555,"column":16},"end":{"line":587,"column":17}},"type":"if","locations":[{"start":{"line":555,"column":16},"end":{"line":587,"column":17}},{"start":{"line":578,"column":23},"end":{"line":587,"column":17}}],"line":555},"28":{"loc":{"start":{"line":600,"column":27},"end":{"line":600,"column":84}},"type":"cond-expr","locations":[{"start":{"line":600,"column":64},"end":{"line":600,"column":73}},{"start":{"line":600,"column":76},"end":{"line":600,"column":84}}],"line":600},"29":{"loc":{"start":{"line":603,"column":24},"end":{"line":603,"column":94}},"type":"cond-expr","locations":[{"start":{"line":603,"column":61},"end":{"line":603,"column":78}},{"start":{"line":603,"column":81},"end":{"line":603,"column":94}}],"line":603},"30":{"loc":{"start":{"line":606,"column":16},"end":{"line":611,"column":17}},"type":"if","locations":[{"start":{"line":606,"column":16},"end":{"line":611,"column":17}},{"start":{},"end":{}}],"line":606},"31":{"loc":{"start":{"line":664,"column":12},"end":{"line":673,"column":13}},"type":"if","locations":[{"start":{"line":664,"column":12},"end":{"line":673,"column":13}},{"start":{},"end":{}}],"line":664},"32":{"loc":{"start":{"line":679,"column":16},"end":{"line":697,"column":17}},"type":"if","locations":[{"start":{"line":679,"column":16},"end":{"line":697,"column":17}},{"start":{"line":685,"column":23},"end":{"line":697,"column":17}}],"line":679},"33":{"loc":{"start":{"line":685,"column":23},"end":{"line":697,"column":17}},"type":"if","locations":[{"start":{"line":685,"column":23},"end":{"line":697,"column":17}},{"start":{"line":691,"column":23},"end":{"line":697,"column":17}}],"line":685},"34":{"loc":{"start":{"line":685,"column":27},"end":{"line":685,"column":71}},"type":"binary-expr","locations":[{"start":{"line":685,"column":27},"end":{"line":685,"column":48}},{"start":{"line":685,"column":52},"end":{"line":685,"column":71}}],"line":685},"35":{"loc":{"start":{"line":718,"column":16},"end":{"line":718,"column":26}},"type":"default-arg","locations":[{"start":{"line":718,"column":24},"end":{"line":718,"column":26}}],"line":718},"36":{"loc":{"start":{"line":741,"column":22},"end":{"line":741,"column":53}},"type":"binary-expr","locations":[{"start":{"line":741,"column":22},"end":{"line":741,"column":44}},{"start":{"line":741,"column":48},"end":{"line":741,"column":53}}],"line":741}},"s":{"0":0,"1":0,"2":0,"3":0,"4":0,"5":0,"6":0,"7":0,"8":0,"9":0,"10":0,"11":0,"12":0,"13":0,"14":0,"15":0,"16":0,"17":0,"18":0,"19":0,"20":0,"21":0,"22":0,"23":0,"24":0,"25":0,"26":0,"27":0,"28":0,"29":0,"30":0,"31":0,"32":0,"33":0,"34":0,"35":0,"36":0,"37":0,"38":0,"39":0,"40":0,"41":0,"42":0,"43":0,"44":0,"45":0,"46":0,"47":0,"48":0,"49":0,"50":0,"51":0,"52":0,"53":0,"54":0,"55":0,"56":0,"57":0,"58":0,"59":0,"60":0,"61":0,"62":0,"63":0,"64":0,"65":0,"66":0,"67":0,"68":0,"69":0,"70":0,"71":0,"72":0,"73":0,"74":0,"75":0,"76":0,"77":0,"78":0,"79":0,"80":0,"81":0,"82":0,"83":0,"84":0,"85":0,"86":0,"87":0,"88":0,"89":0,"90":0,"91":0,"92":0,"93":0,"94":0,"95":0,"96":0,"97":0,"98":0,"99":0,"100":0,"101":0,"102":0,"103":0,"104":0,"105":0,"106":0,"107":0,"108":0,"109":0,"110":0,"111":0,"112":0,"113":0,"114":0,"115":0,"116":0,"117":0,"118":0,"119":0,"120":0,"121":0,"122":0,"123":0,"124":0,"125":0,"126":0,"127":0,"128":0,"129":0,"130":0,"131":0,"132":0,"133":0,"134":0,"135":0,"136":0,"137":0,"138":0,"139":0,"140":0,"141":0,"142":0,"143":0,"144":0,"145":0,"146":0,"147":0,"148":0,"149":0,"150":0,"151":0,"152":0,"153":0,"154":0,"155":0,"156":0,"157":0,"158":0,"159":0,"160":0,"161":0,"162":0,"163":0,"164":0,"165":0,"166":0,"167":0,"168":0,"169":0,"170":0,"171":0,"172":0,"173":0,"174":0,"175":0,"176":0,"177":0,"178":0,"179":0,"180":0,"181":0,"182":0,"183":0,"184":0,"185":0,"186":0,"187":0,"188":0,"189":0,"190":0,"191":0,"192":0,"193":0,"194":0,"195":0,"196":0,"197":0,"198":0,"199":0,"200":0,"201":0,"202":0,"203":0,"204":0,"205":0,"206":0,"207":0,"208":0,"209":0,"210":0,"211":0,"212":0,"213":0,"214":0,"215":0,"216":0,"217":0,"218":0,"219":0,"220":0,"221":0,"222":0,"223":0,"224":0,"225":0,"226":0,"227":0,"228":0,"229":0,"230":0,"231":0,"232":0,"233":0,"234":0,"235":0,"236":0,"237":0,"238":0,"239":0,"240":0,"241":0,"242":0,"243":0,"244":0,"245":0,"246":0,"247":0,"248":0,"249":0,"250":0,"251":0,"252":0,"253":0,"254":0,"255":0,"256":0,"257":0,"258":0,"259":0,"260":0,"261":0,"262":0,"263":0,"264":0,"265":0,"266":0,"267":0,"268":0},"f":{"0":0,"1":0,"2":0,"3":0,"4":0,"5":0,"6":0,"7":0,"8":0,"9":0,"10":0,"11":0,"12":0,"13":0,"14":0,"15":0,"16":0,"17":0,"18":0,"19":0,"20":0,"21":0,"22":0},"b":{"0":[0,0],"1":[0,0],"2":[0,0],"3":[0,0],"4":[0,0],"5":[0,0],"6":[0,0],"7":[0,0],"8":[0,0],"9":[0,0],"10":[0,0],"11":[0,0,0,0,0,0,0],"12":[0,0],"13":[0,0],"14":[0,0],"15":[0,0],"16":[0,0],"17":[0,0],"18":[0,0],"19":[0,0],"20":[0,0],"21":[0,0],"22":[0,0],"23":[0,0],"24":[0,0],"25":[0,0],"26":[0,0],"27":[0,0],"28":[0,0],"29":[0,0],"30":[0,0],"31":[0,0],"32":[0,0],"33":[0,0],"34":[0,0],"35":[0],"36":[0,0]}}
,"D:\\Project-Fusion\\swagger.js": {"path":"D:\\Project-Fusion\\swagger.js","statementMap":{"0":{"start":{"line":1,"column":21},"end":{"line":1,"column":45}},"1":{"start":{"line":3,"column":16},"end":{"line":39,"column":1}},"2":{"start":{"line":41,"column":0},"end":{"line":41,"column":39}}},"fnMap":{},"branchMap":{},"s":{"0":0,"1":0,"2":0},"f":{},"b":{}}
,"D:\\Project-Fusion\\test_single_tx.js": {"path":"D:\\Project-Fusion\\test_single_tx.js","statementMap":{"0":{"start":{"line":1,"column":0},"end":{"line":1,"column":27}},"1":{"start":{"line":2,"column":14},"end":{"line":2,"column":30}},"2":{"start":{"line":3,"column":11},"end":{"line":3,"column":24}},"3":{"start":{"line":4,"column":13},"end":{"line":4,"column":28}},"4":{"start":{"line":6,"column":16},"end":{"line":6,"column":42}},"5":{"start":{"line":7,"column":13},"end":{"line":7,"column":37}},"6":{"start":{"line":9,"column":16},"end":{"line":23,"column":1}},"7":{"start":{"line":25,"column":0},"end":{"line":25,"column":46}},"8":{"start":{"line":26,"column":12},"end":{"line":34,"column":2}},"9":{"start":{"line":27,"column":4},"end":{"line":27,"column":45}},"10":{"start":{"line":28,"column":15},"end":{"line":28,"column":17}},"11":{"start":{"line":29,"column":4},"end":{"line":29,"column":79}},"12":{"start":{"line":29,"column":30},"end":{"line":29,"column":60}},"13":{"start":{"line":29,"column":61},"end":{"line":29,"column":75}},"14":{"start":{"line":30,"column":4},"end":{"line":33,"column":7}},"15":{"start":{"line":31,"column":8},"end":{"line":31,"column":35}},"16":{"start":{"line":32,"column":8},"end":{"line":32,"column":49}},"17":{"start":{"line":36,"column":0},"end":{"line":38,"column":3}},"18":{"start":{"line":37,"column":4},"end":{"line":37,"column":43}},"19":{"start":{"line":40,"column":0},"end":{"line":44,"column":3}},"20":{"start":{"line":41,"column":4},"end":{"line":41,"column":35}},"21":{"start":{"line":42,"column":4},"end":{"line":42,"column":59}},"22":{"start":{"line":42,"column":26},"end":{"line":42,"column":57}},"23":{"start":{"line":43,"column":4},"end":{"line":43,"column":69}},"24":{"start":{"line":43,"column":32},"end":{"line":43,"column":67}},"25":{"start":{"line":46,"column":0},"end":{"line":52,"column":4}},"26":{"start":{"line":53,"column":0},"end":{"line":53,"column":10}},"27":{"start":{"line":54,"column":0},"end":{"line":54,"column":40}}},"fnMap":{"0":{"name":"(anonymous_0)","decl":{"start":{"line":26,"column":35},"end":{"line":26,"column":36}},"loc":{"start":{"line":26,"column":44},"end":{"line":34,"column":1}},"line":26},"1":{"name":"(anonymous_1)","decl":{"start":{"line":29,"column":19},"end":{"line":29,"column":20}},"loc":{"start":{"line":29,"column":28},"end":{"line":29,"column":77}},"line":29},"2":{"name":"(anonymous_2)","decl":{"start":{"line":30,"column":18},"end":{"line":30,"column":1
[...]
:{},"end":{}}],"line":134},"13":{"loc":{"start":{"line":146,"column":8},"end":{"line":156,"column":9}},"type":"if","locations":[{"start":{"line":146,"column":8},"end":{"line":156,"column":9}},{"start":{"line":152,"column":15},"end":{"line":156,"column":9}}],"line":146},"14":{"loc":{"start":{"line":146,"column":12},"end":{"line":146,"column":92}},"type":"binary-expr","locations":[{"start":{"line":146,"column":12},"end":{"line":146,"column":42}},{"start":{"line":146,"column":46},"end":{"line":146,"column":92}}],"line":146},"15":{"loc":{"start":{"line":173,"column":8},"end":{"line":182,"column":9}},"type":"if","locations":[{"start":{"line":173,"column":8},"end":{"line":182,"column":9}},{"start":{"line":176,"column":15},"end":{"line":182,"column":9}}],"line":173},"16":{"loc":{"start":{"line":173,"column":12},"end":{"line":173,"column":78}},"type":"binary-expr","locations":[{"start":{"line":173,"column":12},"end":{"line":173,"column":33}},{"start":{"line":173,"column":37},"end":{"line":173,"column":78}}],"line":173},"17":{"loc":{"start":{"line":196,"column":4},"end":{"line":201,"column":5}},"type":"if","locations":[{"start":{"line":196,"column":4},"end":{"line":201,"column":5}},{"start":{"line":199,"column":11},"end":{"line":201,"column":5}}],"line":196}},"s":{"0":0,"1":0,"2":0,"3":0,"4":0,"5":0,"6":0,"7":0,"8":0,"9":0,"10":0,"11":0,"12":0,"13":0,"14":0,"15":0,"16":0,"17":0,"18":0,"19":0,"20":0,"21":0,"22":0,"23":0,"24":0,"25":0,"26":0,"27":0,"28":0,"29":0,"30":0,"31":0,"32":0,"33":0,"34":0,"35":0,"36":0,"37":0,"38":0,"39":0,"40":0,"41":0,"42":0,"43":0,"44":0,"45":0,"46":0,"47":0,"48":0,"49":0,"50":0,"51":0,"52":0,"53":0,"54":0,"55":0,"56":0,"57":0,"58":0,"59":0,"60":0,"61":0,"62":0,"63":0,"64":0,"65":0,"66":0,"67":0,"68":0,"69":0,"70":0,"71":0,"72":0,"73":0,"74":0,"75":0,"76":0,"77":0,"78":0,"79":0,"80":0,"81":0,"82":0,"83":0,"84":0,"85":0,"86":0,"87":0,"88":0,"89":0,"90":0,"91":0,"92":0,"93":0,"94":0,"95":0,"96":0,"97":0,"98":0,"99":0,"100":0,"101":0,"102":0,"103":0,"104":0},"f":{"0":0,"1":0,"2":0,"3":0,"4":0,"5":0},"b":{"0":[0,0],"1":[0],"2":[0],"3":[0,0],"4":[0,0],"5":[0,0],"6":[0,0],"7":[0,0],"8":[0,0],"9":[0,0],"10":[0,0],"11":[0,0],"12":[0,0],"13":[0,0],"14":[0,0],"15":[0,0],"16":[0,0],"17":[0,0]}}
,"D:\\Project-Fusion\\verify_recent_tx.js": {"path":"D:\\Project-Fusion\\verify_recent_tx.js","statementMap":{"0":{"start":{"line":1,"column":0},"end":{"line":1,"column":27}},"1":{"start":{"line":2,"column":17},"end":{"line":2,"column":30}},"2":{"start":{"line":4,"column":13},"end":{"line":10,"column":2}},"3":{"start":{"line":13,"column":4},"end":{"line":24,"column":5}},"4":{"start":{"line":14,"column":20},"end":{"line":18,"column":10}},"5":{"start":{"line":19,"column":8},"end":{"line":19,"column":57}},"6":{"start":{"line":21,"column":8},"end":{"line":21,"column":37}},"7":{"start":{"line":23,"column":8},"end":{"line":23,"column":25}},"8":{"start":{"line":27,"column":0},"end":{"line":27,"column":8}}},"fnMap":{"0":{"name":"check","decl":{"start":{"line":12,"column":15},"end":{"line":12,"column":20}},"loc":{"start":{"line":12,"column":23},"end":{"line":25,"column":1}},"line":12}},"branchMap":{},"s":{"0":0,"1":0,"2":0,"3":0,"4":0,"5":0,"6":0,"7":0,"8":0},"f":{"0":0},"b":{}}
,"D:\\Project-Fusion\\verify_recovery.js": {"path":"D:\\Project-Fusion\\verify_recovery.js","statementMap":{"0":{"start":{"line":1,"column":14},"end":{"line":1,"column":30}},"1":{"start":{"line":2,"column":11},"end":{"line":2,"column":24}},"2":{"start":{"line":3,"column":17},"end":{"line":3,"column":30}},"3":{"start":{"line":4,"column":0},"end":{"line":4,"column":27}},"4":{"start":{"line":6,"column":16},"end":{"line":6,"column":42}},"5":{"start":{"line":7,"column":13},"end":{"line":7,"column":37}},"6":{"start":{"line":10,"column":13},"end":{"line":16,"column":2}},"7":{"start":{"line":19,"column":14},"end":{"line":24,"column":2}},"8":{"start":{"line":27,"column":4},"end":{"line":50,"column":7}},"9":{"start":{"line":28,"column":20},"end":{"line":46,"column":9}},"10":{"start":{"line":42,"column":27},"end":{"line":42,"column":29}},"11":{"start":{"line":43,"column":16},"end":{"line":43,"column":51}},"12":{"start":{"line":43,"column":39},"end":{"line":43,"column":48}},"13":{"start":{"line":44,"column":16},"end":{"line":44,"column":63}},"14":{"start":{"line":44,"column":36},"end":{"line":44,"column":61}},"15":{"start":{"line":47,"column":8},"end":{"line":47,"column":32}},"16":{"start":{"line":48,"column":8},"end":{"line":48,"column":50}},"17":{"start":{"line":48,"column":18},"end":{"line":48,"column":50}},"18":{"start":{"line":49,"column":8},"end":{"line":49,"column":18}},"19":{"start":{"line":54,"column":4},"end":{"line":54,"column":63}},"20":{"start":{"line":55,"column":4},"end":{"line":55,"column":62}},"21":{"start":{"line":57,"column":4},"end":{"line":145,"column":5}},"22":{"start":{"line":59,"column":8},"end":{"line":59,"column":58}},"23":{"start":{"line":60,"column":21},"end":{"line":66,"column":10}},"24":{"start":{"line":67,"column":19},"end":{"line":67,"column":37}},"25":{"start":{"line":68,"column":8},"end":{"line":68,"column":53}},"26":{"start":{"line":70,"column":8},"end":{"line":70,"column":77}},"27":{"start":{"line":71,"column":8},"end":{"line":71,"column":81}},"28":{"start":{"line":74,"column":8},"end":{"line":74,"column":61}},"29":{"start":{"line":75,"column":21},"end":{"line":78,"column":10}},"30":{"start":{"line":80,"column":8},"end":{"line":82,"column":9}},"31":{"start":{"line":81,"column":12},"end":{"line":81,"column":81}},"32":{"start":{"line":84,"column":29},"end":{"line":84,"column":58}},"33":{"start":{"line":85,"column":8},"end":{"line":85,"column":73}},"34":{"start":{"line":90,"column":8},"end":{"line":90,"column":78}},"35":{"start":{"line":91,"column":8},"end":{"line":91,"column":83}},"36":{"start":{"line":93,"column":8},"end":{"line":101,"column":10}},"37":{"start":{"line":104,"column":22},"end":{"line":106,"column":10}},"38":{"start":{"line":107,"column":8},"end":{"line":107,"column":97}},"39":{"start":{"line":108,"column":8},"end":{"line":110,"column":10}},"40":{"start":{"line":113,"column":8},"end":{"line":113,"column":82}},"41":{"start":{"line":117,"column":23},"end":{"line":117,"column":24}},"42":{"start":{"line":118,"column":8},"end":{"line":136,"column":9}},"43":{"start":{"line":119,"column":12},"end":{"line":119,"column":58}},"44":{"start":{"line":119,"column":37},"end":{"line":119,"column":56}},"45":{"start":{"line":120,"column":12},"end":{"line":120,"column":38}},"46":{"start":{"line":122,"column":25},"end":{"line":125,"column":13}},"47":{"start":{"line":126,"column":12},"end":{"line":134,"column":13}},"48":{"start":{"line":127,"column":16},"end":{"line":127,"column":56}},"49":{"start":{"line":128,"column":16},"end":{"line":128,"column":70}},"50":{"start":{"line":129,"column":16},"end":{"line":129,"column":71}},"51":{"start":{"line":130,"column":16},"end":{"line":130,"column":74}},"52":{"start":{"line":131,"column":16},"end":{"line":131,"column":88}},"53":{"start":{"line":132,"column":16},"end":{"line":132,"column":90}},"54":{"start":{"line":133,"column":16},"end":{"line":133,"column":32}},"55":{"start":{"line":135,"column":12},"end":{"line":135,"column":23}},"56":{"start":{"line":138,"column":8},"end":{"line":138,"column":80}},"57":{"start":{"line":139,"column":8},"end":{"line":139,"column":24}},"58":{"start":{"line":141,"column":8},"end":{"line":141,"column":25}},"59":{"start":{"line":142,"column":8},"end":{"line":142,"column":24}},"60":{"start":{"line":144,"column":8},"end":{"line":144,"column":25}},"61":{"start":{"line":148,"column":0},"end":{"line":148,"column":19}}},"fnMap":{"0":{"name":"makeRequest","decl":{"start":{"line":26,"column":9},"end":{"line":26,"column":20}},"loc":{"start":{"line":26,"column":41},"end":{"line":51,"column":1}},"line":26},"1":{"name":"(anonymous_1)","decl":{"start":{"line":27,"column":23},"end":{"line":27,"column":24}},"loc":{"start":{"line":27,"column":44},"end":{"line":50,"column":5}},"line":27},"2":{"name":"(anonymous_2)","decl":{"start":{"line":41,"column":12},"end":{"line":41,"column":13}},"loc":{"start":{"line":41,"column":21},"end":{"line":45,"column":13}},"line":41},"3":{"name":"(anonymous_3)","decl":{"start":{"line":43,"column":31},"end":{"line":43,"column":32}},"loc":{"start":{"line":43,"column":39},"end":{"line":43,"column":48}},"line":43},"4":{"name":"(anonymous_4)","decl":{"start":{"line":44,"column":30},"end":{"line":44,"column":31}},"loc":{"start":{"line":44,"column":36},"end":{"line":44,"column":61}},"line":44},"5":{"name":"runRecoveryProof","decl":{"start":{"line":53,"column":15},"end":{"line":53,"column":31}},"loc":{"start":{"line":53,"column":34},"end":{"line":146,"column":1}},"line":53},"6":{"name":"(anonymous_6)","decl":{"start":{"line":119,"column":30},"end":{"line":119,"column":31}},"loc":{"start":{"line":119,"column":37},"end":{"line":119,"column":56}},"line":119}},"branchMap":{"0":{"loc":{"start":{"line":7,"column":13},"end":{"line":7,"column":37}},"type":"binary-expr","locations":[{"start":{"line":7,"column":13},"end":{"line":7,"column":29}},{"start":{"line":7,"column":33},"end":{"line":7,"column":37}}],"line":7},"1":{"loc":{"start":{"line":48,"column":8},"end":{"line":48,"column":50}},"type":"if","locations":[{"start":{"line":48,"column":8},"end":{"line":48,"column":50}},{"start":{},"end":{}}],"line":48},"2":{"loc":{"start":{"line":80,"column":8},"end":{"line":82,"column":9}},"type":"if","locations":[{"start":{"line":80,"column":8},"end":{"line":82,"column":9}},{"start":{},"end":{}}],"line":80},"3":{"loc":{"start":{"line":126,"column":12},"end":{"line":134,"column":13}},"type":"if","locations":[{"start":{"line":126,"column":12},"end":{"line":134,"column":13}},{"start":{},"end":{}}],"line":126}},"s":{"0":0,"1":0,"2":0,"3":0,"4":0,"5":0,"6":0,"7":0,"8":0,"9":0,"10":0,"11":0,"12":0,"13":0,"14":0,"15":0,"16":0,"17":0,"18":0,"19":0,"20":0,"21":0,"22":0,"23":0,"24":0,"25":0,"26":0,"27":0,"28":0,"29":0,"30":0,"31":0,"32":0,"33":0,"34":0,"35":0,"36":0,"37":0,"38":0,"39":0,"40":0,"41":0,"42":0,"43":0,"44":0,"45":0,"46":0,"47":0,"48":0,"49":0,"50":0,"51":0,"52":0,"53":0,"54":0,"55":0,"56":0,"57":0,"58":0,"59":0,"60":0,"61":0},"f":{"0":0,"1":0,"2":0,"3":0,"4":0,"5":0,"6":0},"b":{"0":[0,0],"1":[0,0],"2":[0,0],"3":[0,0]}}
,"D:\\Project-Fusion\\adapters\\brokerageAdapters.js": {"path":"D:\\Project-Fusion\\adapters\\brokerageAdapters.js","statementMap":{"0":{"start":{"line":4,"column":57},"end":{"line":4,"column":68}},"1":{"start":{"line":6,"column":4},"end":{"line":6,"column":93}},"2":{"start":{"line":8,"column":4},"end":{"line":8,"column":61}},"3":{"start":{"line":8,"column":35},"end":{"line":8,"column":59}},"4":{"start":{"line":10,"column":4},"end":{"line":17,"column":6}},"5":{"start":{"line":20,"column":0},"end":{"line":20,"column":43}}},"fnMap":{"0":{"name":"executeBrokerageTrade","decl":{"start":{"line":3,"column":15},"end":{"line":3,"column":36}},"loc":{"start":{"line":3,"column":65},"end":{"line":18,"column":1}},"line":3},"1":{"name":"(anonymous_1)","decl":{"start":{"line":8,"column":22},"end":{"line":8,"column":23}},"loc":{"start":{"line":8,"column":35},"end":{"line":8,"column":59}},"line":8}},"branchMap":{},"s":{"0":0,"1":0,"2":0,"3":0,"4":0,"5":0},"f":{"0":0,"1":0},"b":{}}
,"D:\\Project-Fusion\\adapters\\cryptoAdapters.js": {"path":"D:\\Project-Fusion\\adapters\\cryptoAdapters.js","statementMap":{"0":{"start":{"line":3,"column":16},"end":{"line":3,"column":47}},"1":{"start":{"line":6,"column":15},"end":{"line":6,"column":80}},"2":{"start":{"line":7,"column":23},"end":{"line":7,"column":58}},"3":{"start":{"line":10,"column":67},"end":{"line":10,"column":78}},"4":{"start":{"line":12,"column":4},"end":{"line":12,"column":85}},"5":{"start":{"line":14,"column":4},"end":{"line":94,"column":5}},"6":{"start":{"line":16,"column":64},"end":{"line":16,"column":91}},"7":{"start":{"line":18,"column":32},"end":{"line":18,"column":65}},"8":{"start":{"line":19,"column":37},"end":{"line":19,"column":73}},"9":{"start":{"line":21,"column":8},"end":{"line":21,"column":60}},"10":{"start":{"line":22,"column":8},"end":{"line":22,"column":65}},"11":{"start":{"line":25,"column":8},"end":{"line":32,"column":9}},"12":{"start":{"line":26,"column":12},"end":{"line":26,"column":54}},"13":{"start":{"line":28,"column":12},"end":{"line":28,"column":80}},"14":{"start":{"line":29,"column":12},"end":{"line":29,"column":81}},"15":{"start":{"line":30,"column":12},"end":{"line":30,"column":64}},"16":{"start":{"line":31,"column":12},"end":{"line":31,"column":58}},"17":{"start":{"line":31,"column":37},"end":{"line":31,"column":56}},"18":{"start":{"line":35,"column":30},"end":{"line":35,"column":71}},"19":{"start":{"line":38,"column":25},"end":{"line":38,"column":29}},"20":{"start":{"line":39,"column":8},"end":{"line":43,"column":9}},"21":{"start":{"line":40,"column":12},"end":{"line":40,"column":59}},"22":{"start":{"line":42,"column":12},"end":{"line":42,"column":31}},"23":{"start":{"line":46,"column":19},"end":{"line":55,"column":14}},"24":{"start":{"line":58,"column":28},"end":{"line":64,"column":20}},"25":{"start":{"line":67,"column":8},"end":{"line":67,"column":74}},"26":{"start":{"line":70,"column":8},"end":{"line":70,"column":66}},"27":{"start":{"line":71,"column":23},"end":{"line":71,"column":66}},"28":{"start":{"line":72,"column":8},"end":{"line":72,"column":63}},"29":{"start":{"line":74,"column":8},"end":{"line":82,"column":10}},"30":{"start":{"line":84,"column":27},"end":{"line":84,"column":38}},"31":{"start":{"line":85,"column":8},"end":{"line":87,"column":9}},"32":{"start":{"line":86,"column":12},"end":{"line":86,"column":122}},"33":{"start":{"line":88,"column":8},"end":{"line":88,"column":55}},"34":{"start":{"line":89,"column":8},"end":{"line":93,"column":10}},"35":{"start":{"line":97,"column":0},"end":{"line":97,"column":43}}},"fnMap":{"0":{"name":"executeCryptoTransfer","decl":{"start":{"line":9,"column":15},"end":{"line":9,"column":36}},"loc":{"start":{"line":9,"column":65},"end":{"line":95,"column":1}},"line":9},"1":{"name":"(anonymous_1)","decl":{"start":{"line":31,"column":30},"end":{"line":31,"column":31}},"loc":{"start":{"line":31,"column":37},"end":{"line":31,"column":56}},"line":31}},"branchMap":{"0":{"loc":{"start":{"line":46,"column":19},"end":{"line":55,"column":14}},"type":"cond-expr","locations":[{"start":{"line":47,"column":14},"end":{"line":51,"column":14}},{"start":{"line":52,"column":14},"end":{"line":55,"column":14}}],"line":46},"1":{"loc":{"start":{"line":85,"column":8},"end":{"line":87,"column":9}},"type":"if","locations":[{"start":{"line":85,"column":8},"end":{"line":87,"column":9}},{"start":{},"end":{}}],"line":85},"2":{"loc":{"start":{"line":85,"column":12},"end":{"line":85,"column":73}},"type":"binary-expr","locations":[{"start":{"line":85,"column":12},"end":{"line":85,"column":24}},{"start":{"line":85,"column":28},"end":{"line":85,"column":45}},{"start":{"line":85,"column":49},"end":{"line":85,"column":73}}],"line":85}},"s":{"0":0,"1":0,"2":0,"3":0,"4":0,"5":0,"6":0,"7":0,"8":0,"9":0,"10":0,"11":0,"12":0,"13":0,"14":0,"15":0,"16":0,"17":0,"18":0,"19":0,"20":0,"21":0,"22":0,"23":0,"24":0,"25":0,"26":0,"27":0,"28":0,"29":0,"30":0,"31":0,"32":0,"33":0,"34":0,"35":0},"f":{"0":0,"1":0},"b":{"0":[0,0],"1":[0,0],"2":[0,0,0]}}
,"D:\\Project-Fusion\\adapters\\paymentsAdapters.js": {"path":"D:\\Project-Fusion\\adapters\\paymentsAdapters.js","statementMap":{"0":{"start":{"line":4,"column":37},"end":{"line":4,"column":64}},"1":{"start":{"line":5,"column":22},"end":{"line":5,"column":56}},"2":{"start":{"line":6,"column":19},"end":{"line":6,"column":47}},"3":{"start":{"line":7,"column":19},"end":{"line":7,"column":39}},"4":{"start":{"line":8,"column":67},"end":{"line":8,"column":78}},"5":{"start":{"line":10,"column":4},"end":{"line":10,"column":117}},"6":{"start":{"line":13,"column":4},"end":{"line":22,"column":5}},"7":{"start":{"line":14,"column":26},"end":{"line":14,"column":62}},"8":{"start":{"line":15,"column":8},"end":{"line":15,"column":71}},"9":{"start":{"line":15,"column":39},"end":{"line":15,"column":69}},"10":{"start":{"line":16,"column":8},"end":{"line":16,"column":76}},"11":{"start":{"line":17,"column":8},"end":{"line":21,"column":10}},"12":{"start":{"line":24,"column":4},"end":{"line":59,"column":5}},"13":{"start":{"line":25,"column":8},"end":{"line":25,"column":104}},"14":{"start":{"line":27,"column":31},"end":{"line":32,"column":9}},"15":{"start":{"line":34,"column":26},"end":{"line":34,"column":71}},"16":{"start":{"line":35,"column":24},"end":{"line":35,"column":67}},"17":{"start":{"line":37,"column":23},"end":{"line":49,"column":10}},"18":{"start":{"line":51,"column":8},"end":{"line":55,"column":10}},"19":{"start":{"line":57,"column":8},"end":{"line":57,"column":54}},"20":{"start":{"line":58,"column":8},"end":{"line":58,"column":56}},"21":{"start":{"line":63,"column":4},"end":{"line":63,"column":36}},"22":{"start":{"line":63,"column":19},"end":{"line":63,"column":36}},"23":{"start":{"line":64,"column":37},"end":{"line":64,"column":64}},"24":{"start":{"line":65,"column":22},"end":{"line":65,"column":56}},"25":{"start":{"line":66,"column":19},"end":{"line":66,"column":47}},"26":{"start":{"line":67,"column":4},"end":{"line":72,"column":5}},"27":{"start":{"line":68,"column":23},"end":{"line":68,"column":69}},"28":{"start":{"line":69,"column":8},"end":{"line":69,"column":29}},"29":{"start":{"line":71,"column":8},"end":{"line":71,"column":25}},"30":{"start":{"line":75,"column":0},"end":{"line":75,"column":53}}},"fnMap":{"0":{"name":"executePaymentRail","decl":{"start":{"line":3,"column":15},"end":{"line":3,"column":33}},"loc":{"start":{"line":3,"column":62},"end":{"line":60,"column":1}},"line":3},"1":{"name":"(anonymous_1)","decl":{"start":{"line":15,"column":26},"end":{"line":15,"column":27}},"loc":{"start":{"line":15,"column":39},"end":{"line":15,"column":69}},"line":15},"2":{"name":"queryStatus","decl":{"start":{"line":62,"column":15},"end":{"line":62,"column":26}},"loc":{"start":{"line":62,"column":37},"end":{"line":73,"column":1}},"line":62}},"branchMap":{"0":{"loc":{"start":{"line":10,"column":85},"end":{"line":10,"column":112}},"type":"cond-expr","locations":[{"start":{"line":10,"column":97},"end":{"line":10,"column":103}},{"start":{"line":10,"column":106},"end":{"line":10,"column":112}}],"line":10},"1":{"loc":{"start":{"line":13,"column":4},"end":{"line":22,"column":5}},"type":"if","locations":[{"start":{"line":13,"column":4},"end":{"line":22,"column":5}},{"start":{},"end":{}}],"line":13},"2":{"loc":{"start":{"line":34,"column":27},"end":{"line":34,"column":56}},"type":"binary-expr","locations":[{"start":{"line":34,"column":27},"end":{"line":34,"column":46}},{"start":{"line":34,"column":50},"end":{"line":34,"column":56}}],"line":34},"3":{"loc":{"start":{"line":35,"column":24},"end":{"line":35,"column":67}},"type":"binary-expr","locations":[{"start":{"line":35,"column":24},"end":{"line":35,"column":49}},{"start":{"line":35,"column":53},"end":{"line":35,"column":67}}],"line":35},"4":{"loc":{"start":{"line":47,"column":32},"end":{"line":47,"column":73}},"type":"cond-expr","locations":[{"start":{"line":47,"column":55},"end":{"line":47,"column":61}},{"start":{"line":47,"column":64},"end":{"line":47,"column":73}}],"line":47},"5":{"loc":{"start":{"line":52,"column":20},"end":{"line":52,"column":91}},"type":"cond-expr","locations":[{"start":{"line":52,"column":52},"end":{"line":52,"column":61}},{"start":{"line":52,"column":64},"end":{"line":52,"column":91}}],"line":52},"6":{"loc":{"start":{"line":63,"column":4},"end":{"line":63,"column":36}},"type":"if","locations":[{"start":{"line":63,"column":4},"end":{"line":63,"column":36}},{"start":{},"end":{}}],"line":63}},"s":{"0":0,"1":0,"2":0,"3":0,"4":0,"5":0,"6":0,"7":0,"8":0,"9":0,"10":0,"11":0,"12":0,"13":0,"14":0,"15":0,"16":0,"17":0,"18":0,"19":0,"20":0,"21":0,"22":0,"23":0,"24":0,"25":0,"26":0,"27":0,"28":0,"29":0,"30":0},"f":{"0":0,"1":0,"2":0},"b":{"0":[0,0],"1":[0,0],"2":[0,0],"3":[0,0],"4":[0,0],"5":[0,0],"6":[0,0]}}
}
