TN:
SF:batch_run_10.js
FN:19,makeRequest
FN:20,(anonymous_1)
FN:34,(anonymous_2)
FN:36,(anonymous_3)
FN:37,(anonymous_4)
FN:52,runFullFlow
FN:98,startBatch
FNF:7
FNH:0
FNDA:0,makeRequest
FNDA:0,(anonymous_1)
FNDA:0,(anonymous_2)
FNDA:0,(anonymous_3)
FNDA:0,(anonymous_4)
FNDA:0,runFullFlow
FNDA:0,startBatch
DA:3,0
DA:4,0
DA:5,0
DA:6,0
DA:8,0
DA:9,0
DA:12,0
DA:20,0
DA:21,0
DA:34,0
DA:35,0
DA:36,0
DA:37,0
DA:38,0
DA:39,0
DA:41,0
DA:46,0
DA:47,0
DA:48,0
DA:53,0
DA:55,0
DA:57,0
DA:60,0
DA:61,0
DA:62,0
DA:65,0
DA:66,0
DA:67,0
DA:70,0
DA:71,0
DA:72,0
DA:75,0
DA:76,0
DA:78,0
DA:79,0
DA:80,0
DA:83,0
DA:85,0
DA:86,0
DA:87,0
DA:90,0
DA:91,0
DA:93,0
DA:94,0
DA:99,0
DA:100,0
DA:102,0
DA:105,0
DA:106,0
DA:107,0
DA:108,0
DA:109,0
DA:113,0
DA:114,0
DA:115,0
DA:116,0
DA:119,0
DA:120,0
DA:121,0
DA:124,0
LF:60
LH:0
BRDA:9,0,0,0
BRDA:9,0,1,0
BRDA:19,1,0,0
BRDA:19,2,0,0
BRDA:47,3,0,0
BRDA:47,3,1,0
BRDA:60,4,0,0
BRDA:60,4,1,0
BRDA:60,5,0,0
BRDA:60,5,1,0
BRDA:66,6,0,0
BRDA:66,6,1,0
BRDA:71,7,0,0
BRDA:71,7,1,0
BRDA:76,8,0,0
BRDA:76,8,1,0
BRDA:78,9,0,0
BRDA:78,9,1,0
BRDA:78,10,0,0
BRDA:78,10,1,0
BRDA:83,11,0,0
BRDA:83,11,1,0
BRDA:85,12,0,0
BRDA:85,12,1,0
BRDA:87,13,0,0
BRDA:87,13,1,0
BRDA:109,14,0,0
BRDA:109,14,1,0
BRDA:116,15,0,0
BRDA:116,15,1,0
BRF:30
BRH:0
end_of_record
TN:
SF:constants.js
FNF:0
FNH:0
DA:8,1
DA:17,1
DA:23,1
DA:29,1
DA:38,1
LF:5
LH:5
BRF:0
BRH:0
end_of_record
TN:
SF:demo_stellar_transaction.js
FN:22,makeRequest
FN:23,(anonymous_1)
FN:36,(anonymous_2)
FN:38,(anonymous_3)
FN:39,(anonymous_4)
FN:54,executeStellarTransaction
FNF:6
FNH:0
FNDA:0,makeRequest
FNDA:0,(anonymous_1)
FNDA:0,(anonymous_2)
FNDA:0,(anonymous_3)
FNDA:0,(anonymous_4)
FNDA:0,executeStellarTransaction
DA:6,0
DA:7,0
DA:8,0
DA:9,0
DA:11,0
DA:12,0
DA:15,0
DA:23,0
DA:24,0
DA:36,0
DA:37,0
DA:38,0
DA:39,0
DA:40,0
DA:41,0
DA:43,0
DA:48,0
DA:49,0
DA:50,0
DA:55,0
DA:56,0
DA:58,0
DA:60,0
DA:61,0
DA:69,0
DA:70,0
DA:71,0
DA:74,0
DA:75,0
DA:76,0
DA:77,0
DA:79,0
DA:81,0
DA:82,0
DA:83,0
DA:84,0
DA:87,0
DA:88,0
DA:91,0
DA:92,0
DA:93,0
DA:94,0
DA:97,0
DA:98,0
DA:99,0
DA:104,0
DA:105,0
DA:106,0
DA:107,0
DA:108,0
DA:109,0
DA:110,0
DA:111,0
DA:112,0
DA:113,0
DA:114,0
DA:115,0
DA:116,0
DA:117,0
DA:118,0
DA:119,0
DA:120,0
DA:122,0
DA:123,0
DA:127,0
DA:131,0
LF:66
LH:0
BRDA:12,0,0,0
BRDA:12,0,1,0
BRDA:22,1,0,0
BRDA:22,2,0,0
BRDA:49,3,0,0
BRDA:49,3,1,0
BRDA:77,4,0,0
BRDA:77,4,1,0
BRDA:79,5,0,0
BRDA:79,5,1,0
BRDA:81,6,0,0
BRDA:81,6,1,0
BRDA:82,7,0,0
BRDA:82,7,1,0
BRDA:82,7,2,0
BRDA:104,8,0,0
BRDA:104,8,1,0
BRDA:104,9,0,0
BRDA:104,9,1,0
BRF:19
BRH:0
end_of_record
TN:
SF:load_test_scale.js
FN:30,makeRequest
FN:31,(anonymous_1)
FN:54,(anonymous_2)
FN:56,(anonymous_3)
FN:57,(anonymous_4)
FN:67,(anonymous_5)
FN:73,runLoadTest
FN:86,(anonymous_7)
FN:87,(anonymous_8)
FN:108,(anonymous_9)
FNF:10
FNH:0
FNDA:0,makeRequest
FNDA:0,(anonymous_1)
FNDA:0,(anonymous_2)
FNDA:0,(anonymous_3)
FNDA:0,(anonymous_4)
FNDA:0,(anonymous_5)
FNDA:0,runLoadTest
FNDA:0,(anonymous_7)
FNDA:0,(anonymous_8)
FNDA:0,(anonymous_9)
DA:11,0
DA:12,0
DA:13,0
DA:14,0
DA:16,0
DA:17,0
DA:18,0
DA:19,0
DA:21,0
DA:31,0
DA:32,0
DA:33,0
DA:46,0
DA:54,0
DA:55,0
DA:56,0
DA:57,0
DA:58,0
DA:60,0
DA:67,0
DA:68,0
DA:69,0
DA:74,0
DA:75,0
DA:76,0
DA:77,0
DA:78,0
DA:80,0
DA:81,0
DA:82,0
DA:83,0
DA:84,0
DA:86,0
DA:87,0
DA:88,0
DA:89,0
DA:90,0
DA:91,0
DA:92,0
DA:93,0
DA:95,0
DA:97,0
DA:98,0
DA:102,0
DA:104,0
DA:105,0
DA:106,0
DA:107,0
DA:108,0
DA:110,0
DA:111,0
DA:112,0
DA:113,0
DA:114,0
DA:115,0
DA:116,0
DA:117,0
DA:120,0
DA:129,0
DA:132,0
LF:60
LH:0
BRDA:17,0,0,0
BRDA:17,0,1,0
BRDA:92,1,0,0
BRDA:92,1,1,0
BRDA:92,2,0,0
BRDA:92,2,1,0
BRDA:98,3,0,0
BRDA:98,3,1,0
BRF:8
BRH:0
end_of_record
TN:
SF:logger.js
FNF:0
FNH:0
DA:8,0
DA:10,0
DA:25,0
LF:3
LH:0
BRDA:11,0,0,0
BRDA:11,0,1,0
BRF:2
BRH:0
end_of_record
TN:
SF:policyEngine.js
FN:5,evaluatePolicy
FNF:1
FNH:1
FNDA:2,evaluatePolicy
DA:3,1
DA:7,2
DA:8,2
DA:11,2
DA:13,0
DA:14,0
DA:18,2
DA:19,1
DA:20,1
DA:29,2
DA:30,2
DA:31,2
DA:35,2
DA:44,2
DA:49,2
DA:80,1
LF:16
LH:14
BRDA:11,0,0,0
BRDA:11,0,1,2
BRDA:11,1,0,2
BRDA:11,1,1,0
BRDA:18,2,0,1
BRDA:18,2,1,1
BRDA:59,3,0,1
BRDA:59,3,1,1
BRF:8
BRH:6
end_of_record
TN:
SF:server.js
FN:58,(anonymous_0)
FN:58,(anonymous_1)
FN:63,(anonymous_2)
FN:78,(anonymous_3)
FN:91,(anonymous_4)
FN:98,(anonymous_5)
FN:103,(anonymous_6)
FN:125,(anonymous_7)
FN:149,(anonymous_8)
FN:179,(anonymous_9)
FN:197,(anonymous_10)
FN:220,executeAdapter
FN:237,notarizeToGovernance
FN:258,writeLedger
FN:278,verifyLedgerIntegrity
FN:307,(anonymous_15)
FN:338,(anonymous_16)
FN:407,(anonymous_17)
FN:436,(anonymous_18)
FN:579,(anonymous_19)
FN:634,(anonymous_20)
FNF:21
FNH:0
FNDA:0,(anonymous_0)
FNDA:0,(anonymous_1)
FNDA:0,(anonymous_2)
FNDA:0,(anonymous_3)
FNDA:0,(anonymous_4)
FNDA:0,(anonymous_5)
FNDA:0,(anonymous_6)
FNDA:0,(anonymous_7)
FNDA:0,(anonymous_8)
FNDA:0,(anonymous_9)
FNDA:0,(anonymous_10)
FNDA:0,executeAdapter
FNDA:0,notarizeToGovernance
FNDA:0,writeLedger
FNDA:0,verifyLedgerIntegrity
FNDA:0,(anonymous_15)
FNDA:0,(anonymous_16)
FNDA:0,(anonymous_17)
FNDA:0,(anonymous_18)
FNDA:0,(anonymous_19)
FNDA:0,(anonymous_20)
DA:3,0
DA:4,0
DA:5,0
DA:6,0
DA:7,0
DA:8,0
DA:9,0
DA:10,0
DA:14,0
DA:15,0
DA:16,0
DA:19,0
DA:20,0
DA:21,0
DA:22,0
DA:23,0
DA:24,0
DA:29,0
DA:31,0
DA:32,0
DA:35,0
DA:42,0
DA:43,0
DA:46,0
DA:58,0
DA:59,0
DA:60,0
DA:61,0
DA:63,0
DA:66,0
DA:70,0
DA:78,0
DA:79,0
DA:80,0
DA:81,0
DA:82,0
DA:83,0
DA:84,0
DA:86,0
DA:91,0
DA:98,0
DA:99,0
DA:103,0
DA:104,0
DA:112,0
DA:113,0
DA:114,0
DA:116,0
DA:117,0
DA:120,0
DA:121,0
DA:125,0
DA:126,0
DA:144,0
DA:145,0
DA:149,0
DA:150,0
DA:151,0
DA:153,0
DA:158,0
DA:159,0
DA:162,0
DA:165,0
DA:174,0
DA:179,0
DA:180,0
DA:181,0
DA:182,0
DA:187,0
DA:191,0
DA:197,0
DA:198,0
DA:199,0
DA:201,0
DA:202,0
DA:203,0
DA:204,0
DA:205,0
DA:207,0
DA:208,0
DA:210,0
DA:211,0
DA:221,0
DA:224,0
DA:226,0
DA:228,0
DA:230,0
DA:232,0
DA:239,0
DA:249,0
DA:250,0
DA:252,0
DA:259,0
DA:260,0
DA:263,0
DA:270,0
DA:279,0
DA:288,0
DA:290,0
DA:291,0
DA:296,0
DA:297,0
DA:307,0
DA:308,0
DA:309,0
DA:310,0
DA:312,0
DA:318,0
DA:325,0
DA:326,0
DA:330,0
DA:332,0
DA:333,0
DA:338,0
DA:339,0
DA:340,0
DA:341,0
DA:342,0
DA:343,0
DA:344,0
DA:347,0
DA:349,0
DA:351,0
DA:354,0
DA:361,0
DA:362,0
DA:363,0
DA:367,0
DA:374,0
DA:379,0
DA:381,0
DA:384,0
DA:389,0
DA:392,0
DA:393,0
DA:395,0
DA:397,0
DA:398,0
DA:400,0
DA:407,0
DA:408,0
DA:409,0
DA:410,0
DA:411,0
DA:413,0
DA:416,0
DA:418,0
DA:419,0
DA:420,0
DA:421,0
DA:423,0
DA:426,0
DA:429,0
DA:431,0
DA:436,0
DA:437,0
DA:438,0
DA:439,0
DA:442,0
DA:446,0
DA:448,0
DA:449,0
DA:455,0
DA:460,0
DA:461,0
DA:462,0
DA:465,0
DA:466,0
DA:470,0
DA:473,0
DA:475,0
DA:479,0
DA:480,0
DA:481,0
DA:483,0
DA:485,0
DA:493,0
DA:496,0
DA:499,0
DA:504,0
DA:505,0
DA:508,0
DA:513,0
DA:514,0
DA:518,0
DA:526,0
DA:533,0
DA:534,0
DA:540,0
DA:543,0
DA:544,0
DA:547,0
DA:548,0
DA:552,0
DA:554,0
DA:557,0
DA:564,0
DA:568,0
DA:569,0
DA:574,0
DA:579,0
DA:580,0
DA:581,0
DA:582,0
DA:588,0
DA:589,0
DA:590,0
DA:592,0
DA:593,0
DA:594,0
DA:595,0
DA:598,0
DA:600,0
DA:601,0
DA:602,0
DA:603,0
DA:604,0
DA:605,0
DA:606,0
DA:607,0
DA:609,0
DA:610,0
DA:613,0
DA:614,0
DA:618,0
DA:626,0
DA:634,0
DA:635,0
DA:636,0
DA:637,0
DA:638,0
DA:639,0
DA:640,0
DA:641,0
DA:642,0
DA:643,0
DA:644,0
DA:645,0
DA:646,0
DA:647,0
DA:648,0
DA:649,0
LF:242
LH:0
BRDA:14,0,0,0
BRDA:14,0,1,0
BRDA:32,1,0,0
BRDA:32,1,1,0
BRDA:60,2,0,0
BRDA:60,2,1,0
BRDA:120,3,0,0
BRDA:120,3,1,0
BRDA:141,4,0,0
BRDA:141,4,1,0
BRDA:158,5,0,0
BRDA:158,5,1,0
BRDA:181,6,0,0
BRDA:181,6,1,0
BRDA:199,7,0,0
BRDA:199,7,1,0
BRDA:203,8,0,0
BRDA:203,8,1,0
BRDA:221,9,0,0
BRDA:221,9,1,0
BRDA:221,9,2,0
BRDA:221,9,3,0
BRDA:221,9,4,0
BRDA:221,9,5,0
BRDA:290,10,0,0
BRDA:290,10,1,0
BRDA:325,11,0,0
BRDA:325,11,1,0
BRDA:343,12,0,0
BRDA:343,12,1,0
BRDA:349,13,0,0
BRDA:349,13,1,0
BRDA:361,14,0,0
BRDA:361,14,1,0
BRDA:361,15,0,0
BRDA:361,15,1,0
BRDA:413,16,0,0
BRDA:413,16,1,0
BRDA:418,17,0,0
BRDA:418,17,1,0
BRDA:419,18,0,0
BRDA:419,18,1,0
BRDA:420,19,0,0
BRDA:420,19,1,0
BRDA:421,20,0,0
BRDA:421,20,1,0
BRDA:448,21,0,0
BRDA:448,21,1,0
BRDA:465,22,0,0
BRDA:465,22,1,0
BRDA:483,23,0,0
BRDA:483,23,1,0
BRDA:528,24,0,0
BRDA:528,24,1,0
BRDA:530,25,0,0
BRDA:530,25,1,0
BRDA:533,26,0,0
BRDA:533,26,1,0
BRDA:592,27,0,0
BRDA:592,27,1,0
BRDA:602,28,0,0
BRDA:602,28,1,0
BRDA:605,29,0,0
BRDA:605,29,1,0
BRDA:605,30,0,0
BRDA:605,30,1,0
BRF:66
BRH:0
end_of_record
TN:
SF:validators.js
FNF:0
FNH:0
DA:8,1
DA:9,1
DA:11,1
DA:56,1
DA:65,1
DA:70,1
LF:6
LH:6
BRF:0
BRH:0
end_of_record
TN:
SF:vaultProvider.js
FN:15,signStellarTransaction
FN:19,(anonymous_1)
FN:39,getStellarPublicKey
FN:50,getAdapterCredential
FNF:4
FNH:0
FNDA:0,signStellarTransaction
FNDA:0,(anonymous_1)
FNDA:0,getStellarPublicKey
FNDA:0,getAdapterCredential
DA:3,0
DA:4,0
DA:7,0
DA:16,0
DA:19,0
DA:24,0
DA:25,0
DA:29,0
DA:32,0
DA:34,0
DA:35,0
DA:40,0
DA:41,0
DA:45,0
DA:46,0
DA:51,0
DA:52,0
DA:53,0
DA:56,0
DA:59,0
LF:20
LH:0
BRDA:24,0,0,0
BRDA:24,0,1,0
BRDA:40,1,0,0
BRDA:40,1,1,0
BRDA:51,2,0,0
BRDA:51,2,1,0
BRF:6
BRH:0
end_of_record
TN:
SF:verify_institutional.js
FN:19,makeRequest
FN:20,(anonymous_1)
FN:33,(anonymous_2)
FN:35,(anonymous_3)
FN:36,(anonymous_4)
FN:52,runVerification
FNF:6
FNH:0
FNDA:0,makeRequest
FNDA:0,(anonymous_1)
FNDA:0,(anonymous_2)
FNDA:0,(anonymous_3)
FNDA:0,(anonymous_4)
FNDA:0,runVerification
DA:3,0
DA:4,0
DA:5,0
DA:6,0
DA:8,0
DA:9,0
DA:12,0
DA:20,0
DA:21,0
DA:33,0
DA:34,0
DA:35,0
DA:36,0
DA:37,0
DA:38,0
DA:39,0
DA:41,0
DA:46,0
DA:47,0
DA:48,0
DA:53,0
DA:54,0
DA:55,0
DA:57,0
DA:58,0
DA:61,0
DA:62,0
DA:63,0
DA:64,0
DA:65,0
DA:66,0
DA:68,0
DA:69,0
DA:72,0
DA:73,0
DA:77,0
DA:78,0
DA:79,0
DA:80,0
DA:81,0
DA:82,0
DA:84,0
DA:85,0
DA:88,0
DA:89,0
DA:93,0
DA:94,0
DA:95,0
DA:96,0
DA:97,0
DA:98,0
DA:100,0
DA:101,0
DA:104,0
DA:105,0
DA:109,0
DA:110,0
DA:112,0
DA:120,0
DA:121,0
DA:124,0
DA:125,0
DA:126,0
DA:127,0
DA:129,0
DA:132,0
DA:133,0
DA:134,0
DA:135,0
DA:137,0
DA:140,0
DA:145,0
DA:146,0
DA:147,0
DA:148,0
DA:150,0
DA:151,0
DA:152,0
DA:155,0
DA:156,0
DA:160,0
DA:161,0
DA:162,0
DA:170,0
DA:171,0
DA:172,0
DA:174,0
DA:175,0
DA:176,0
DA:179,0
DA:180,0
DA:184,0
DA:185,0
DA:186,0
DA:187,0
DA:188,0
DA:189,0
DA:191,0
DA:192,0
DA:193,0
DA:195,0
DA:198,0
DA:201,0
LF:103
LH:0
BRDA:8,0,0,0
BRDA:8,0,1,0
BRDA:19,1,0,0
BRDA:19,2,0,0
BRDA:38,3,0,0
BRDA:38,3,1,0
BRDA:47,4,0,0
BRDA:47,4,1,0
BRDA:64,5,0,0
BRDA:64,5,1,0
BRDA:64,6,0,0
BRDA:64,6,1,0
BRDA:80,7,0,0
BRDA:80,7,1,0
BRDA:80,8,0,0
BRDA:80,8,1,0
BRDA:96,9,0,0
BRDA:96,9,1,0
BRDA:96,10,0,0
BRDA:96,10,1,0
BRDA:125,11,0,0
BRDA:125,11,1,0
BRDA:133,12,0,0
BRDA:133,12,1,0
BRDA:145,13,0,0
BRDA:145,13,1,0
BRDA:145,14,0,0
BRDA:145,14,1,0
BRDA:170,15,0,0
BRDA:170,15,1,0
BRDA:170,16,0,0
BRDA:170,16,1,0
BRDA:191,17,0,0
BRDA:191,17,1,0
BRF:34
BRH:0
end_of_record
TN:
SF:adapters\brokerageAdapters.js
FN:3,executeBrokerageTrade
FN:10,(anonymous_1)
FNF:2
FNH:0
FNDA:0,executeBrokerageTrade
FNDA:0,(anonymous_1)
DA:4,0
DA:6,0
DA:10,0
DA:12,0
DA:22,0
LF:5
LH:0
BRF:0
BRH:0
end_of_record
TN:
SF:adapters\cryptoAdapters.js
FN:10,executeCryptoTransfer
FN:32,(anonymous_1)
FNF:2
FNH:0
FNDA:0,executeCryptoTransfer
FNDA:0,(anonymous_1)
DA:3,0
DA:6,0
DA:7,0
DA:11,0
DA:13,0
DA:15,0
DA:17,0
DA:19,0
DA:20,0
DA:22,0
DA:23,0
DA:26,0
DA:27,0
DA:29,0
DA:30,0
DA:31,0
DA:32,0
DA:36,0
DA:39,0
DA:40,0
DA:41,0
DA:43,0
DA:47,0
DA:59,0
DA:68,0
DA:71,0
DA:72,0
DA:73,0
DA:75,0
DA:86,0
DA:87,0
DA:88,0
DA:90,0
DA:91,0
DA:99,0
LF:35
LH:0
BRDA:47,0,0,0
BRDA:47,0,1,0
BRDA:87,1,0,0
BRDA:87,1,1,0
BRDA:87,2,0,0
BRDA:87,2,1,0
BRDA:87,2,2,0
BRF:7
BRH:0
end_of_record
TN:
SF:adapters\paymentsAdapters.js
FN:3,executePaymentRail
FN:48,queryStatus
FNF:2
FNH:0
FNDA:0,executePaymentRail
FNDA:0,queryStatus
DA:4,0
DA:5,0
DA:6,0
DA:7,0
DA:9,0
DA:11,0
DA:13,0
DA:20,0
DA:21,0
DA:23,0
DA:37,0
DA:43,0
DA:44,0
DA:49,0
DA:50,0
DA:51,0
DA:52,0
DA:53,0
DA:54,0
DA:55,0
DA:57,0
DA:61,0
LF:22
LH:0
BRDA:20,0,0,0
BRDA:20,0,1,0
BRDA:21,1,0,0
BRDA:21,1,1,0
BRDA:33,2,0,0
BRDA:33,2,1,0
BRDA:49,3,0,0
BRDA:49,3,1,0
BRF:8
BRH:0
end_of_record
