TN:
SF:batch_run_10.js
FN:19,makeRequest
FN:20,(anonymous_1)
FN:34,(anonymous_2)
FN:36,(anonymous_3)
FN:37,(anonymous_4)
FN:52,runFullFlow
FN:98,startBatch
FNF:7
FNH:0
FNDA:0,makeRequest
FNDA:0,(anonymous_1)
FNDA:0,(anonymous_2)
FNDA:0,(anonymous_3)
FNDA:0,(anonymous_4)
FNDA:0,runFullFlow
FNDA:0,startBatch
DA:3,0
DA:4,0
DA:5,0
DA:6,0
DA:8,0
DA:9,0
DA:12,0
DA:20,0
DA:21,0
DA:34,0
DA:35,0
DA:36,0
DA:37,0
DA:38,0
DA:39,0
DA:41,0
DA:46,0
DA:47,0
DA:48,0
DA:53,0
DA:55,0
DA:57,0
DA:60,0
DA:61,0
DA:62,0
DA:65,0
DA:66,0
DA:67,0
DA:70,0
DA:71,0
DA:72,0
DA:75,0
DA:76,0
DA:78,0
DA:79,0
DA:80,0
DA:83,0
DA:85,0
DA:86,0
DA:87,0
DA:90,0
DA:91,0
DA:93,0
DA:94,0
DA:99,0
DA:100,0
DA:102,0
DA:105,0
DA:106,0
DA:107,0
DA:108,0
DA:109,0
DA:113,0
DA:114,0
DA:115,0
DA:116,0
DA:119,0
DA:120,0
DA:121,0
DA:124,0
LF:60
LH:0
BRDA:9,0,0,0
BRDA:9,0,1,0
BRDA:19,1,0,0
BRDA:19,2,0,0
BRDA:47,3,0,0
BRDA:47,3,1,0
BRDA:60,4,0,0
BRDA:60,4,1,0
BRDA:60,5,0,0
BRDA:60,5,1,0
BRDA:66,6,0,0
BRDA:66,6,1,0
BRDA:71,7,0,0
BRDA:71,7,1,0
BRDA:76,8,0,0
BRDA:76,8,1,0
BRDA:78,9,0,0
BRDA:78,9,1,0
BRDA:78,10,0,0
BRDA:78,10,1,0
BRDA:83,11,0,0
BRDA:83,11,1,0
BRDA:85,12,0,0
BRDA:85,12,1,0
BRDA:87,13,0,0
BRDA:87,13,1,0
BRDA:109,14,0,0
BRDA:109,14,1,0
BRDA:116,15,0,0
BRDA:116,15,1,0
BRF:30
BRH:0
end_of_record
TN:
SF:batch_run_stripe_50.js
FN:30,seedBalances
FN:56,makeRequest
FN:57,(anonymous_2)
FN:71,(anonymous_3)
FN:73,(anonymous_4)
FN:74,(anonymous_5)
FN:89,runFullFlow
FN:139,startBatch
FN:158,(anonymous_8)
FNF:9
FNH:0
FNDA:0,seedBalances
FNDA:0,makeRequest
FNDA:0,(anonymous_2)
FNDA:0,(anonymous_3)
FNDA:0,(anonymous_4)
FNDA:0,(anonymous_5)
FNDA:0,runFullFlow
FNDA:0,startBatch
FNDA:0,(anonymous_8)
DA:2,0
DA:3,0
DA:4,0
DA:5,0
DA:6,0
DA:8,0
DA:9,0
DA:10,0
DA:13,0
DA:22,0
DA:31,0
DA:32,0
DA:33,0
DA:34,0
DA:35,0
DA:36,0
DA:46,0
DA:47,0
DA:49,0
DA:50,0
DA:52,0
DA:57,0
DA:58,0
DA:71,0
DA:72,0
DA:73,0
DA:74,0
DA:75,0
DA:76,0
DA:78,0
DA:83,0
DA:84,0
DA:85,0
DA:90,0
DA:91,0
DA:92,0
DA:93,0
DA:95,0
DA:97,0
DA:99,0
DA:102,0
DA:103,0
DA:104,0
DA:107,0
DA:108,0
DA:109,0
DA:112,0
DA:113,0
DA:114,0
DA:117,0
DA:118,0
DA:120,0
DA:121,0
DA:124,0
DA:126,0
DA:127,0
DA:130,0
DA:131,0
DA:134,0
DA:135,0
DA:140,0
DA:142,0
DA:143,0
DA:145,0
DA:148,0
DA:149,0
DA:150,0
DA:154,0
DA:156,0
DA:157,0
DA:158,0
DA:160,0
DA:161,0
DA:162,0
DA:163,0
DA:164,0
DA:165,0
DA:167,0
DA:170,0
LF:79
LH:0
BRDA:9,0,0,0
BRDA:9,0,1,0
BRDA:56,1,0,0
BRDA:56,2,0,0
BRDA:84,3,0,0
BRDA:84,3,1,0
BRDA:102,4,0,0
BRDA:102,4,1,0
BRDA:102,5,0,0
BRDA:102,5,1,0
BRDA:108,6,0,0
BRDA:108,6,1,0
BRDA:113,7,0,0
BRDA:113,7,1,0
BRDA:118,8,0,0
BRDA:118,8,1,0
BRDA:120,9,0,0
BRDA:120,9,1,0
BRDA:120,10,0,0
BRDA:120,10,1,0
BRDA:124,11,0,0
BRDA:124,11,1,0
BRDA:126,12,0,0
BRDA:126,12,1,0
BRDA:127,13,0,0
BRDA:127,13,1,0
BRDA:164,14,0,0
BRDA:164,14,1,0
BRF:28
BRH:0
end_of_record
TN:
SF:constants.js
FNF:0
FNH:0
DA:8,0
DA:17,0
DA:23,0
DA:29,0
DA:38,0
LF:5
LH:0
BRF:0
BRH:0
end_of_record
TN:
SF:demo_stellar_transaction.js
FN:22,makeRequest
FN:23,(anonymous_1)
FN:37,(anonymous_2)
FN:39,(anonymous_3)
FN:40,(anonymous_4)
FN:55,executeStellarTransaction
FNF:6
FNH:0
FNDA:0,makeRequest
FNDA:0,(anonymous_1)
FNDA:0,(anonymous_2)
FNDA:0,(anonymous_3)
FNDA:0,(anonymous_4)
FNDA:0,executeStellarTransaction
DA:6,0
DA:7,0
DA:8,0
DA:9,0
DA:11,0
DA:12,0
DA:15,0
DA:23,0
DA:24,0
DA:37,0
DA:38,0
DA:39,0
DA:40,0
DA:41,0
DA:42,0
DA:44,0
DA:49,0
DA:50,0
DA:51,0
DA:56,0
DA:57,0
DA:59,0
DA:61,0
DA:62,0
DA:70,0
DA:71,0
DA:72,0
DA:75,0
DA:76,0
DA:77,0
DA:78,0
DA:80,0
DA:82,0
DA:83,0
DA:84,0
DA:85,0
DA:88,0
DA:89,0
DA:92,0
DA:93,0
DA:94,0
DA:95,0
DA:98,0
DA:99,0
DA:100,0
DA:105,0
DA:106,0
DA:107,0
DA:108,0
DA:109,0
DA:110,0
DA:111,0
DA:112,0
DA:113,0
DA:114,0
DA:115,0
DA:116,0
DA:117,0
DA:118,0
DA:119,0
DA:120,0
DA:121,0
DA:123,0
DA:124,0
DA:128,0
DA:132,0
LF:66
LH:0
BRDA:12,0,0,0
BRDA:12,0,1,0
BRDA:22,1,0,0
BRDA:22,2,0,0
BRDA:50,3,0,0
BRDA:50,3,1,0
BRDA:78,4,0,0
BRDA:78,4,1,0
BRDA:80,5,0,0
BRDA:80,5,1,0
BRDA:82,6,0,0
BRDA:82,6,1,0
BRDA:83,7,0,0
BRDA:83,7,1,0
BRDA:105,8,0,0
BRDA:105,8,1,0
BRDA:105,9,0,0
BRDA:105,9,1,0
BRF:18
BRH:0
end_of_record
TN:
SF:diag_flow.js
FN:31,run
FNF:1
FNH:0
FNDA:0,run
DA:1,0
DA:2,0
DA:3,0
DA:4,0
DA:5,0
DA:7,0
DA:15,0
DA:22,0
DA:33,0
DA:34,0
DA:35,0
DA:36,0
DA:41,0
DA:42,0
DA:44,0
DA:45,0
DA:50,0
DA:51,0
DA:52,0
DA:59,0
DA:60,0
DA:62,0
DA:63,0
DA:64,0
DA:68,0
DA:69,0
DA:70,0
DA:71,0
DA:73,0
DA:74,0
DA:77,0
DA:80,0
LF:32
LH:0
BRDA:8,0,0,0
BRDA:8,0,1,0
BRDA:9,1,0,0
BRDA:9,1,1,0
BRDA:10,2,0,0
BRDA:10,2,1,0
BRDA:11,3,0,0
BRDA:11,3,1,0
BRDA:12,4,0,0
BRDA:12,4,1,0
BRDA:63,5,0,0
BRDA:63,5,1,0
BRDA:74,6,0,0
BRDA:74,6,1,0
BRF:14
BRH:0
end_of_record
TN:
SF:load_test_scale.js
FN:30,makeRequest
FN:31,(anonymous_1)
FN:54,(anonymous_2)
FN:56,(anonymous_3)
FN:57,(anonymous_4)
FN:67,(anonymous_5)
FN:73,runLoadTest
FN:86,(anonymous_7)
FN:87,(anonymous_8)
FN:108,(anonymous_9)
FNF:10
FNH:0
FNDA:0,makeRequest
FNDA:0,(anonymous_1)
FNDA:0,(anonymous_2)
FNDA:0,(anonymous_3)
FNDA:0,(anonymous_4)
FNDA:0,(anonymous_5)
FNDA:0,runLoadTest
FNDA:0,(anonymous_7)
FNDA:0,(anonymous_8)
FNDA:0,(anonymous_9)
DA:11,0
DA:12,0
DA:13,0
DA:14,0
DA:16,0
DA:17,0
DA:18,0
DA:19,0
DA:21,0
DA:31,0
DA:32,0
DA:33,0
DA:46,0
DA:54,0
DA:55,0
DA:56,0
DA:57,0
DA:58,0
DA:60,0
DA:67,0
DA:68,0
DA:69,0
DA:74,0
DA:75,0
DA:76,0
DA:77,0
DA:78,0
DA:80,0
DA:81,0
DA:82,0
DA:83,0
DA:84,0
DA:86,0
DA:87,0
DA:88,0
DA:89,0
DA:90,0
DA:91,0
DA:92,0
DA:93,0
DA:95,0
DA:97,0
DA:98,0
DA:102,0
DA:104,0
DA:105,0
DA:106,0
DA:107,0
DA:108,0
DA:110,0
DA:111,0
DA:112,0
DA:113,0
DA:114,0
DA:115,0
DA:116,0
DA:117,0
DA:120,0
DA:129,0
DA:132,0
LF:60
LH:0
BRDA:17,0,0,0
BRDA:17,0,1,0
BRDA:92,1,0,0
BRDA:92,1,1,0
BRDA:92,2,0,0
BRDA:92,2,1,0
BRDA:98,3,0,0
BRDA:98,3,1,0
BRF:8
BRH:0
end_of_record
TN:
SF:logger.js
FNF:0
FNH:0
DA:8,0
DA:10,0
DA:25,0
LF:3
LH:0
BRDA:11,0,0,0
BRDA:11,0,1,0
BRF:2
BRH:0
end_of_record
TN:
SF:policyEngine.js
FN:5,evaluatePolicy
FNF:1
FNH:0
FNDA:0,evaluatePolicy
DA:3,0
DA:7,0
DA:8,0
DA:11,0
DA:13,0
DA:14,0
DA:18,0
DA:19,0
DA:20,0
DA:29,0
DA:30,0
DA:31,0
DA:35,0
DA:44,0
DA:49,0
DA:80,0
LF:16
LH:0
BRDA:11,0,0,0
BRDA:11,0,1,0
BRDA:11,1,0,0
BRDA:11,1,1,0
BRDA:18,2,0,0
BRDA:18,2,1,0
BRDA:59,3,0,0
BRDA:59,3,1,0
BRF:8
BRH:0
end_of_record
TN:
SF:server.js
FN:60,(anonymous_0)
FN:60,(anonymous_1)
FN:65,(anonymous_2)
FN:80,(anonymous_3)
FN:93,(anonymous_4)
FN:100,(anonymous_5)
FN:105,(anonymous_6)
FN:127,(anonymous_7)
FN:151,(anonymous_8)
FN:181,(anonymous_9)
FN:199,(anonymous_10)
FN:228,executeAdapter
FN:245,notarizeToGovernance
FN:266,writeLedger
FN:286,verifyLedgerIntegrity
FN:315,(anonymous_15)
FN:346,(anonymous_16)
FN:415,(anonymous_17)
FN:444,(anonymous_18)
FN:601,(anonymous_19)
FN:649,(anonymous_20)
FN:660,(anonymous_21)
FN:697,(anonymous_22)
FNF:23
FNH:0
FNDA:0,(anonymous_0)
FNDA:0,(anonymous_1)
FNDA:0,(anonymous_2)
FNDA:0,(anonymous_3)
FNDA:0,(anonymous_4)
FNDA:0,(anonymous_5)
FNDA:0,(anonymous_6)
FNDA:0,(anonymous_7)
FNDA:0,(anonymous_8)
FNDA:0,(anonymous_9)
FNDA:0,(anonymous_10)
FNDA:0,executeAdapter
FNDA:0,notarizeToGovernance
FNDA:0,writeLedger
FNDA:0,verifyLedgerIntegrity
FNDA:0,(anonymous_15)
FNDA:0,(anonymous_16)
FNDA:0,(anonymous_17)
FNDA:0,(anonymous_18)
FNDA:0,(anonymous_19)
FNDA:0,(anonymous_20)
FNDA:0,(anonymous_21)
FNDA:0,(anonymous_22)
DA:3,0
DA:4,0
DA:5,0
DA:6,0
DA:7,0
DA:8,0
DA:9,0
DA:10,0
DA:12,0
DA:16,0
DA:17,0
DA:18,0
DA:21,0
DA:22,0
DA:23,0
DA:24,0
DA:25,0
DA:26,0
DA:31,0
DA:33,0
DA:34,0
DA:37,0
DA:44,0
DA:45,0
DA:48,0
DA:60,0
DA:61,0
DA:62,0
DA:63,0
DA:65,0
DA:68,0
DA:72,0
DA:80,0
DA:81,0
DA:82,0
DA:83,0
DA:84,0
DA:85,0
DA:86,0
DA:88,0
DA:93,0
DA:100,0
DA:101,0
DA:105,0
DA:106,0
DA:114,0
DA:115,0
DA:116,0
DA:118,0
DA:119,0
DA:122,0
DA:123,0
DA:127,0
DA:128,0
DA:146,0
DA:147,0
DA:151,0
DA:152,0
DA:153,0
DA:155,0
DA:160,0
DA:161,0
DA:164,0
DA:167,0
DA:176,0
DA:181,0
DA:182,0
DA:183,0
DA:184,0
DA:189,0
DA:193,0
DA:199,0
DA:200,0
DA:201,0
DA:202,0
DA:203,0
DA:209,0
DA:210,0
DA:211,0
DA:212,0
DA:213,0
DA:215,0
DA:216,0
DA:218,0
DA:219,0
DA:229,0
DA:232,0
DA:234,0
DA:236,0
DA:238,0
DA:240,0
DA:247,0
DA:257,0
DA:258,0
DA:260,0
DA:267,0
DA:268,0
DA:271,0
DA:278,0
DA:287,0
DA:296,0
DA:298,0
DA:299,0
DA:304,0
DA:305,0
DA:315,0
DA:316,0
DA:317,0
DA:318,0
DA:320,0
DA:326,0
DA:333,0
DA:334,0
DA:338,0
DA:340,0
DA:341,0
DA:346,0
DA:347,0
DA:348,0
DA:349,0
DA:350,0
DA:351,0
DA:352,0
DA:355,0
DA:357,0
DA:359,0
DA:362,0
DA:369,0
DA:370,0
DA:371,0
DA:375,0
DA:382,0
DA:387,0
DA:389,0
DA:392,0
DA:397,0
DA:400,0
DA:401,0
DA:403,0
DA:405,0
DA:406,0
DA:408,0
DA:415,0
DA:416,0
DA:417,0
DA:418,0
DA:419,0
DA:421,0
DA:424,0
DA:426,0
DA:427,0
DA:428,0
DA:429,0
DA:431,0
DA:434,0
DA:437,0
DA:439,0
DA:444,0
DA:447,0
DA:448,0
DA:449,0
DA:450,0
DA:454,0
DA:456,0
DA:459,0
DA:461,0
DA:464,0
DA:465,0
DA:471,0
DA:473,0
DA:474,0
DA:479,0
DA:480,0
DA:481,0
DA:484,0
DA:486,0
DA:487,0
DA:488,0
DA:493,0
DA:495,0
DA:498,0
DA:500,0
DA:504,0
DA:505,0
DA:506,0
DA:508,0
DA:510,0
DA:518,0
DA:521,0
DA:524,0
DA:529,0
DA:530,0
DA:533,0
DA:538,0
DA:539,0
DA:543,0
DA:551,0
DA:558,0
DA:559,0
DA:565,0
DA:568,0
DA:569,0
DA:572,0
DA:573,0
DA:577,0
DA:579,0
DA:582,0
DA:589,0
DA:592,0
DA:593,0
DA:601,0
DA:602,0
DA:603,0
DA:604,0
DA:610,0
DA:611,0
DA:612,0
DA:614,0
DA:615,0
DA:616,0
DA:617,0
DA:620,0
DA:622,0
DA:623,0
DA:624,0
DA:625,0
DA:626,0
DA:627,0
DA:628,0
DA:629,0
DA:631,0
DA:632,0
DA:635,0
DA:636,0
DA:640,0
DA:649,0
DA:650,0
DA:651,0
DA:654,0
DA:660,0
DA:673,0
DA:682,0
DA:683,0
DA:689,0
DA:697,0
DA:698,0
DA:699,0
DA:700,0
DA:701,0
LF:249
LH:0
BRDA:16,0,0,0
BRDA:16,0,1,0
BRDA:34,1,0,0
BRDA:34,1,1,0
BRDA:62,2,0,0
BRDA:62,2,1,0
BRDA:122,3,0,0
BRDA:122,3,1,0
BRDA:143,4,0,0
BRDA:143,4,1,0
BRDA:160,5,0,0
BRDA:160,5,1,0
BRDA:183,6,0,0
BRDA:183,6,1,0
BRDA:201,7,0,0
BRDA:201,7,1,0
BRDA:211,8,0,0
BRDA:211,8,1,0
BRDA:229,9,0,0
BRDA:229,9,1,0
BRDA:229,9,2,0
BRDA:229,9,3,0
BRDA:229,9,4,0
BRDA:229,9,5,0
BRDA:298,10,0,0
BRDA:298,10,1,0
BRDA:333,11,0,0
BRDA:333,11,1,0
BRDA:351,12,0,0
BRDA:351,12,1,0
BRDA:357,13,0,0
BRDA:357,13,1,0
BRDA:369,14,0,0
BRDA:369,14,1,0
BRDA:369,15,0,0
BRDA:369,15,1,0
BRDA:421,16,0,0
BRDA:421,16,1,0
BRDA:426,17,0,0
BRDA:426,17,1,0
BRDA:427,18,0,0
BRDA:427,18,1,0
BRDA:428,19,0,0
BRDA:428,19,1,0
BRDA:429,20,0,0
BRDA:429,20,1,0
BRDA:459,21,0,0
BRDA:459,21,1,0
BRDA:464,22,0,0
BRDA:464,22,1,0
BRDA:484,23,0,0
BRDA:484,23,1,0
BRDA:508,24,0,0
BRDA:508,24,1,0
BRDA:553,25,0,0
BRDA:553,25,1,0
BRDA:555,26,0,0
BRDA:555,26,1,0
BRDA:558,27,0,0
BRDA:558,27,1,0
BRDA:614,28,0,0
BRDA:614,28,1,0
BRDA:624,29,0,0
BRDA:624,29,1,0
BRDA:627,30,0,0
BRDA:627,30,1,0
BRDA:627,31,0,0
BRDA:627,31,1,0
BRDA:651,32,0,0
BRDA:670,33,0,0
BRDA:670,33,1,0
BRF:71
BRH:0
end_of_record
TN:
SF:validators.js
FNF:0
FNH:0
DA:8,0
DA:9,0
DA:11,0
DA:56,0
DA:65,0
DA:70,0
LF:6
LH:0
BRF:0
BRH:0
end_of_record
TN:
SF:vaultProvider.js
FN:15,signStellarTransaction
FN:19,(anonymous_1)
FN:40,getStellarPublicKey
FN:52,getAdapterCredential
FNF:4
FNH:0
FNDA:0,signStellarTransaction
FNDA:0,(anonymous_1)
FNDA:0,getStellarPublicKey
FNDA:0,getAdapterCredential
DA:3,0
DA:4,0
DA:7,0
DA:16,0
DA:19,0
DA:24,0
DA:25,0
DA:26,0
DA:30,0
DA:33,0
DA:35,0
DA:36,0
DA:41,0
DA:42,0
DA:43,0
DA:47,0
DA:48,0
DA:53,0
DA:54,0
DA:55,0
DA:58,0
DA:61,0
LF:22
LH:0
BRDA:25,0,0,0
BRDA:25,0,1,0
BRDA:42,1,0,0
BRDA:42,1,1,0
BRDA:53,2,0,0
BRDA:53,2,1,0
BRF:6
BRH:0
end_of_record
TN:
SF:verify_institutional.js
FN:19,makeRequest
FN:20,(anonymous_1)
FN:34,(anonymous_2)
FN:36,(anonymous_3)
FN:37,(anonymous_4)
FN:53,runVerification
FNF:6
FNH:0
FNDA:0,makeRequest
FNDA:0,(anonymous_1)
FNDA:0,(anonymous_2)
FNDA:0,(anonymous_3)
FNDA:0,(anonymous_4)
FNDA:0,runVerification
DA:3,0
DA:4,0
DA:5,0
DA:6,0
DA:8,0
DA:9,0
DA:12,0
DA:20,0
DA:21,0
DA:34,0
DA:35,0
DA:36,0
DA:37,0
DA:38,0
DA:39,0
DA:40,0
DA:42,0
DA:47,0
DA:48,0
DA:49,0
DA:54,0
DA:55,0
DA:56,0
DA:58,0
DA:59,0
DA:62,0
DA:63,0
DA:64,0
DA:65,0
DA:66,0
DA:67,0
DA:69,0
DA:70,0
DA:73,0
DA:74,0
DA:78,0
DA:79,0
DA:80,0
DA:81,0
DA:82,0
DA:83,0
DA:85,0
DA:86,0
DA:89,0
DA:90,0
DA:94,0
DA:95,0
DA:96,0
DA:97,0
DA:98,0
DA:99,0
DA:101,0
DA:102,0
DA:105,0
DA:106,0
DA:110,0
DA:111,0
DA:113,0
DA:121,0
DA:122,0
DA:125,0
DA:126,0
DA:127,0
DA:128,0
DA:130,0
DA:133,0
DA:134,0
DA:135,0
DA:136,0
DA:138,0
DA:141,0
DA:146,0
DA:147,0
DA:148,0
DA:149,0
DA:151,0
DA:152,0
DA:153,0
DA:156,0
DA:157,0
DA:161,0
DA:162,0
DA:163,0
DA:171,0
DA:172,0
DA:173,0
DA:175,0
DA:176,0
DA:177,0
DA:180,0
DA:181,0
DA:185,0
DA:186,0
DA:187,0
DA:188,0
DA:189,0
DA:190,0
DA:192,0
DA:193,0
DA:194,0
DA:196,0
DA:199,0
DA:202,0
LF:103
LH:0
BRDA:8,0,0,0
BRDA:8,0,1,0
BRDA:19,1,0,0
BRDA:19,2,0,0
BRDA:39,3,0,0
BRDA:39,3,1,0
BRDA:48,4,0,0
BRDA:48,4,1,0
BRDA:65,5,0,0
BRDA:65,5,1,0
BRDA:65,6,0,0
BRDA:65,6,1,0
BRDA:81,7,0,0
BRDA:81,7,1,0
BRDA:81,8,0,0
BRDA:81,8,1,0
BRDA:97,9,0,0
BRDA:97,9,1,0
BRDA:97,10,0,0
BRDA:97,10,1,0
BRDA:126,11,0,0
BRDA:126,11,1,0
BRDA:134,12,0,0
BRDA:134,12,1,0
BRDA:146,13,0,0
BRDA:146,13,1,0
BRDA:146,14,0,0
BRDA:146,14,1,0
BRDA:171,15,0,0
BRDA:171,15,1,0
BRDA:171,16,0,0
BRDA:171,16,1,0
BRDA:192,17,0,0
BRDA:192,17,1,0
BRF:34
BRH:0
end_of_record
TN:
SF:verify_observe.js
FN:18,(anonymous_0)
FN:21,(anonymous_1)
FN:22,(anonymous_2)
FN:33,(anonymous_3)
FNF:4
FNH:0
FNDA:0,(anonymous_0)
FNDA:0,(anonymous_1)
FNDA:0,(anonymous_2)
FNDA:0,(anonymous_3)
DA:1,0
DA:2,0
DA:4,0
DA:18,0
DA:19,0
DA:20,0
DA:21,0
DA:22,0
DA:23,0
DA:24,0
DA:25,0
DA:26,0
DA:28,0
DA:33,0
DA:34,0
DA:37,0
LF:16
LH:0
BRF:0
BRH:0
end_of_record
TN:
SF:adapters\brokerageAdapters.js
FN:3,executeBrokerageTrade
FN:8,(anonymous_1)
FNF:2
FNH:0
FNDA:0,executeBrokerageTrade
FNDA:0,(anonymous_1)
DA:4,0
DA:6,0
DA:8,0
DA:10,0
DA:20,0
LF:5
LH:0
BRF:0
BRH:0
end_of_record
TN:
SF:adapters\cryptoAdapters.js
FN:10,executeCryptoTransfer
FN:32,(anonymous_1)
FNF:2
FNH:0
FNDA:0,executeCryptoTransfer
FNDA:0,(anonymous_1)
DA:3,0
DA:6,0
DA:7,0
DA:11,0
DA:13,0
DA:15,0
DA:17,0
DA:19,0
DA:20,0
DA:22,0
DA:23,0
DA:26,0
DA:27,0
DA:29,0
DA:30,0
DA:31,0
DA:32,0
DA:36,0
DA:39,0
DA:40,0
DA:41,0
DA:43,0
DA:47,0
DA:59,0
DA:68,0
DA:71,0
DA:72,0
DA:73,0
DA:75,0
DA:86,0
DA:87,0
DA:88,0
DA:90,0
DA:91,0
DA:99,0
LF:35
LH:0
BRDA:47,0,0,0
BRDA:47,0,1,0
BRDA:87,1,0,0
BRDA:87,1,1,0
BRDA:87,2,0,0
BRDA:87,2,1,0
BRDA:87,2,2,0
BRF:7
BRH:0
end_of_record
TN:
SF:adapters\paymentsAdapters.js
FN:3,executePaymentRail
FN:15,(anonymous_1)
FN:61,queryStatus
FNF:3
FNH:0
FNDA:0,executePaymentRail
FNDA:0,(anonymous_1)
FNDA:0,queryStatus
DA:4,0
DA:5,0
DA:6,0
DA:7,0
DA:8,0
DA:10,0
DA:13,0
DA:14,0
DA:15,0
DA:16,0
DA:17,0
DA:24,0
DA:26,0
DA:33,0
DA:34,0
DA:36,0
DA:50,0
DA:56,0
DA:57,0
DA:62,0
DA:63,0
DA:64,0
DA:65,0
DA:66,0
DA:67,0
DA:68,0
DA:70,0
DA:74,0
LF:28
LH:0
BRDA:13,0,0,0
BRDA:13,0,1,0
BRDA:33,1,0,0
BRDA:33,1,1,0
BRDA:34,2,0,0
BRDA:34,2,1,0
BRDA:46,3,0,0
BRDA:46,3,1,0
BRDA:51,4,0,0
BRDA:51,4,1,0
BRDA:62,5,0,0
BRDA:62,5,1,0
BRF:12
BRH:0
end_of_record
